<!DOCTYPE html>
<html>
  <head>
    <meta charset="utf-8"/>
    <title id="head-title">pytest_250402.html</title>
      <link href="assets\style.css" rel="stylesheet" type="text/css"/>
  </head>
  <body>
    <h1 id="title">pytest_250402.html</h1>
    <p>Report generated on 02-Apr-2025 at 16:06:25 by <a href="https://pypi.python.org/pypi/pytest-html">pytest-html</a>
        v4.1.1</p>
    <div id="environment-header">
      <h2>Environment</h2>
    </div>
    <table id="environment"></table>
    <!-- TEMPLATES -->
      <template id="template_environment_row">
      <tr>
        <td></td>
        <td></td>
      </tr>
    </template>
    <template id="template_results-table__body--empty">
      <tbody class="results-table-row">
        <tr id="not-found-message">
          <td colspan="4">No results found. Check the filters.</th>
        </tr>
    </template>
    <template id="template_results-table__tbody">
      <tbody class="results-table-row">
        <tr class="collapsible">
        </tr>
        <tr class="extras-row">
          <td class="extra" colspan="4">
            <div class="extraHTML"></div>
            <div class="media">
              <div class="media-container">
                  <div class="media-container__nav--left"><</div>
                  <div class="media-container__viewport">
                    <img src="" />
                    <video controls>
                      <source src="" type="video/mp4">
                    </video>
                  </div>
                  <div class="media-container__nav--right">></div>
                </div>
                <div class="media__name"></div>
                <div class="media__counter"></div>
            </div>
            <div class="logwrapper">
              <div class="logexpander"></div>
              <div class="log"></div>
            </div>
          </td>
        </tr>
      </tbody>
    </template>
    <!-- END TEMPLATES -->
    <div class="summary">
      <div class="summary__data">
        <h2>Summary</h2>
        <div class="additional-summary prefix">
        </div>
        <p class="run-count">81 tests took 00:16:60.</p>
        <p class="filter">(Un)check the boxes to filter the results.</p>
        <div class="summary__reload">
          <div class="summary__reload__button hidden" onclick="location.reload()">
            <div>There are still tests running. <br />Reload this page to get the latest results!</div>
          </div>
        </div>
        <div class="summary__spacer"></div>
        <div class="controls">
          <div class="filters">
            <input checked="true" class="filter" name="filter_checkbox" type="checkbox" data-test-result="failed" />
            <span class="failed">10 Failed,</span>
            <input checked="true" class="filter" name="filter_checkbox" type="checkbox" data-test-result="passed" />
            <span class="passed">71 Passed,</span>
            <input checked="true" class="filter" name="filter_checkbox" type="checkbox" data-test-result="skipped" />
            <span class="skipped">9 Skipped,</span>
            <input checked="true" class="filter" name="filter_checkbox" type="checkbox" data-test-result="xfailed" disabled/>
            <span class="xfailed">0 Expected failures,</span>
            <input checked="true" class="filter" name="filter_checkbox" type="checkbox" data-test-result="xpassed" disabled/>
            <span class="xpassed">0 Unexpected passes,</span>
            <input checked="true" class="filter" name="filter_checkbox" type="checkbox" data-test-result="error" disabled/>
            <span class="error">0 Errors,</span>
            <input checked="true" class="filter" name="filter_checkbox" type="checkbox" data-test-result="rerun" disabled/>
            <span class="rerun">0 Reruns</span>
          </div>
          <div class="collapse">
            <button id="show_all_details">Show all details</button>&nbsp;/&nbsp;<button id="hide_all_details">Hide all details</button>
          </div>
        </div>
      </div>
      <div class="additional-summary summary">
      </div>
      <div class="additional-summary postfix">
      </div>
    </div>
    <table id="results-table">
      <thead id="results-table-head">
        <tr>
          <th class="sortable" data-column-type="result">Result</th>
          <th class="sortable" data-column-type="testId">Test</th>
          <th class="sortable" data-column-type="duration">Duration</th>
          <th>Links</th>
        </tr>
      </thead>
    </table>
  </body>
  <footer>
    <div id="data-container" data-jsonblob="{&#34;environment&#34;: {&#34;Python&#34;: &#34;3.12.9&#34;, &#34;Platform&#34;: &#34;Windows-11-10.0.26100-SP0&#34;, &#34;Packages&#34;: {&#34;pytest&#34;: &#34;8.3.5&#34;, &#34;pluggy&#34;: &#34;1.5.0&#34;}, &#34;Plugins&#34;: {&#34;html&#34;: &#34;4.1.1&#34;, &#34;metadata&#34;: &#34;3.1.1&#34;}, &#34;JAVA_HOME&#34;: &#34;C:\\dev\\java\\jdk-17.0.8&#34;}, &#34;tests&#34;: {&#34;tests/test_history_page.py::TestHistoryPage::test_history_001&#34;: [{&#34;extras&#34;: [], &#34;result&#34;: &#34;Passed&#34;, &#34;testId&#34;: &#34;tests/test_history_page.py::TestHistoryPage::test_history_001&#34;, &#34;duration&#34;: &#34;00:00:10&#34;, &#34;resultsTableRow&#34;: [&#34;&lt;td class=\&#34;col-result\&#34;&gt;Passed&lt;/td&gt;&#34;, &#34;&lt;td class=\&#34;col-testId\&#34;&gt;tests/test_history_page.py::TestHistoryPage::test_history_001&lt;/td&gt;&#34;, &#34;&lt;td class=\&#34;col-duration\&#34;&gt;00:00:10&lt;/td&gt;&#34;, &#34;&lt;td class=\&#34;col-links\&#34;&gt;&lt;/td&gt;&#34;], &#34;log&#34;: &#34;----------------------------- Captured stdout call -----------------------------\n\u2705 test_history_001 \uc131\uacf5\n\n------------------------------ Captured log call -------------------------------\nINFO     src.utils.log_util:log_util.py:41 \u2705 test_history_001 \uc131\uacf5\n\n&#34;}], &#34;tests/test_history_page.py::TestHistoryPage::test_history_002&#34;: [{&#34;extras&#34;: [], &#34;result&#34;: &#34;Passed&#34;, &#34;testId&#34;: &#34;tests/test_history_page.py::TestHistoryPage::test_history_002&#34;, &#34;duration&#34;: &#34;00:00:14&#34;, &#34;resultsTableRow&#34;: [&#34;&lt;td class=\&#34;col-result\&#34;&gt;Passed&lt;/td&gt;&#34;, &#34;&lt;td class=\&#34;col-testId\&#34;&gt;tests/test_history_page.py::TestHistoryPage::test_history_002&lt;/td&gt;&#34;, &#34;&lt;td class=\&#34;col-duration\&#34;&gt;00:00:14&lt;/td&gt;&#34;, &#34;&lt;td class=\&#34;col-links\&#34;&gt;&lt;/td&gt;&#34;], &#34;log&#34;: &#34;----------------------------- Captured stdout call -----------------------------\n\u2705 test_history_002 \uc131\uacf5\n\n------------------------------ Captured log call -------------------------------\nINFO     src.utils.log_util:log_util.py:41 \u2705 test_history_002 \uc131\uacf5\n\n&#34;}], &#34;tests/test_history_page.py::TestHistoryPage::test_history_003&#34;: [{&#34;extras&#34;: [], &#34;result&#34;: &#34;Passed&#34;, &#34;testId&#34;: &#34;tests/test_history_page.py::TestHistoryPage::test_history_003&#34;, &#34;duration&#34;: &#34;00:00:09&#34;, &#34;resultsTableRow&#34;: [&#34;&lt;td class=\&#34;col-result\&#34;&gt;Passed&lt;/td&gt;&#34;, &#34;&lt;td class=\&#34;col-testId\&#34;&gt;tests/test_history_page.py::TestHistoryPage::test_history_003&lt;/td&gt;&#34;, &#34;&lt;td class=\&#34;col-duration\&#34;&gt;00:00:09&lt;/td&gt;&#34;, &#34;&lt;td class=\&#34;col-links\&#34;&gt;&lt;/td&gt;&#34;], &#34;log&#34;: &#34;----------------------------- Captured stdout call -----------------------------\n\u2705 test_history_003 \uc131\uacf5\n\n------------------------------ Captured log call -------------------------------\nINFO     src.utils.log_util:log_util.py:41 \u2705 test_history_003 \uc131\uacf5\n\n&#34;}], &#34;tests/test_history_page.py::TestHistoryPage::test_history_004&#34;: [{&#34;extras&#34;: [], &#34;result&#34;: &#34;Passed&#34;, &#34;testId&#34;: &#34;tests/test_history_page.py::TestHistoryPage::test_history_004&#34;, &#34;duration&#34;: &#34;00:00:10&#34;, &#34;resultsTableRow&#34;: [&#34;&lt;td class=\&#34;col-result\&#34;&gt;Passed&lt;/td&gt;&#34;, &#34;&lt;td class=\&#34;col-testId\&#34;&gt;tests/test_history_page.py::TestHistoryPage::test_history_004&lt;/td&gt;&#34;, &#34;&lt;td class=\&#34;col-duration\&#34;&gt;00:00:10&lt;/td&gt;&#34;, &#34;&lt;td class=\&#34;col-links\&#34;&gt;&lt;/td&gt;&#34;], &#34;log&#34;: &#34;----------------------------- Captured stdout call -----------------------------\n\u2705 test_history_004 \uc131\uacf5\n\n------------------------------ Captured log call -------------------------------\nINFO     src.utils.log_util:log_util.py:41 \u2705 test_history_004 \uc131\uacf5\n\n&#34;}], &#34;tests/test_history_page.py::TestHistoryPage::test_history_005&#34;: [{&#34;extras&#34;: [], &#34;result&#34;: &#34;Passed&#34;, &#34;testId&#34;: &#34;tests/test_history_page.py::TestHistoryPage::test_history_005&#34;, &#34;duration&#34;: &#34;00:00:25&#34;, &#34;resultsTableRow&#34;: [&#34;&lt;td class=\&#34;col-result\&#34;&gt;Passed&lt;/td&gt;&#34;, &#34;&lt;td class=\&#34;col-testId\&#34;&gt;tests/test_history_page.py::TestHistoryPage::test_history_005&lt;/td&gt;&#34;, &#34;&lt;td class=\&#34;col-duration\&#34;&gt;00:00:25&lt;/td&gt;&#34;, &#34;&lt;td class=\&#34;col-links\&#34;&gt;&lt;/td&gt;&#34;], &#34;log&#34;: &#34;----------------------------- Captured stdout call -----------------------------\n\u2705 test_history_005 \uc131\uacf5\n\n------------------------------ Captured log call -------------------------------\nINFO     src.utils.log_util:log_util.py:41 \u2705 test_history_005 \uc131\uacf5\n\n&#34;}], &#34;tests/test_history_page.py::TestHistoryPage::test_history_006&#34;: [{&#34;extras&#34;: [], &#34;result&#34;: &#34;Passed&#34;, &#34;testId&#34;: &#34;tests/test_history_page.py::TestHistoryPage::test_history_006&#34;, &#34;duration&#34;: &#34;00:00:11&#34;, &#34;resultsTableRow&#34;: [&#34;&lt;td class=\&#34;col-result\&#34;&gt;Passed&lt;/td&gt;&#34;, &#34;&lt;td class=\&#34;col-testId\&#34;&gt;tests/test_history_page.py::TestHistoryPage::test_history_006&lt;/td&gt;&#34;, &#34;&lt;td class=\&#34;col-duration\&#34;&gt;00:00:11&lt;/td&gt;&#34;, &#34;&lt;td class=\&#34;col-links\&#34;&gt;&lt;/td&gt;&#34;], &#34;log&#34;: &#34;----------------------------- Captured stdout call -----------------------------\n\u2705 test_history_006 \uc131\uacf5\n\n------------------------------ Captured log call -------------------------------\nINFO     src.utils.log_util:log_util.py:41 \u2705 test_history_006 \uc131\uacf5\n\n&#34;}], &#34;tests/test_history_page.py::TestHistoryPage::test_history_007&#34;: [{&#34;extras&#34;: [], &#34;result&#34;: &#34;Passed&#34;, &#34;testId&#34;: &#34;tests/test_history_page.py::TestHistoryPage::test_history_007&#34;, &#34;duration&#34;: &#34;00:00:22&#34;, &#34;resultsTableRow&#34;: [&#34;&lt;td class=\&#34;col-result\&#34;&gt;Passed&lt;/td&gt;&#34;, &#34;&lt;td class=\&#34;col-testId\&#34;&gt;tests/test_history_page.py::TestHistoryPage::test_history_007&lt;/td&gt;&#34;, &#34;&lt;td class=\&#34;col-duration\&#34;&gt;00:00:22&lt;/td&gt;&#34;, &#34;&lt;td class=\&#34;col-links\&#34;&gt;&lt;/td&gt;&#34;], &#34;log&#34;: &#34;----------------------------- Captured stdout call -----------------------------\n\uc2a4\ud06c\ub864\n\uc2a4\ud06c\ub864\n\uc2a4\ud06c\ub864\n\u2705 test_history_007 \uc131\uacf5\n\n------------------------------ Captured log call -------------------------------\nINFO     src.utils.log_util:log_util.py:41 \u2705 test_history_007 \uc131\uacf5\n\n&#34;}], &#34;tests/test_history_page.py::TestHistoryPage::test_history_008&#34;: [{&#34;extras&#34;: [], &#34;result&#34;: &#34;Passed&#34;, &#34;testId&#34;: &#34;tests/test_history_page.py::TestHistoryPage::test_history_008&#34;, &#34;duration&#34;: &#34;00:00:13&#34;, &#34;resultsTableRow&#34;: [&#34;&lt;td class=\&#34;col-result\&#34;&gt;Passed&lt;/td&gt;&#34;, &#34;&lt;td class=\&#34;col-testId\&#34;&gt;tests/test_history_page.py::TestHistoryPage::test_history_008&lt;/td&gt;&#34;, &#34;&lt;td class=\&#34;col-duration\&#34;&gt;00:00:13&lt;/td&gt;&#34;, &#34;&lt;td class=\&#34;col-links\&#34;&gt;&lt;/td&gt;&#34;], &#34;log&#34;: &#34;----------------------------- Captured stdout call -----------------------------\n\u2705 test_history_008 \uc131\uacf5\n\n------------------------------ Captured log call -------------------------------\nINFO     src.utils.log_util:log_util.py:41 \u2705 test_history_008 \uc131\uacf5\n\n&#34;}], &#34;tests/test_history_page.py::TestHistoryPage::test_history_009&#34;: [{&#34;extras&#34;: [], &#34;result&#34;: &#34;Failed&#34;, &#34;testId&#34;: &#34;tests/test_history_page.py::TestHistoryPage::test_history_009&#34;, &#34;duration&#34;: &#34;00:00:25&#34;, &#34;resultsTableRow&#34;: [&#34;&lt;td class=\&#34;col-result\&#34;&gt;Failed&lt;/td&gt;&#34;, &#34;&lt;td class=\&#34;col-testId\&#34;&gt;tests/test_history_page.py::TestHistoryPage::test_history_009&lt;/td&gt;&#34;, &#34;&lt;td class=\&#34;col-duration\&#34;&gt;00:00:25&lt;/td&gt;&#34;, &#34;&lt;td class=\&#34;col-links\&#34;&gt;&lt;/td&gt;&#34;], &#34;log&#34;: &#34;self = &amp;lt;tests.test_history_page.TestHistoryPage object at 0x000001EAE7C759A0&amp;gt;\ndriver = &amp;lt;selenium.webdriver.chrome.webdriver.WebDriver (session=&amp;quot;9ec711404806907fe5126392e9e69700&amp;quot;)&amp;gt;\n\n    def test_history_009(self, driver):\n        try:\n            web_utils = WebUtils(driver)\n            verify_helpers = VerifyHelpers(driver)\n            history_page = HistoryPage(driver)\n    \n            after_review_btn_key = [&amp;quot;history_pg_btn_after_review&amp;quot;]\n    \n            web_utils.open_url()\n            web_utils.login(login_data[&amp;quot;review_email&amp;quot;], login_data[&amp;quot;password&amp;quot;])\n    \n            web_utils.click_tab_history()\n            before_btn_index = verify_helpers.click_elem_with_infinity_scroll(By.CSS_SELECTOR, &amp;#x27;button.bg-main-black&amp;#x27;)\n    \n&amp;gt;           web_utils.review_image_upload()\n\ntests\\test_history_page.py:316: \n_ _ _ _ _ _ _ _ _ _ _ _ _ _ _ _ _ _ _ _ _ _ _ _ _ _ _ _ _ _ _ _ _ _ _ _ _ _ _ _ _ _ _ _ _ _ _ _ _ _ _ _ _ _ _ _ _ _ _ _ _ _ _ _ _ _ _ _ _ _ _ _ _ _ _ _ _ _ _ _ \nsrc\\utils\\helpers.py:227: in review_image_upload\n    upload_input = self.driver.find_element(By. CSS_SELECTOR, &amp;#x27;input.hidden&amp;#x27;)\nC:\\Users\\GB\\AppData\\Local\\Programs\\Python\\Python312\\Lib\\site-packages\\selenium\\webdriver\\remote\\webdriver.py:888: in find_element\n    return self.execute(Command.FIND_ELEMENT, {&amp;quot;using&amp;quot;: by, &amp;quot;value&amp;quot;: value})[&amp;quot;value&amp;quot;]\nC:\\Users\\GB\\AppData\\Local\\Programs\\Python\\Python312\\Lib\\site-packages\\selenium\\webdriver\\remote\\webdriver.py:429: in execute\n    self.error_handler.check_response(response)\n_ _ _ _ _ _ _ _ _ _ _ _ _ _ _ _ _ _ _ _ _ _ _ _ _ _ _ _ _ _ _ _ _ _ _ _ _ _ _ _ _ _ _ _ _ _ _ _ _ _ _ _ _ _ _ _ _ _ _ _ _ _ _ _ _ _ _ _ _ _ _ _ _ _ _ _ _ _ _ _ \n\nself = &amp;lt;selenium.webdriver.remote.errorhandler.ErrorHandler object at 0x000001EAE7E0D1C0&amp;gt;\nresponse = {&amp;#x27;status&amp;#x27;: 404, &amp;#x27;value&amp;#x27;: &amp;#x27;{&amp;quot;value&amp;quot;:{&amp;quot;error&amp;quot;:&amp;quot;no such element&amp;quot;,&amp;quot;message&amp;quot;:&amp;quot;no such element: Unable to locate element: {\\...07FF7C3DBEAA9]\\\\n\\\\tBaseThreadInitThunk [0x00007FF81542E8D7+23]\\\\n\\\\tRtlUserThreadStart [0x00007FF816A1BF6C+44]\\\\n&amp;quot;}}&amp;#x27;}\n\n    def check_response(self, response: Dict[str, Any]) -&amp;gt; None:\n        &amp;quot;&amp;quot;&amp;quot;Checks that a JSON response from the WebDriver does not have an\n        error.\n    \n        :Args:\n         - response - The JSON response from the WebDriver server as a dictionary\n           object.\n    \n        :Raises: If the response contains an error message.\n        &amp;quot;&amp;quot;&amp;quot;\n        status = response.get(&amp;quot;status&amp;quot;, None)\n        if not status or status == ErrorCode.SUCCESS:\n            return\n        value = None\n        message = response.get(&amp;quot;message&amp;quot;, &amp;quot;&amp;quot;)\n        screen: str = response.get(&amp;quot;screen&amp;quot;, &amp;quot;&amp;quot;)\n        stacktrace = None\n        if isinstance(status, int):\n            value_json = response.get(&amp;quot;value&amp;quot;, None)\n            if value_json and isinstance(value_json, str):\n                import json\n    \n                try:\n                    value = json.loads(value_json)\n                    if len(value) == 1:\n                        value = value[&amp;quot;value&amp;quot;]\n                    status = value.get(&amp;quot;error&amp;quot;, None)\n                    if not status:\n                        status = value.get(&amp;quot;status&amp;quot;, ErrorCode.UNKNOWN_ERROR)\n                        message = value.get(&amp;quot;value&amp;quot;) or value.get(&amp;quot;message&amp;quot;)\n                        if not isinstance(message, str):\n                            value = message\n                            message = message.get(&amp;quot;message&amp;quot;)\n                    else:\n                        message = value.get(&amp;quot;message&amp;quot;, None)\n                except ValueError:\n                    pass\n    \n        exception_class: Type[WebDriverException]\n        e = ErrorCode()\n        error_codes = [item for item in dir(e) if not item.startswith(&amp;quot;__&amp;quot;)]\n        for error_code in error_codes:\n            error_info = getattr(ErrorCode, error_code)\n            if isinstance(error_info, list) and status in error_info:\n                exception_class = getattr(ExceptionMapping, error_code, WebDriverException)\n                break\n        else:\n            exception_class = WebDriverException\n    \n        if not value:\n            value = response[&amp;quot;value&amp;quot;]\n        if isinstance(value, str):\n            raise exception_class(value)\n        if message == &amp;quot;&amp;quot; and &amp;quot;message&amp;quot; in value:\n            message = value[&amp;quot;message&amp;quot;]\n    \n        screen = None  # type: ignore[assignment]\n        if &amp;quot;screen&amp;quot; in value:\n            screen = value[&amp;quot;screen&amp;quot;]\n    \n        stacktrace = None\n        st_value = value.get(&amp;quot;stackTrace&amp;quot;) or value.get(&amp;quot;stacktrace&amp;quot;)\n        if st_value:\n            if isinstance(st_value, str):\n                stacktrace = st_value.split(&amp;quot;\\n&amp;quot;)\n            else:\n                stacktrace = []\n                try:\n                    for frame in st_value:\n                        line = frame.get(&amp;quot;lineNumber&amp;quot;, &amp;quot;&amp;quot;)\n                        file = frame.get(&amp;quot;fileName&amp;quot;, &amp;quot;&amp;lt;anonymous&amp;gt;&amp;quot;)\n                        if line:\n                            file = f&amp;quot;{file}:{line}&amp;quot;\n                        meth = frame.get(&amp;quot;methodName&amp;quot;, &amp;quot;&amp;lt;anonymous&amp;gt;&amp;quot;)\n                        if &amp;quot;className&amp;quot; in frame:\n                            meth = f&amp;quot;{frame[&amp;#x27;className&amp;#x27;]}.{meth}&amp;quot;\n                        msg = &amp;quot;    at %s (%s)&amp;quot;\n                        msg = msg % (meth, file)\n                        stacktrace.append(msg)\n                except TypeError:\n                    pass\n        if exception_class == UnexpectedAlertPresentException:\n            alert_text = None\n            if &amp;quot;data&amp;quot; in value:\n                alert_text = value[&amp;quot;data&amp;quot;].get(&amp;quot;text&amp;quot;)\n            elif &amp;quot;alert&amp;quot; in value:\n                alert_text = value[&amp;quot;alert&amp;quot;].get(&amp;quot;text&amp;quot;)\n            raise exception_class(message, screen, stacktrace, alert_text)  # type: ignore[call-arg]  # mypy is not smart enough here\n&amp;gt;       raise exception_class(message, screen, stacktrace)\nE       selenium.common.exceptions.NoSuchElementException: Message: no such element: Unable to locate element: {&amp;quot;method&amp;quot;:&amp;quot;css selector&amp;quot;,&amp;quot;selector&amp;quot;:&amp;quot;input.hidden&amp;quot;}\nE         (Session info: chrome=134.0.6998.178); For documentation on this error, please visit: https://www.selenium.dev/documentation/webdriver/troubleshooting/errors#no-such-element-exception\nE       Stacktrace:\nE       \tGetHandleVerifier [0x00007FF7C4164C25+3179557]\nE       \t(No symbol) [0x00007FF7C3DC88A0]\nE       \t(No symbol) [0x00007FF7C3C591CA]\nE       \t(No symbol) [0x00007FF7C3CAFA67]\nE       \t(No symbol) [0x00007FF7C3CAFC9C]\nE       \t(No symbol) [0x00007FF7C3D03627]\nE       \t(No symbol) [0x00007FF7C3CD7C6F]\nE       \t(No symbol) [0x00007FF7C3D002F3]\nE       \t(No symbol) [0x00007FF7C3CD7A03]\nE       \t(No symbol) [0x00007FF7C3CA06D0]\nE       \t(No symbol) [0x00007FF7C3CA1983]\nE       \tGetHandleVerifier [0x00007FF7C41C67CD+3579853]\nE       \tGetHandleVerifier [0x00007FF7C41DD1D2+3672530]\nE       \tGetHandleVerifier [0x00007FF7C41D2153+3627347]\nE       \tGetHandleVerifier [0x00007FF7C3F3092A+868650]\nE       \t(No symbol) [0x00007FF7C3DD2FFF]\nE       \t(No symbol) [0x00007FF7C3DCF4A4]\nE       \t(No symbol) [0x00007FF7C3DCF646]\nE       \t(No symbol) [0x00007FF7C3DBEAA9]\nE       \tBaseThreadInitThunk [0x00007FF81542E8D7+23]\nE       \tRtlUserThreadStart [0x00007FF816A1BF6C+44]\n\nC:\\Users\\GB\\AppData\\Local\\Programs\\Python\\Python312\\Lib\\site-packages\\selenium\\webdriver\\remote\\errorhandler.py:232: NoSuchElementException\n\n----------------------------- Captured stdout call -----------------------------\n\u274c test_history_009 - Message: no such element: Unable to locate element: {&amp;quot;method&amp;quot;:&amp;quot;css selector&amp;quot;,&amp;quot;selector&amp;quot;:&amp;quot;input.hidden&amp;quot;}\n  (Session info: chrome=134.0.6998.178); For documentation on this error, please visit: https://www.selenium.dev/documentation/webdriver/troubleshooting/errors#no-such-element-exception\nStacktrace:\n\tGetHandleVerifier [0x00007FF7C4164C25+3179557]\n\t(No symbol) [0x00007FF7C3DC88A0]\n\t(No symbol) [0x00007FF7C3C591CA]\n\t(No symbol) [0x00007FF7C3CAFA67]\n\t(No symbol) [0x00007FF7C3CAFC9C]\n\t(No symbol) [0x00007FF7C3D03627]\n\t(No symbol) [0x00007FF7C3CD7C6F]\n\t(No symbol) [0x00007FF7C3D002F3]\n\t(No symbol) [0x00007FF7C3CD7A03]\n\t(No symbol) [0x00007FF7C3CA06D0]\n\t(No symbol) [0x00007FF7C3CA1983]\n\tGetHandleVerifier [0x00007FF7C41C67CD+3579853]\n\tGetHandleVerifier [0x00007FF7C41DD1D2+3672530]\n\tGetHandleVerifier [0x00007FF7C41D2153+3627347]\n\tGetHandleVerifier [0x00007FF7C3F3092A+868650]\n\t(No symbol) [0x00007FF7C3DD2FFF]\n\t(No symbol) [0x00007FF7C3DCF4A4]\n\t(No symbol) [0x00007FF7C3DCF646]\n\t(No symbol) [0x00007FF7C3DBEAA9]\n\tBaseThreadInitThunk [0x00007FF81542E8D7+23]\n\tRtlUserThreadStart [0x00007FF816A1BF6C+44]\n\n\ud83d\udcf8 \uc2a4\ud06c\ub9b0\uc0f7 \uc800\uc7a5: C:\\Users\\GB\\Desktop\\KHY\\REPOS\\eliceproject_qa04\\reports\\screenshots\\test_history_009_20250402_155016.png\n\n------------------------------ Captured log call -------------------------------\nERROR    src.utils.log_util:log_util.py:50 \u274c test_history_009 - Message: no such element: Unable to locate element: {&amp;quot;method&amp;quot;:&amp;quot;css selector&amp;quot;,&amp;quot;selector&amp;quot;:&amp;quot;input.hidden&amp;quot;}\n  (Session info: chrome=134.0.6998.178); For documentation on this error, please visit: https://www.selenium.dev/documentation/webdriver/troubleshooting/errors#no-such-element-exception\nStacktrace:\n\tGetHandleVerifier [0x00007FF7C4164C25+3179557]\n\t(No symbol) [0x00007FF7C3DC88A0]\n\t(No symbol) [0x00007FF7C3C591CA]\n\t(No symbol) [0x00007FF7C3CAFA67]\n\t(No symbol) [0x00007FF7C3CAFC9C]\n\t(No symbol) [0x00007FF7C3D03627]\n\t(No symbol) [0x00007FF7C3CD7C6F]\n\t(No symbol) [0x00007FF7C3D002F3]\n\t(No symbol) [0x00007FF7C3CD7A03]\n\t(No symbol) [0x00007FF7C3CA06D0]\n\t(No symbol) [0x00007FF7C3CA1983]\n\tGetHandleVerifier [0x00007FF7C41C67CD+3579853]\n\tGetHandleVerifier [0x00007FF7C41DD1D2+3672530]\n\tGetHandleVerifier [0x00007FF7C41D2153+3627347]\n\tGetHandleVerifier [0x00007FF7C3F3092A+868650]\n\t(No symbol) [0x00007FF7C3DD2FFF]\n\t(No symbol) [0x00007FF7C3DCF4A4]\n\t(No symbol) [0x00007FF7C3DCF646]\n\t(No symbol) [0x00007FF7C3DBEAA9]\n\tBaseThreadInitThunk [0x00007FF81542E8D7+23]\n\tRtlUserThreadStart [0x00007FF816A1BF6C+44]\n\n&#34;}], &#34;tests/test_history_page.py::TestHistoryPage::test_history_010&#34;: [{&#34;extras&#34;: [], &#34;result&#34;: &#34;Passed&#34;, &#34;testId&#34;: &#34;tests/test_history_page.py::TestHistoryPage::test_history_010&#34;, &#34;duration&#34;: &#34;00:00:21&#34;, &#34;resultsTableRow&#34;: [&#34;&lt;td class=\&#34;col-result\&#34;&gt;Passed&lt;/td&gt;&#34;, &#34;&lt;td class=\&#34;col-testId\&#34;&gt;tests/test_history_page.py::TestHistoryPage::test_history_010&lt;/td&gt;&#34;, &#34;&lt;td class=\&#34;col-duration\&#34;&gt;00:00:21&lt;/td&gt;&#34;, &#34;&lt;td class=\&#34;col-links\&#34;&gt;&lt;/td&gt;&#34;], &#34;log&#34;: &#34;----------------------------- Captured stdout call -----------------------------\n\u2705 test_history_010 \uc131\uacf5\n\n------------------------------ Captured log call -------------------------------\nINFO     src.utils.log_util:log_util.py:41 \u2705 test_history_010 \uc131\uacf5\n\n&#34;}], &#34;tests/test_home_page.py::TestHomePage::test_home_001&#34;: [{&#34;extras&#34;: [], &#34;result&#34;: &#34;Passed&#34;, &#34;testId&#34;: &#34;tests/test_home_page.py::TestHomePage::test_home_001&#34;, &#34;duration&#34;: &#34;00:00:13&#34;, &#34;resultsTableRow&#34;: [&#34;&lt;td class=\&#34;col-result\&#34;&gt;Passed&lt;/td&gt;&#34;, &#34;&lt;td class=\&#34;col-testId\&#34;&gt;tests/test_home_page.py::TestHomePage::test_home_001&lt;/td&gt;&#34;, &#34;&lt;td class=\&#34;col-duration\&#34;&gt;00:00:13&lt;/td&gt;&#34;, &#34;&lt;td class=\&#34;col-links\&#34;&gt;&lt;/td&gt;&#34;], &#34;log&#34;: &#34;----------------------------- Captured stdout call -----------------------------\n\u2705 test_home_001 \uc131\uacf5\n\n------------------------------ Captured log call -------------------------------\nINFO     src.utils.log_util:log_util.py:41 \u2705 test_home_001 \uc131\uacf5\n\n&#34;}], &#34;tests/test_home_page.py::TestHomePage::test_home_002&#34;: [{&#34;extras&#34;: [], &#34;result&#34;: &#34;Passed&#34;, &#34;testId&#34;: &#34;tests/test_home_page.py::TestHomePage::test_home_002&#34;, &#34;duration&#34;: &#34;00:00:07&#34;, &#34;resultsTableRow&#34;: [&#34;&lt;td class=\&#34;col-result\&#34;&gt;Passed&lt;/td&gt;&#34;, &#34;&lt;td class=\&#34;col-testId\&#34;&gt;tests/test_home_page.py::TestHomePage::test_home_002&lt;/td&gt;&#34;, &#34;&lt;td class=\&#34;col-duration\&#34;&gt;00:00:07&lt;/td&gt;&#34;, &#34;&lt;td class=\&#34;col-links\&#34;&gt;&lt;/td&gt;&#34;], &#34;log&#34;: &#34;----------------------------- Captured stdout call -----------------------------\n\u2705 test_home_002 \uc131\uacf5\n\n------------------------------ Captured log call -------------------------------\nINFO     src.utils.log_util:log_util.py:41 \u2705 test_home_002 \uc131\uacf5\n\n&#34;}], &#34;tests/test_home_page.py::TestHomePage::test_home_003&#34;: [{&#34;extras&#34;: [], &#34;result&#34;: &#34;Passed&#34;, &#34;testId&#34;: &#34;tests/test_home_page.py::TestHomePage::test_home_003&#34;, &#34;duration&#34;: &#34;00:00:13&#34;, &#34;resultsTableRow&#34;: [&#34;&lt;td class=\&#34;col-result\&#34;&gt;Passed&lt;/td&gt;&#34;, &#34;&lt;td class=\&#34;col-testId\&#34;&gt;tests/test_home_page.py::TestHomePage::test_home_003&lt;/td&gt;&#34;, &#34;&lt;td class=\&#34;col-duration\&#34;&gt;00:00:13&lt;/td&gt;&#34;, &#34;&lt;td class=\&#34;col-links\&#34;&gt;&lt;/td&gt;&#34;], &#34;log&#34;: &#34;----------------------------- Captured stdout call -----------------------------\n\u2705 test_home_003 \uc131\uacf5\n\n------------------------------ Captured log call -------------------------------\nINFO     src.utils.log_util:log_util.py:41 \u2705 test_home_003 \uc131\uacf5\n\n&#34;}], &#34;tests/test_home_page.py::TestHomePage::test_home_004&#34;: [{&#34;extras&#34;: [], &#34;result&#34;: &#34;Passed&#34;, &#34;testId&#34;: &#34;tests/test_home_page.py::TestHomePage::test_home_004&#34;, &#34;duration&#34;: &#34;00:00:09&#34;, &#34;resultsTableRow&#34;: [&#34;&lt;td class=\&#34;col-result\&#34;&gt;Passed&lt;/td&gt;&#34;, &#34;&lt;td class=\&#34;col-testId\&#34;&gt;tests/test_home_page.py::TestHomePage::test_home_004&lt;/td&gt;&#34;, &#34;&lt;td class=\&#34;col-duration\&#34;&gt;00:00:09&lt;/td&gt;&#34;, &#34;&lt;td class=\&#34;col-links\&#34;&gt;&lt;/td&gt;&#34;], &#34;log&#34;: &#34;----------------------------- Captured stdout call -----------------------------\n\u2705 test_home_004 \uc131\uacf5\n\n------------------------------ Captured log call -------------------------------\nINFO     src.utils.log_util:log_util.py:41 \u2705 test_home_004 \uc131\uacf5\n\n&#34;}], &#34;tests/test_home_page.py::TestHomePage::test_home_005&#34;: [{&#34;extras&#34;: [], &#34;result&#34;: &#34;Passed&#34;, &#34;testId&#34;: &#34;tests/test_home_page.py::TestHomePage::test_home_005&#34;, &#34;duration&#34;: &#34;00:00:13&#34;, &#34;resultsTableRow&#34;: [&#34;&lt;td class=\&#34;col-result\&#34;&gt;Passed&lt;/td&gt;&#34;, &#34;&lt;td class=\&#34;col-testId\&#34;&gt;tests/test_home_page.py::TestHomePage::test_home_005&lt;/td&gt;&#34;, &#34;&lt;td class=\&#34;col-duration\&#34;&gt;00:00:13&lt;/td&gt;&#34;, &#34;&lt;td class=\&#34;col-links\&#34;&gt;&lt;/td&gt;&#34;], &#34;log&#34;: &#34;----------------------------- Captured stdout call -----------------------------\n\u2705 test_home_005 \uc131\uacf5\n\n------------------------------ Captured log call -------------------------------\nINFO     src.utils.log_util:log_util.py:41 \u2705 test_home_005 \uc131\uacf5\n\n&#34;}], &#34;tests/test_home_page.py::TestHomePage::test_home_006&#34;: [{&#34;extras&#34;: [], &#34;result&#34;: &#34;Passed&#34;, &#34;testId&#34;: &#34;tests/test_home_page.py::TestHomePage::test_home_006&#34;, &#34;duration&#34;: &#34;00:00:09&#34;, &#34;resultsTableRow&#34;: [&#34;&lt;td class=\&#34;col-result\&#34;&gt;Passed&lt;/td&gt;&#34;, &#34;&lt;td class=\&#34;col-testId\&#34;&gt;tests/test_home_page.py::TestHomePage::test_home_006&lt;/td&gt;&#34;, &#34;&lt;td class=\&#34;col-duration\&#34;&gt;00:00:09&lt;/td&gt;&#34;, &#34;&lt;td class=\&#34;col-links\&#34;&gt;&lt;/td&gt;&#34;], &#34;log&#34;: &#34;----------------------------- Captured stdout call -----------------------------\n\u2705 test_home_006 \uc131\uacf5\n\n------------------------------ Captured log call -------------------------------\nINFO     src.utils.log_util:log_util.py:41 \u2705 test_home_006 \uc131\uacf5\n\n&#34;}], &#34;tests/test_home_page.py::TestHomePage::test_home_007&#34;: [{&#34;extras&#34;: [], &#34;result&#34;: &#34;Passed&#34;, &#34;testId&#34;: &#34;tests/test_home_page.py::TestHomePage::test_home_007&#34;, &#34;duration&#34;: &#34;00:00:14&#34;, &#34;resultsTableRow&#34;: [&#34;&lt;td class=\&#34;col-result\&#34;&gt;Passed&lt;/td&gt;&#34;, &#34;&lt;td class=\&#34;col-testId\&#34;&gt;tests/test_home_page.py::TestHomePage::test_home_007&lt;/td&gt;&#34;, &#34;&lt;td class=\&#34;col-duration\&#34;&gt;00:00:14&lt;/td&gt;&#34;, &#34;&lt;td class=\&#34;col-links\&#34;&gt;&lt;/td&gt;&#34;], &#34;log&#34;: &#34;----------------------------- Captured stdout call -----------------------------\n\u2705 test_home_007 \uc131\uacf5\n\n------------------------------ Captured log call -------------------------------\nINFO     src.utils.log_util:log_util.py:41 \u2705 test_home_007 \uc131\uacf5\n\n&#34;}], &#34;tests/test_home_page.py::TestHomePage::test_home_008&#34;: [{&#34;extras&#34;: [], &#34;result&#34;: &#34;Failed&#34;, &#34;testId&#34;: &#34;tests/test_home_page.py::TestHomePage::test_home_008&#34;, &#34;duration&#34;: &#34;00:00:08&#34;, &#34;resultsTableRow&#34;: [&#34;&lt;td class=\&#34;col-result\&#34;&gt;Failed&lt;/td&gt;&#34;, &#34;&lt;td class=\&#34;col-testId\&#34;&gt;tests/test_home_page.py::TestHomePage::test_home_008&lt;/td&gt;&#34;, &#34;&lt;td class=\&#34;col-duration\&#34;&gt;00:00:08&lt;/td&gt;&#34;, &#34;&lt;td class=\&#34;col-links\&#34;&gt;&lt;/td&gt;&#34;], &#34;log&#34;: &#34;self = &amp;lt;tests.test_home_page.TestHomePage object at 0x000001EAE7C77350&amp;gt;\ndriver = &amp;lt;selenium.webdriver.chrome.webdriver.WebDriver (session=&amp;quot;b57cec1bfc4357547c1f97a75a102d70&amp;quot;)&amp;gt;\n\n    def test_home_008(self, driver: WebDriver):\n        try:\n            util = WebUtils(driver)\n            home = HomePage(driver)\n            select_option = SelectOptionPage(driver)\n            menu_rcm = RecommendationPage(driver)\n    \n            util.open_url()\n            util.login(login_data[&amp;quot;no_review_email&amp;quot;], login_data[&amp;quot;password&amp;quot;])\n            ws(driver, 5).until(\n                EC.presence_of_element_located((By.CSS_SELECTOR, home.eat_alone_btn_css_selector))\n            )\n    \n            home.open_eat_alone()\n            ws(driver, 5).until(\n                EC.presence_of_element_located((By.CSS_SELECTOR, select_option.dropdown_css_selector))\n            )\n    \n            select_option.click_category_dropdown()\n            select_option.click_category_dropdown_option_randomly()\n            select_option.click_done_button()\n            ws(driver, 5).until(\n                EC.presence_of_element_located((By.CSS_SELECTOR, self.food_image_css_selector))\n            )\n    \n            previous_menu = driver.find_element(By.CSS_SELECTOR, self.menu_text_css_selector).text.strip()\n            util.scroll_to_element(By.XPATH, menu_rcm.refresh_recommendation_btn_xpath)\n            util.click_element(By.XPATH, menu_rcm.refresh_recommendation_btn_xpath)\n            ws(driver, 5).until(\n                EC.presence_of_element_located((By.CSS_SELECTOR, self.food_image_css_selector))\n            )\n    \n            driver.execute_script(&amp;quot;window.scrollTo(0, 0);&amp;quot;)\n&amp;gt;           new_menu = driver.find_element(By.CSS_SELECTOR, self.menu_text_css_selector).text.strip()\n\ntests\\test_home_page.py:401: \n_ _ _ _ _ _ _ _ _ _ _ _ _ _ _ _ _ _ _ _ _ _ _ _ _ _ _ _ _ _ _ _ _ _ _ _ _ _ _ _ _ _ _ _ _ _ _ _ _ _ _ _ _ _ _ _ _ _ _ _ _ _ _ _ _ _ _ _ _ _ _ _ _ _ _ _ _ _ _ _ \nC:\\Users\\GB\\AppData\\Local\\Programs\\Python\\Python312\\Lib\\site-packages\\selenium\\webdriver\\remote\\webelement.py:109: in text\n    return self._execute(Command.GET_ELEMENT_TEXT)[&amp;quot;value&amp;quot;]\nC:\\Users\\GB\\AppData\\Local\\Programs\\Python\\Python312\\Lib\\site-packages\\selenium\\webdriver\\remote\\webelement.py:570: in _execute\n    return self._parent.execute(command, params)\nC:\\Users\\GB\\AppData\\Local\\Programs\\Python\\Python312\\Lib\\site-packages\\selenium\\webdriver\\remote\\webdriver.py:429: in execute\n    self.error_handler.check_response(response)\n_ _ _ _ _ _ _ _ _ _ _ _ _ _ _ _ _ _ _ _ _ _ _ _ _ _ _ _ _ _ _ _ _ _ _ _ _ _ _ _ _ _ _ _ _ _ _ _ _ _ _ _ _ _ _ _ _ _ _ _ _ _ _ _ _ _ _ _ _ _ _ _ _ _ _ _ _ _ _ _ \n\nself = &amp;lt;selenium.webdriver.remote.errorhandler.ErrorHandler object at 0x000001EAE817EEA0&amp;gt;\nresponse = {&amp;#x27;status&amp;#x27;: 404, &amp;#x27;value&amp;#x27;: &amp;#x27;{&amp;quot;value&amp;quot;:{&amp;quot;error&amp;quot;:&amp;quot;stale element reference&amp;quot;,&amp;quot;message&amp;quot;:&amp;quot;stale element reference: stale elemen...07FF7C3DBEAA9]\\\\n\\\\tBaseThreadInitThunk [0x00007FF81542E8D7+23]\\\\n\\\\tRtlUserThreadStart [0x00007FF816A1BF6C+44]\\\\n&amp;quot;}}&amp;#x27;}\n\n    def check_response(self, response: Dict[str, Any]) -&amp;gt; None:\n        &amp;quot;&amp;quot;&amp;quot;Checks that a JSON response from the WebDriver does not have an\n        error.\n    \n        :Args:\n         - response - The JSON response from the WebDriver server as a dictionary\n           object.\n    \n        :Raises: If the response contains an error message.\n        &amp;quot;&amp;quot;&amp;quot;\n        status = response.get(&amp;quot;status&amp;quot;, None)\n        if not status or status == ErrorCode.SUCCESS:\n            return\n        value = None\n        message = response.get(&amp;quot;message&amp;quot;, &amp;quot;&amp;quot;)\n        screen: str = response.get(&amp;quot;screen&amp;quot;, &amp;quot;&amp;quot;)\n        stacktrace = None\n        if isinstance(status, int):\n            value_json = response.get(&amp;quot;value&amp;quot;, None)\n            if value_json and isinstance(value_json, str):\n                import json\n    \n                try:\n                    value = json.loads(value_json)\n                    if len(value) == 1:\n                        value = value[&amp;quot;value&amp;quot;]\n                    status = value.get(&amp;quot;error&amp;quot;, None)\n                    if not status:\n                        status = value.get(&amp;quot;status&amp;quot;, ErrorCode.UNKNOWN_ERROR)\n                        message = value.get(&amp;quot;value&amp;quot;) or value.get(&amp;quot;message&amp;quot;)\n                        if not isinstance(message, str):\n                            value = message\n                            message = message.get(&amp;quot;message&amp;quot;)\n                    else:\n                        message = value.get(&amp;quot;message&amp;quot;, None)\n                except ValueError:\n                    pass\n    \n        exception_class: Type[WebDriverException]\n        e = ErrorCode()\n        error_codes = [item for item in dir(e) if not item.startswith(&amp;quot;__&amp;quot;)]\n        for error_code in error_codes:\n            error_info = getattr(ErrorCode, error_code)\n            if isinstance(error_info, list) and status in error_info:\n                exception_class = getattr(ExceptionMapping, error_code, WebDriverException)\n                break\n        else:\n            exception_class = WebDriverException\n    \n        if not value:\n            value = response[&amp;quot;value&amp;quot;]\n        if isinstance(value, str):\n            raise exception_class(value)\n        if message == &amp;quot;&amp;quot; and &amp;quot;message&amp;quot; in value:\n            message = value[&amp;quot;message&amp;quot;]\n    \n        screen = None  # type: ignore[assignment]\n        if &amp;quot;screen&amp;quot; in value:\n            screen = value[&amp;quot;screen&amp;quot;]\n    \n        stacktrace = None\n        st_value = value.get(&amp;quot;stackTrace&amp;quot;) or value.get(&amp;quot;stacktrace&amp;quot;)\n        if st_value:\n            if isinstance(st_value, str):\n                stacktrace = st_value.split(&amp;quot;\\n&amp;quot;)\n            else:\n                stacktrace = []\n                try:\n                    for frame in st_value:\n                        line = frame.get(&amp;quot;lineNumber&amp;quot;, &amp;quot;&amp;quot;)\n                        file = frame.get(&amp;quot;fileName&amp;quot;, &amp;quot;&amp;lt;anonymous&amp;gt;&amp;quot;)\n                        if line:\n                            file = f&amp;quot;{file}:{line}&amp;quot;\n                        meth = frame.get(&amp;quot;methodName&amp;quot;, &amp;quot;&amp;lt;anonymous&amp;gt;&amp;quot;)\n                        if &amp;quot;className&amp;quot; in frame:\n                            meth = f&amp;quot;{frame[&amp;#x27;className&amp;#x27;]}.{meth}&amp;quot;\n                        msg = &amp;quot;    at %s (%s)&amp;quot;\n                        msg = msg % (meth, file)\n                        stacktrace.append(msg)\n                except TypeError:\n                    pass\n        if exception_class == UnexpectedAlertPresentException:\n            alert_text = None\n            if &amp;quot;data&amp;quot; in value:\n                alert_text = value[&amp;quot;data&amp;quot;].get(&amp;quot;text&amp;quot;)\n            elif &amp;quot;alert&amp;quot; in value:\n                alert_text = value[&amp;quot;alert&amp;quot;].get(&amp;quot;text&amp;quot;)\n            raise exception_class(message, screen, stacktrace, alert_text)  # type: ignore[call-arg]  # mypy is not smart enough here\n&amp;gt;       raise exception_class(message, screen, stacktrace)\nE       selenium.common.exceptions.StaleElementReferenceException: Message: stale element reference: stale element not found in the current frame\nE         (Session info: chrome=134.0.6998.178); For documentation on this error, please visit: https://www.selenium.dev/documentation/webdriver/troubleshooting/errors#stale-element-reference-exception\nE       Stacktrace:\nE       \tGetHandleVerifier [0x00007FF7C4164C25+3179557]\nE       \t(No symbol) [0x00007FF7C3DC88A0]\nE       \t(No symbol) [0x00007FF7C3C591CA]\nE       \t(No symbol) [0x00007FF7C3C60B98]\nE       \t(No symbol) [0x00007FF7C3C63BCC]\nE       \t(No symbol) [0x00007FF7C3C63C9F]\nE       \t(No symbol) [0x00007FF7C3CA96A6]\nE       \t(No symbol) [0x00007FF7C3CD7C2A]\nE       \t(No symbol) [0x00007FF7C3CA22D6]\nE       \t(No symbol) [0x00007FF7C3CD7E40]\nE       \t(No symbol) [0x00007FF7C3D002F3]\nE       \t(No symbol) [0x00007FF7C3CD7A03]\nE       \t(No symbol) [0x00007FF7C3CA06D0]\nE       \t(No symbol) [0x00007FF7C3CA1983]\nE       \tGetHandleVerifier [0x00007FF7C41C67CD+3579853]\nE       \tGetHandleVerifier [0x00007FF7C41DD1D2+3672530]\nE       \tGetHandleVerifier [0x00007FF7C41D2153+3627347]\nE       \tGetHandleVerifier [0x00007FF7C3F3092A+868650]\nE       \t(No symbol) [0x00007FF7C3DD2FFF]\nE       \t(No symbol) [0x00007FF7C3DCF4A4]\nE       \t(No symbol) [0x00007FF7C3DCF646]\nE       \t(No symbol) [0x00007FF7C3DBEAA9]\nE       \tBaseThreadInitThunk [0x00007FF81542E8D7+23]\nE       \tRtlUserThreadStart [0x00007FF816A1BF6C+44]\n\nC:\\Users\\GB\\AppData\\Local\\Programs\\Python\\Python312\\Lib\\site-packages\\selenium\\webdriver\\remote\\errorhandler.py:232: StaleElementReferenceException\n\n----------------------------- Captured stdout call -----------------------------\n\u274c test_home_008 - Message: stale element reference: stale element not found in the current frame\n  (Session info: chrome=134.0.6998.178); For documentation on this error, please visit: https://www.selenium.dev/documentation/webdriver/troubleshooting/errors#stale-element-reference-exception\nStacktrace:\n\tGetHandleVerifier [0x00007FF7C4164C25+3179557]\n\t(No symbol) [0x00007FF7C3DC88A0]\n\t(No symbol) [0x00007FF7C3C591CA]\n\t(No symbol) [0x00007FF7C3C60B98]\n\t(No symbol) [0x00007FF7C3C63BCC]\n\t(No symbol) [0x00007FF7C3C63C9F]\n\t(No symbol) [0x00007FF7C3CA96A6]\n\t(No symbol) [0x00007FF7C3CD7C2A]\n\t(No symbol) [0x00007FF7C3CA22D6]\n\t(No symbol) [0x00007FF7C3CD7E40]\n\t(No symbol) [0x00007FF7C3D002F3]\n\t(No symbol) [0x00007FF7C3CD7A03]\n\t(No symbol) [0x00007FF7C3CA06D0]\n\t(No symbol) [0x00007FF7C3CA1983]\n\tGetHandleVerifier [0x00007FF7C41C67CD+3579853]\n\tGetHandleVerifier [0x00007FF7C41DD1D2+3672530]\n\tGetHandleVerifier [0x00007FF7C41D2153+3627347]\n\tGetHandleVerifier [0x00007FF7C3F3092A+868650]\n\t(No symbol) [0x00007FF7C3DD2FFF]\n\t(No symbol) [0x00007FF7C3DCF4A4]\n\t(No symbol) [0x00007FF7C3DCF646]\n\t(No symbol) [0x00007FF7C3DBEAA9]\n\tBaseThreadInitThunk [0x00007FF81542E8D7+23]\n\tRtlUserThreadStart [0x00007FF816A1BF6C+44]\n\n\ud83d\udcf8 \uc2a4\ud06c\ub9b0\uc0f7 \uc800\uc7a5: C:\\Users\\GB\\Desktop\\KHY\\REPOS\\eliceproject_qa04\\reports\\screenshots\\test_home_008_20250402_155203.png\n\n------------------------------ Captured log call -------------------------------\nERROR    src.utils.log_util:log_util.py:50 \u274c test_home_008 - Message: stale element reference: stale element not found in the current frame\n  (Session info: chrome=134.0.6998.178); For documentation on this error, please visit: https://www.selenium.dev/documentation/webdriver/troubleshooting/errors#stale-element-reference-exception\nStacktrace:\n\tGetHandleVerifier [0x00007FF7C4164C25+3179557]\n\t(No symbol) [0x00007FF7C3DC88A0]\n\t(No symbol) [0x00007FF7C3C591CA]\n\t(No symbol) [0x00007FF7C3C60B98]\n\t(No symbol) [0x00007FF7C3C63BCC]\n\t(No symbol) [0x00007FF7C3C63C9F]\n\t(No symbol) [0x00007FF7C3CA96A6]\n\t(No symbol) [0x00007FF7C3CD7C2A]\n\t(No symbol) [0x00007FF7C3CA22D6]\n\t(No symbol) [0x00007FF7C3CD7E40]\n\t(No symbol) [0x00007FF7C3D002F3]\n\t(No symbol) [0x00007FF7C3CD7A03]\n\t(No symbol) [0x00007FF7C3CA06D0]\n\t(No symbol) [0x00007FF7C3CA1983]\n\tGetHandleVerifier [0x00007FF7C41C67CD+3579853]\n\tGetHandleVerifier [0x00007FF7C41DD1D2+3672530]\n\tGetHandleVerifier [0x00007FF7C41D2153+3627347]\n\tGetHandleVerifier [0x00007FF7C3F3092A+868650]\n\t(No symbol) [0x00007FF7C3DD2FFF]\n\t(No symbol) [0x00007FF7C3DCF4A4]\n\t(No symbol) [0x00007FF7C3DCF646]\n\t(No symbol) [0x00007FF7C3DBEAA9]\n\tBaseThreadInitThunk [0x00007FF81542E8D7+23]\n\tRtlUserThreadStart [0x00007FF816A1BF6C+44]\n\n&#34;}], &#34;tests/test_home_page.py::TestHomePage::test_home_009&#34;: [{&#34;extras&#34;: [], &#34;result&#34;: &#34;Passed&#34;, &#34;testId&#34;: &#34;tests/test_home_page.py::TestHomePage::test_home_009&#34;, &#34;duration&#34;: &#34;00:00:10&#34;, &#34;resultsTableRow&#34;: [&#34;&lt;td class=\&#34;col-result\&#34;&gt;Passed&lt;/td&gt;&#34;, &#34;&lt;td class=\&#34;col-testId\&#34;&gt;tests/test_home_page.py::TestHomePage::test_home_009&lt;/td&gt;&#34;, &#34;&lt;td class=\&#34;col-duration\&#34;&gt;00:00:10&lt;/td&gt;&#34;, &#34;&lt;td class=\&#34;col-links\&#34;&gt;&lt;/td&gt;&#34;], &#34;log&#34;: &#34;----------------------------- Captured stdout call -----------------------------\n\u2705 test_home_009 \uc131\uacf5\n\n------------------------------ Captured log call -------------------------------\nINFO     src.utils.log_util:log_util.py:41 \u2705 test_home_009 \uc131\uacf5\n\n&#34;}], &#34;tests/test_home_page.py::TestHomePage::test_home_010&#34;: [{&#34;extras&#34;: [], &#34;result&#34;: &#34;Passed&#34;, &#34;testId&#34;: &#34;tests/test_home_page.py::TestHomePage::test_home_010&#34;, &#34;duration&#34;: &#34;00:00:14&#34;, &#34;resultsTableRow&#34;: [&#34;&lt;td class=\&#34;col-result\&#34;&gt;Passed&lt;/td&gt;&#34;, &#34;&lt;td class=\&#34;col-testId\&#34;&gt;tests/test_home_page.py::TestHomePage::test_home_010&lt;/td&gt;&#34;, &#34;&lt;td class=\&#34;col-duration\&#34;&gt;00:00:14&lt;/td&gt;&#34;, &#34;&lt;td class=\&#34;col-links\&#34;&gt;&lt;/td&gt;&#34;], &#34;log&#34;: &#34;----------------------------- Captured stdout call -----------------------------\n\u2705 test_home_010 \uc131\uacf5\n\n------------------------------ Captured log call -------------------------------\nINFO     src.utils.log_util:log_util.py:41 \u2705 test_home_010 \uc131\uacf5\n\n&#34;}], &#34;tests/test_home_page.py::TestHomePage::test_home_011&#34;: [{&#34;extras&#34;: [], &#34;result&#34;: &#34;Passed&#34;, &#34;testId&#34;: &#34;tests/test_home_page.py::TestHomePage::test_home_011&#34;, &#34;duration&#34;: &#34;00:00:08&#34;, &#34;resultsTableRow&#34;: [&#34;&lt;td class=\&#34;col-result\&#34;&gt;Passed&lt;/td&gt;&#34;, &#34;&lt;td class=\&#34;col-testId\&#34;&gt;tests/test_home_page.py::TestHomePage::test_home_011&lt;/td&gt;&#34;, &#34;&lt;td class=\&#34;col-duration\&#34;&gt;00:00:08&lt;/td&gt;&#34;, &#34;&lt;td class=\&#34;col-links\&#34;&gt;&lt;/td&gt;&#34;], &#34;log&#34;: &#34;----------------------------- Captured stdout call -----------------------------\n\u2705 test_home_011 \uc131\uacf5\n\n------------------------------ Captured log call -------------------------------\nINFO     src.utils.log_util:log_util.py:41 \u2705 test_home_011 \uc131\uacf5\n\n&#34;}], &#34;tests/test_home_page.py::TestHomePage::test_home_012&#34;: [{&#34;extras&#34;: [], &#34;result&#34;: &#34;Passed&#34;, &#34;testId&#34;: &#34;tests/test_home_page.py::TestHomePage::test_home_012&#34;, &#34;duration&#34;: &#34;00:00:14&#34;, &#34;resultsTableRow&#34;: [&#34;&lt;td class=\&#34;col-result\&#34;&gt;Passed&lt;/td&gt;&#34;, &#34;&lt;td class=\&#34;col-testId\&#34;&gt;tests/test_home_page.py::TestHomePage::test_home_012&lt;/td&gt;&#34;, &#34;&lt;td class=\&#34;col-duration\&#34;&gt;00:00:14&lt;/td&gt;&#34;, &#34;&lt;td class=\&#34;col-links\&#34;&gt;&lt;/td&gt;&#34;], &#34;log&#34;: &#34;----------------------------- Captured stdout call -----------------------------\n\u2705 test_home_012 \uc131\uacf5\n\n------------------------------ Captured log call -------------------------------\nINFO     src.utils.log_util:log_util.py:41 \u2705 test_home_012 \uc131\uacf5\n\n&#34;}], &#34;tests/test_home_page.py::TestHomePage::test_home_013&#34;: [{&#34;extras&#34;: [], &#34;result&#34;: &#34;Passed&#34;, &#34;testId&#34;: &#34;tests/test_home_page.py::TestHomePage::test_home_013&#34;, &#34;duration&#34;: &#34;00:00:08&#34;, &#34;resultsTableRow&#34;: [&#34;&lt;td class=\&#34;col-result\&#34;&gt;Passed&lt;/td&gt;&#34;, &#34;&lt;td class=\&#34;col-testId\&#34;&gt;tests/test_home_page.py::TestHomePage::test_home_013&lt;/td&gt;&#34;, &#34;&lt;td class=\&#34;col-duration\&#34;&gt;00:00:08&lt;/td&gt;&#34;, &#34;&lt;td class=\&#34;col-links\&#34;&gt;&lt;/td&gt;&#34;], &#34;log&#34;: &#34;----------------------------- Captured stdout call -----------------------------\n\u2705 test_home_013 \uc131\uacf5\n\n------------------------------ Captured log call -------------------------------\nINFO     src.utils.log_util:log_util.py:41 \u2705 test_home_013 \uc131\uacf5\n\n&#34;}], &#34;tests/test_home_page.py::TestHomePage::test_home_014&#34;: [{&#34;extras&#34;: [], &#34;result&#34;: &#34;Passed&#34;, &#34;testId&#34;: &#34;tests/test_home_page.py::TestHomePage::test_home_014&#34;, &#34;duration&#34;: &#34;00:00:12&#34;, &#34;resultsTableRow&#34;: [&#34;&lt;td class=\&#34;col-result\&#34;&gt;Passed&lt;/td&gt;&#34;, &#34;&lt;td class=\&#34;col-testId\&#34;&gt;tests/test_home_page.py::TestHomePage::test_home_014&lt;/td&gt;&#34;, &#34;&lt;td class=\&#34;col-duration\&#34;&gt;00:00:12&lt;/td&gt;&#34;, &#34;&lt;td class=\&#34;col-links\&#34;&gt;&lt;/td&gt;&#34;], &#34;log&#34;: &#34;----------------------------- Captured stdout call -----------------------------\n\u2705 test_home_014 \uc131\uacf5\n\n------------------------------ Captured log call -------------------------------\nINFO     src.utils.log_util:log_util.py:41 \u2705 test_home_014 \uc131\uacf5\n\n&#34;}], &#34;tests/test_home_page.py::TestHomePage::test_home_015&#34;: [{&#34;extras&#34;: [], &#34;result&#34;: &#34;Passed&#34;, &#34;testId&#34;: &#34;tests/test_home_page.py::TestHomePage::test_home_015&#34;, &#34;duration&#34;: &#34;00:00:09&#34;, &#34;resultsTableRow&#34;: [&#34;&lt;td class=\&#34;col-result\&#34;&gt;Passed&lt;/td&gt;&#34;, &#34;&lt;td class=\&#34;col-testId\&#34;&gt;tests/test_home_page.py::TestHomePage::test_home_015&lt;/td&gt;&#34;, &#34;&lt;td class=\&#34;col-duration\&#34;&gt;00:00:09&lt;/td&gt;&#34;, &#34;&lt;td class=\&#34;col-links\&#34;&gt;&lt;/td&gt;&#34;], &#34;log&#34;: &#34;----------------------------- Captured stdout call -----------------------------\n\u2705 test_home_015 \uc131\uacf5\n\n------------------------------ Captured log call -------------------------------\nINFO     src.utils.log_util:log_util.py:41 \u2705 test_home_015 \uc131\uacf5\n\n&#34;}], &#34;tests/test_home_page.py::TestHomePage::test_home_016&#34;: [{&#34;extras&#34;: [], &#34;result&#34;: &#34;Passed&#34;, &#34;testId&#34;: &#34;tests/test_home_page.py::TestHomePage::test_home_016&#34;, &#34;duration&#34;: &#34;00:00:14&#34;, &#34;resultsTableRow&#34;: [&#34;&lt;td class=\&#34;col-result\&#34;&gt;Passed&lt;/td&gt;&#34;, &#34;&lt;td class=\&#34;col-testId\&#34;&gt;tests/test_home_page.py::TestHomePage::test_home_016&lt;/td&gt;&#34;, &#34;&lt;td class=\&#34;col-duration\&#34;&gt;00:00:14&lt;/td&gt;&#34;, &#34;&lt;td class=\&#34;col-links\&#34;&gt;&lt;/td&gt;&#34;], &#34;log&#34;: &#34;----------------------------- Captured stdout call -----------------------------\n\u2705 test_home_016 \uc131\uacf5\n\n------------------------------ Captured log call -------------------------------\nINFO     src.utils.log_util:log_util.py:41 \u2705 test_home_016 \uc131\uacf5\n\n&#34;}], &#34;tests/test_home_page.py::TestHomePage::test_home_017&#34;: [{&#34;extras&#34;: [], &#34;result&#34;: &#34;Passed&#34;, &#34;testId&#34;: &#34;tests/test_home_page.py::TestHomePage::test_home_017&#34;, &#34;duration&#34;: &#34;00:00:14&#34;, &#34;resultsTableRow&#34;: [&#34;&lt;td class=\&#34;col-result\&#34;&gt;Passed&lt;/td&gt;&#34;, &#34;&lt;td class=\&#34;col-testId\&#34;&gt;tests/test_home_page.py::TestHomePage::test_home_017&lt;/td&gt;&#34;, &#34;&lt;td class=\&#34;col-duration\&#34;&gt;00:00:14&lt;/td&gt;&#34;, &#34;&lt;td class=\&#34;col-links\&#34;&gt;&lt;/td&gt;&#34;], &#34;log&#34;: &#34;----------------------------- Captured stdout call -----------------------------\n\u2705 test_home_017 \uc131\uacf5\n\n------------------------------ Captured log call -------------------------------\nINFO     src.utils.log_util:log_util.py:41 \u2705 test_home_017 \uc131\uacf5\n\n&#34;}], &#34;tests/test_home_page.py::TestHomePage::test_home_018&#34;: [{&#34;extras&#34;: [], &#34;result&#34;: &#34;Passed&#34;, &#34;testId&#34;: &#34;tests/test_home_page.py::TestHomePage::test_home_018&#34;, &#34;duration&#34;: &#34;00:00:15&#34;, &#34;resultsTableRow&#34;: [&#34;&lt;td class=\&#34;col-result\&#34;&gt;Passed&lt;/td&gt;&#34;, &#34;&lt;td class=\&#34;col-testId\&#34;&gt;tests/test_home_page.py::TestHomePage::test_home_018&lt;/td&gt;&#34;, &#34;&lt;td class=\&#34;col-duration\&#34;&gt;00:00:15&lt;/td&gt;&#34;, &#34;&lt;td class=\&#34;col-links\&#34;&gt;&lt;/td&gt;&#34;], &#34;log&#34;: &#34;----------------------------- Captured stdout call -----------------------------\n\u2705 test_home_018 \uc131\uacf5\n\n------------------------------ Captured log call -------------------------------\nINFO     src.utils.log_util:log_util.py:41 \u2705 test_home_018 \uc131\uacf5\n\n&#34;}], &#34;tests/test_home_page.py::TestHomePage::test_home_019&#34;: [{&#34;extras&#34;: [], &#34;result&#34;: &#34;Passed&#34;, &#34;testId&#34;: &#34;tests/test_home_page.py::TestHomePage::test_home_019&#34;, &#34;duration&#34;: &#34;00:00:19&#34;, &#34;resultsTableRow&#34;: [&#34;&lt;td class=\&#34;col-result\&#34;&gt;Passed&lt;/td&gt;&#34;, &#34;&lt;td class=\&#34;col-testId\&#34;&gt;tests/test_home_page.py::TestHomePage::test_home_019&lt;/td&gt;&#34;, &#34;&lt;td class=\&#34;col-duration\&#34;&gt;00:00:19&lt;/td&gt;&#34;, &#34;&lt;td class=\&#34;col-links\&#34;&gt;&lt;/td&gt;&#34;], &#34;log&#34;: &#34;----------------------------- Captured stdout call -----------------------------\n\u2705 test_home_019 \uc131\uacf5\n\n------------------------------ Captured log call -------------------------------\nINFO     src.utils.log_util:log_util.py:41 \u2705 test_home_019 \uc131\uacf5\n\n&#34;}], &#34;tests/test_home_page.py::TestHomePage::test_home_020&#34;: [{&#34;extras&#34;: [], &#34;result&#34;: &#34;Failed&#34;, &#34;testId&#34;: &#34;tests/test_home_page.py::TestHomePage::test_home_020&#34;, &#34;duration&#34;: &#34;00:00:10&#34;, &#34;resultsTableRow&#34;: [&#34;&lt;td class=\&#34;col-result\&#34;&gt;Failed&lt;/td&gt;&#34;, &#34;&lt;td class=\&#34;col-testId\&#34;&gt;tests/test_home_page.py::TestHomePage::test_home_020&lt;/td&gt;&#34;, &#34;&lt;td class=\&#34;col-duration\&#34;&gt;00:00:10&lt;/td&gt;&#34;, &#34;&lt;td class=\&#34;col-links\&#34;&gt;&lt;/td&gt;&#34;], &#34;log&#34;: &#34;self = &amp;lt;tests.test_home_page.TestHomePage object at 0x000001EAE7CB4380&amp;gt;\ndriver = &amp;lt;selenium.webdriver.chrome.webdriver.WebDriver (session=&amp;quot;ae09162fb1dff2095c4bde56ae65a152&amp;quot;)&amp;gt;\n\n    def test_home_020(self, driver: WebDriver):\n        try:\n            util = WebUtils(driver)\n            home = HomePage(driver)\n            select_option = SelectOptionPage(driver)\n            menu_rcm = RecommendationPage(driver)\n    \n            util.open_url()\n            util.login(login_data[&amp;quot;no_review_email&amp;quot;], login_data[&amp;quot;password&amp;quot;])\n            ws(driver, 5).until(\n                EC.presence_of_element_located((By.CSS_SELECTOR, home.eat_together_btn_css_selector))\n            )\n    \n            home.open_eat_together()\n            ws(driver, 5).until(\n                EC.presence_of_element_located((By.CSS_SELECTOR, select_option.dropdown_css_selector))\n            )\n    \n            select_option.click_category_dropdown()\n            select_option.click_category_dropdown_option_randomly()\n    \n            driver.execute_script(&amp;quot;window.scrollTo(0, document.body.scrollHeight);&amp;quot;)\n            user_list = driver.find_elements(By.CSS_SELECTOR, self.user_list_css_selector)\n            random_user = random.choice(user_list)\n            random_user = ws(driver, 10).until(\n                EC.element_to_be_clickable(random_user)\n            )\n            driver.execute_script(&amp;quot;arguments[0].scrollIntoView(true);&amp;quot;, random_user)\n            driver.execute_script(&amp;quot;arguments[0].click();&amp;quot;, random_user)\n    \n            select_option.click_done_button()\n            ws(driver, 5).until(\n                EC.presence_of_element_located((By.CSS_SELECTOR, self.food_image_css_selector))\n            )\n    \n            previous_menu = driver.find_element(By.CSS_SELECTOR, self.menu_text_css_selector).text.strip()\n            util.scroll_to_element(By.XPATH, menu_rcm.refresh_recommendation_btn_xpath)\n            util.click_element(By.XPATH, menu_rcm.refresh_recommendation_btn_xpath)\n            ws(driver, 5).until(\n                EC.presence_of_element_located((By.CSS_SELECTOR, self.food_image_css_selector))\n            )\n    \n            driver.execute_script(&amp;quot;window.scrollTo(0, 0);&amp;quot;)\n            new_menu = driver.find_element(By.CSS_SELECTOR, self.menu_text_css_selector).text.strip()\n    \n&amp;gt;           assert previous_menu != new_menu\nE           AssertionError: assert &amp;#x27;\ub0a0\uce58\uc54c\uae40\ubc25&amp;#x27; != &amp;#x27;\ub0a0\uce58\uc54c\uae40\ubc25&amp;#x27;\n\ntests\\test_home_page.py:993: AssertionError\n\n----------------------------- Captured stdout call -----------------------------\n\u274c test_home_020 - assert &amp;#x27;\ub0a0\uce58\uc54c\uae40\ubc25&amp;#x27; != &amp;#x27;\ub0a0\uce58\uc54c\uae40\ubc25&amp;#x27;\n\ud83d\udcf8 \uc2a4\ud06c\ub9b0\uc0f7 \uc800\uc7a5: C:\\Users\\GB\\Desktop\\KHY\\REPOS\\eliceproject_qa04\\reports\\screenshots\\test_home_020_20250402_155454.png\n\n------------------------------ Captured log call -------------------------------\nERROR    src.utils.log_util:log_util.py:50 \u274c test_home_020 - assert &amp;#x27;\ub0a0\uce58\uc54c\uae40\ubc25&amp;#x27; != &amp;#x27;\ub0a0\uce58\uc54c\uae40\ubc25&amp;#x27;\n\n&#34;}], &#34;tests/test_home_page.py::TestHomePage::test_home_021&#34;: [{&#34;extras&#34;: [], &#34;result&#34;: &#34;Passed&#34;, &#34;testId&#34;: &#34;tests/test_home_page.py::TestHomePage::test_home_021&#34;, &#34;duration&#34;: &#34;00:00:10&#34;, &#34;resultsTableRow&#34;: [&#34;&lt;td class=\&#34;col-result\&#34;&gt;Passed&lt;/td&gt;&#34;, &#34;&lt;td class=\&#34;col-testId\&#34;&gt;tests/test_home_page.py::TestHomePage::test_home_021&lt;/td&gt;&#34;, &#34;&lt;td class=\&#34;col-duration\&#34;&gt;00:00:10&lt;/td&gt;&#34;, &#34;&lt;td class=\&#34;col-links\&#34;&gt;&lt;/td&gt;&#34;], &#34;log&#34;: &#34;----------------------------- Captured stdout call -----------------------------\n\u2705 test_home_021 \uc131\uacf5\n\n------------------------------ Captured log call -------------------------------\nINFO     src.utils.log_util:log_util.py:41 \u2705 test_home_021 \uc131\uacf5\n\n&#34;}], &#34;tests/test_home_page.py::TestHomePage::test_home_022&#34;: [{&#34;extras&#34;: [], &#34;result&#34;: &#34;Failed&#34;, &#34;testId&#34;: &#34;tests/test_home_page.py::TestHomePage::test_home_022&#34;, &#34;duration&#34;: &#34;00:00:28&#34;, &#34;resultsTableRow&#34;: [&#34;&lt;td class=\&#34;col-result\&#34;&gt;Failed&lt;/td&gt;&#34;, &#34;&lt;td class=\&#34;col-testId\&#34;&gt;tests/test_home_page.py::TestHomePage::test_home_022&lt;/td&gt;&#34;, &#34;&lt;td class=\&#34;col-duration\&#34;&gt;00:00:28&lt;/td&gt;&#34;, &#34;&lt;td class=\&#34;col-links\&#34;&gt;&lt;/td&gt;&#34;], &#34;log&#34;: &#34;self = &amp;lt;tests.test_home_page.TestHomePage object at 0x000001EAE7CB4740&amp;gt;\ndriver = &amp;lt;selenium.webdriver.chrome.webdriver.WebDriver (session=&amp;quot;526478e105275f9f56b1882feffdb0aa&amp;quot;)&amp;gt;\n\n    def test_home_022(self, driver: WebDriver):\n        try:\n            util = WebUtils(driver)\n            home = HomePage(driver)\n            select_option = SelectOptionPage(driver)\n            menu_rcm = RecommendationPage(driver)\n    \n            util.open_url()\n            util.login(login_data[&amp;quot;no_review_email&amp;quot;], login_data[&amp;quot;password&amp;quot;])\n            ws(driver, 5).until(\n                EC.presence_of_element_located((By.CSS_SELECTOR, home.eat_together_btn_css_selector))\n            )\n    \n            home.open_eat_together()\n            ws(driver, 5).until(\n                EC.presence_of_element_located((By.CSS_SELECTOR, select_option.dropdown_css_selector))\n            )\n    \n            select_option.click_category_dropdown()\n            select_option.click_category_dropdown_option_randomly()\n    \n            driver.execute_script(&amp;quot;window.scrollTo(0, document.body.scrollHeight);&amp;quot;)\n            user_list = driver.find_elements(By.CSS_SELECTOR, self.user_list_css_selector)\n            random_user = random.choice(user_list)\n            random_user = ws(driver, 10).until(\n                EC.element_to_be_clickable(random_user)\n            )\n            driver.execute_script(&amp;quot;arguments[0].scrollIntoView(true);&amp;quot;, random_user)\n            driver.execute_script(&amp;quot;arguments[0].click();&amp;quot;, random_user)\n    \n            select_option.click_done_button()\n            ws(driver, 5).until(\n                EC.presence_of_element_located((By.CSS_SELECTOR, self.food_image_css_selector))\n            )\n    \n            util.scroll_to_element(By.XPATH, menu_rcm.refresh_recommendation_btn_xpath)\n            util.click_element(By.XPATH, menu_rcm.refresh_recommendation_btn_xpath)\n            ws(driver, 5).until(\n                EC.presence_of_element_located((By.CSS_SELECTOR, self.food_image_css_selector))\n            )\n    \n            util.scroll_to_element(By.XPATH, menu_rcm.accept_recommendation_btn_xpath)\n&amp;gt;           menu_rcm.click_accept_recommendation_button()\n\ntests\\test_home_page.py:1109: \n_ _ _ _ _ _ _ _ _ _ _ _ _ _ _ _ _ _ _ _ _ _ _ _ _ _ _ _ _ _ _ _ _ _ _ _ _ _ _ _ _ _ _ _ _ _ _ _ _ _ _ _ _ _ _ _ _ _ _ _ _ _ _ _ _ _ _ _ _ _ _ _ _ _ _ _ _ _ _ _ \nsrc\\pages\\home_page.py:81: in click_accept_recommendation_button\n    self.click_element(By.XPATH, self.accept_recommendation_btn_xpath)\nsrc\\utils\\helpers.py:44: in click_element\n    element.click()\nC:\\Users\\GB\\AppData\\Local\\Programs\\Python\\Python312\\Lib\\site-packages\\selenium\\webdriver\\remote\\webelement.py:119: in click\n    self._execute(Command.CLICK_ELEMENT)\nC:\\Users\\GB\\AppData\\Local\\Programs\\Python\\Python312\\Lib\\site-packages\\selenium\\webdriver\\remote\\webelement.py:570: in _execute\n    return self._parent.execute(command, params)\nC:\\Users\\GB\\AppData\\Local\\Programs\\Python\\Python312\\Lib\\site-packages\\selenium\\webdriver\\remote\\webdriver.py:429: in execute\n    self.error_handler.check_response(response)\n_ _ _ _ _ _ _ _ _ _ _ _ _ _ _ _ _ _ _ _ _ _ _ _ _ _ _ _ _ _ _ _ _ _ _ _ _ _ _ _ _ _ _ _ _ _ _ _ _ _ _ _ _ _ _ _ _ _ _ _ _ _ _ _ _ _ _ _ _ _ _ _ _ _ _ _ _ _ _ _ \n\nself = &amp;lt;selenium.webdriver.remote.errorhandler.ErrorHandler object at 0x000001EAE8198EC0&amp;gt;\nresponse = {&amp;#x27;status&amp;#x27;: 404, &amp;#x27;value&amp;#x27;: &amp;#x27;{&amp;quot;value&amp;quot;:{&amp;quot;error&amp;quot;:&amp;quot;stale element reference&amp;quot;,&amp;quot;message&amp;quot;:&amp;quot;stale element reference: stale elemen...07FF7C3DBEAA9]\\\\n\\\\tBaseThreadInitThunk [0x00007FF81542E8D7+23]\\\\n\\\\tRtlUserThreadStart [0x00007FF816A1BF6C+44]\\\\n&amp;quot;}}&amp;#x27;}\n\n    def check_response(self, response: Dict[str, Any]) -&amp;gt; None:\n        &amp;quot;&amp;quot;&amp;quot;Checks that a JSON response from the WebDriver does not have an\n        error.\n    \n        :Args:\n         - response - The JSON response from the WebDriver server as a dictionary\n           object.\n    \n        :Raises: If the response contains an error message.\n        &amp;quot;&amp;quot;&amp;quot;\n        status = response.get(&amp;quot;status&amp;quot;, None)\n        if not status or status == ErrorCode.SUCCESS:\n            return\n        value = None\n        message = response.get(&amp;quot;message&amp;quot;, &amp;quot;&amp;quot;)\n        screen: str = response.get(&amp;quot;screen&amp;quot;, &amp;quot;&amp;quot;)\n        stacktrace = None\n        if isinstance(status, int):\n            value_json = response.get(&amp;quot;value&amp;quot;, None)\n            if value_json and isinstance(value_json, str):\n                import json\n    \n                try:\n                    value = json.loads(value_json)\n                    if len(value) == 1:\n                        value = value[&amp;quot;value&amp;quot;]\n                    status = value.get(&amp;quot;error&amp;quot;, None)\n                    if not status:\n                        status = value.get(&amp;quot;status&amp;quot;, ErrorCode.UNKNOWN_ERROR)\n                        message = value.get(&amp;quot;value&amp;quot;) or value.get(&amp;quot;message&amp;quot;)\n                        if not isinstance(message, str):\n                            value = message\n                            message = message.get(&amp;quot;message&amp;quot;)\n                    else:\n                        message = value.get(&amp;quot;message&amp;quot;, None)\n                except ValueError:\n                    pass\n    \n        exception_class: Type[WebDriverException]\n        e = ErrorCode()\n        error_codes = [item for item in dir(e) if not item.startswith(&amp;quot;__&amp;quot;)]\n        for error_code in error_codes:\n            error_info = getattr(ErrorCode, error_code)\n            if isinstance(error_info, list) and status in error_info:\n                exception_class = getattr(ExceptionMapping, error_code, WebDriverException)\n                break\n        else:\n            exception_class = WebDriverException\n    \n        if not value:\n            value = response[&amp;quot;value&amp;quot;]\n        if isinstance(value, str):\n            raise exception_class(value)\n        if message == &amp;quot;&amp;quot; and &amp;quot;message&amp;quot; in value:\n            message = value[&amp;quot;message&amp;quot;]\n    \n        screen = None  # type: ignore[assignment]\n        if &amp;quot;screen&amp;quot; in value:\n            screen = value[&amp;quot;screen&amp;quot;]\n    \n        stacktrace = None\n        st_value = value.get(&amp;quot;stackTrace&amp;quot;) or value.get(&amp;quot;stacktrace&amp;quot;)\n        if st_value:\n            if isinstance(st_value, str):\n                stacktrace = st_value.split(&amp;quot;\\n&amp;quot;)\n            else:\n                stacktrace = []\n                try:\n                    for frame in st_value:\n                        line = frame.get(&amp;quot;lineNumber&amp;quot;, &amp;quot;&amp;quot;)\n                        file = frame.get(&amp;quot;fileName&amp;quot;, &amp;quot;&amp;lt;anonymous&amp;gt;&amp;quot;)\n                        if line:\n                            file = f&amp;quot;{file}:{line}&amp;quot;\n                        meth = frame.get(&amp;quot;methodName&amp;quot;, &amp;quot;&amp;lt;anonymous&amp;gt;&amp;quot;)\n                        if &amp;quot;className&amp;quot; in frame:\n                            meth = f&amp;quot;{frame[&amp;#x27;className&amp;#x27;]}.{meth}&amp;quot;\n                        msg = &amp;quot;    at %s (%s)&amp;quot;\n                        msg = msg % (meth, file)\n                        stacktrace.append(msg)\n                except TypeError:\n                    pass\n        if exception_class == UnexpectedAlertPresentException:\n            alert_text = None\n            if &amp;quot;data&amp;quot; in value:\n                alert_text = value[&amp;quot;data&amp;quot;].get(&amp;quot;text&amp;quot;)\n            elif &amp;quot;alert&amp;quot; in value:\n                alert_text = value[&amp;quot;alert&amp;quot;].get(&amp;quot;text&amp;quot;)\n            raise exception_class(message, screen, stacktrace, alert_text)  # type: ignore[call-arg]  # mypy is not smart enough here\n&amp;gt;       raise exception_class(message, screen, stacktrace)\nE       selenium.common.exceptions.StaleElementReferenceException: Message: stale element reference: stale element not found in the current frame\nE         (Session info: chrome=134.0.6998.178); For documentation on this error, please visit: https://www.selenium.dev/documentation/webdriver/troubleshooting/errors#stale-element-reference-exception\nE       Stacktrace:\nE       \tGetHandleVerifier [0x00007FF7C4164C25+3179557]\nE       \t(No symbol) [0x00007FF7C3DC88A0]\nE       \t(No symbol) [0x00007FF7C3C591CA]\nE       \t(No symbol) [0x00007FF7C3C60B98]\nE       \t(No symbol) [0x00007FF7C3C63BCC]\nE       \t(No symbol) [0x00007FF7C3C63C9F]\nE       \t(No symbol) [0x00007FF7C3CB1BAD]\nE       \t(No symbol) [0x00007FF7C3CA2990]\nE       \t(No symbol) [0x00007FF7C3CD7C2A]\nE       \t(No symbol) [0x00007FF7C3CA22D6]\nE       \t(No symbol) [0x00007FF7C3CD7E40]\nE       \t(No symbol) [0x00007FF7C3D002F3]\nE       \t(No symbol) [0x00007FF7C3CD7A03]\nE       \t(No symbol) [0x00007FF7C3CA06D0]\nE       \t(No symbol) [0x00007FF7C3CA1983]\nE       \tGetHandleVerifier [0x00007FF7C41C67CD+3579853]\nE       \tGetHandleVerifier [0x00007FF7C41DD1D2+3672530]\nE       \tGetHandleVerifier [0x00007FF7C41D2153+3627347]\nE       \tGetHandleVerifier [0x00007FF7C3F3092A+868650]\nE       \t(No symbol) [0x00007FF7C3DD2FFF]\nE       \t(No symbol) [0x00007FF7C3DCF4A4]\nE       \t(No symbol) [0x00007FF7C3DCF646]\nE       \t(No symbol) [0x00007FF7C3DBEAA9]\nE       \tBaseThreadInitThunk [0x00007FF81542E8D7+23]\nE       \tRtlUserThreadStart [0x00007FF816A1BF6C+44]\n\nC:\\Users\\GB\\AppData\\Local\\Programs\\Python\\Python312\\Lib\\site-packages\\selenium\\webdriver\\remote\\errorhandler.py:232: StaleElementReferenceException\n\n----------------------------- Captured stdout call -----------------------------\n\u274c test_home_022 - Message: stale element reference: stale element not found in the current frame\n  (Session info: chrome=134.0.6998.178); For documentation on this error, please visit: https://www.selenium.dev/documentation/webdriver/troubleshooting/errors#stale-element-reference-exception\nStacktrace:\n\tGetHandleVerifier [0x00007FF7C4164C25+3179557]\n\t(No symbol) [0x00007FF7C3DC88A0]\n\t(No symbol) [0x00007FF7C3C591CA]\n\t(No symbol) [0x00007FF7C3C60B98]\n\t(No symbol) [0x00007FF7C3C63BCC]\n\t(No symbol) [0x00007FF7C3C63C9F]\n\t(No symbol) [0x00007FF7C3CB1BAD]\n\t(No symbol) [0x00007FF7C3CA2990]\n\t(No symbol) [0x00007FF7C3CD7C2A]\n\t(No symbol) [0x00007FF7C3CA22D6]\n\t(No symbol) [0x00007FF7C3CD7E40]\n\t(No symbol) [0x00007FF7C3D002F3]\n\t(No symbol) [0x00007FF7C3CD7A03]\n\t(No symbol) [0x00007FF7C3CA06D0]\n\t(No symbol) [0x00007FF7C3CA1983]\n\tGetHandleVerifier [0x00007FF7C41C67CD+3579853]\n\tGetHandleVerifier [0x00007FF7C41DD1D2+3672530]\n\tGetHandleVerifier [0x00007FF7C41D2153+3627347]\n\tGetHandleVerifier [0x00007FF7C3F3092A+868650]\n\t(No symbol) [0x00007FF7C3DD2FFF]\n\t(No symbol) [0x00007FF7C3DCF4A4]\n\t(No symbol) [0x00007FF7C3DCF646]\n\t(No symbol) [0x00007FF7C3DBEAA9]\n\tBaseThreadInitThunk [0x00007FF81542E8D7+23]\n\tRtlUserThreadStart [0x00007FF816A1BF6C+44]\n\n\ud83d\udcf8 \uc2a4\ud06c\ub9b0\uc0f7 \uc800\uc7a5: C:\\Users\\GB\\Desktop\\KHY\\REPOS\\eliceproject_qa04\\reports\\screenshots\\test_home_022_20250402_155555.png\n\n------------------------------ Captured log call -------------------------------\nERROR    src.utils.log_util:log_util.py:50 \u274c test_home_022 - Message: stale element reference: stale element not found in the current frame\n  (Session info: chrome=134.0.6998.178); For documentation on this error, please visit: https://www.selenium.dev/documentation/webdriver/troubleshooting/errors#stale-element-reference-exception\nStacktrace:\n\tGetHandleVerifier [0x00007FF7C4164C25+3179557]\n\t(No symbol) [0x00007FF7C3DC88A0]\n\t(No symbol) [0x00007FF7C3C591CA]\n\t(No symbol) [0x00007FF7C3C60B98]\n\t(No symbol) [0x00007FF7C3C63BCC]\n\t(No symbol) [0x00007FF7C3C63C9F]\n\t(No symbol) [0x00007FF7C3CB1BAD]\n\t(No symbol) [0x00007FF7C3CA2990]\n\t(No symbol) [0x00007FF7C3CD7C2A]\n\t(No symbol) [0x00007FF7C3CA22D6]\n\t(No symbol) [0x00007FF7C3CD7E40]\n\t(No symbol) [0x00007FF7C3D002F3]\n\t(No symbol) [0x00007FF7C3CD7A03]\n\t(No symbol) [0x00007FF7C3CA06D0]\n\t(No symbol) [0x00007FF7C3CA1983]\n\tGetHandleVerifier [0x00007FF7C41C67CD+3579853]\n\tGetHandleVerifier [0x00007FF7C41DD1D2+3672530]\n\tGetHandleVerifier [0x00007FF7C41D2153+3627347]\n\tGetHandleVerifier [0x00007FF7C3F3092A+868650]\n\t(No symbol) [0x00007FF7C3DD2FFF]\n\t(No symbol) [0x00007FF7C3DCF4A4]\n\t(No symbol) [0x00007FF7C3DCF646]\n\t(No symbol) [0x00007FF7C3DBEAA9]\n\tBaseThreadInitThunk [0x00007FF81542E8D7+23]\n\tRtlUserThreadStart [0x00007FF816A1BF6C+44]\n\n&#34;}], &#34;tests/test_home_page.py::TestHomePage::test_home_023&#34;: [{&#34;extras&#34;: [], &#34;result&#34;: &#34;Passed&#34;, &#34;testId&#34;: &#34;tests/test_home_page.py::TestHomePage::test_home_023&#34;, &#34;duration&#34;: &#34;00:00:09&#34;, &#34;resultsTableRow&#34;: [&#34;&lt;td class=\&#34;col-result\&#34;&gt;Passed&lt;/td&gt;&#34;, &#34;&lt;td class=\&#34;col-testId\&#34;&gt;tests/test_home_page.py::TestHomePage::test_home_023&lt;/td&gt;&#34;, &#34;&lt;td class=\&#34;col-duration\&#34;&gt;00:00:09&lt;/td&gt;&#34;, &#34;&lt;td class=\&#34;col-links\&#34;&gt;&lt;/td&gt;&#34;], &#34;log&#34;: &#34;----------------------------- Captured stdout call -----------------------------\n\u2705 test_home_023 \uc131\uacf5\n\n------------------------------ Captured log call -------------------------------\nINFO     src.utils.log_util:log_util.py:41 \u2705 test_home_023 \uc131\uacf5\n\n&#34;}], &#34;tests/test_home_page.py::TestHomePage::test_home_024&#34;: [{&#34;extras&#34;: [], &#34;result&#34;: &#34;Passed&#34;, &#34;testId&#34;: &#34;tests/test_home_page.py::TestHomePage::test_home_024&#34;, &#34;duration&#34;: &#34;00:00:15&#34;, &#34;resultsTableRow&#34;: [&#34;&lt;td class=\&#34;col-result\&#34;&gt;Passed&lt;/td&gt;&#34;, &#34;&lt;td class=\&#34;col-testId\&#34;&gt;tests/test_home_page.py::TestHomePage::test_home_024&lt;/td&gt;&#34;, &#34;&lt;td class=\&#34;col-duration\&#34;&gt;00:00:15&lt;/td&gt;&#34;, &#34;&lt;td class=\&#34;col-links\&#34;&gt;&lt;/td&gt;&#34;], &#34;log&#34;: &#34;----------------------------- Captured stdout call -----------------------------\n\u2705 test_home_024 \uc131\uacf5\n\n------------------------------ Captured log call -------------------------------\nINFO     src.utils.log_util:log_util.py:41 \u2705 test_home_024 \uc131\uacf5\n\n&#34;}], &#34;tests/test_home_page.py::TestHomePage::test_home_025&#34;: [{&#34;extras&#34;: [], &#34;result&#34;: &#34;Passed&#34;, &#34;testId&#34;: &#34;tests/test_home_page.py::TestHomePage::test_home_025&#34;, &#34;duration&#34;: &#34;00:00:08&#34;, &#34;resultsTableRow&#34;: [&#34;&lt;td class=\&#34;col-result\&#34;&gt;Passed&lt;/td&gt;&#34;, &#34;&lt;td class=\&#34;col-testId\&#34;&gt;tests/test_home_page.py::TestHomePage::test_home_025&lt;/td&gt;&#34;, &#34;&lt;td class=\&#34;col-duration\&#34;&gt;00:00:08&lt;/td&gt;&#34;, &#34;&lt;td class=\&#34;col-links\&#34;&gt;&lt;/td&gt;&#34;], &#34;log&#34;: &#34;----------------------------- Captured stdout call -----------------------------\n\u2705 test_home_025 \uc131\uacf5\n\n------------------------------ Captured log call -------------------------------\nINFO     src.utils.log_util:log_util.py:41 \u2705 test_home_025 \uc131\uacf5\n\n&#34;}], &#34;tests/test_home_page.py::TestHomePage::test_home_026&#34;: [{&#34;extras&#34;: [], &#34;result&#34;: &#34;Passed&#34;, &#34;testId&#34;: &#34;tests/test_home_page.py::TestHomePage::test_home_026&#34;, &#34;duration&#34;: &#34;00:00:11&#34;, &#34;resultsTableRow&#34;: [&#34;&lt;td class=\&#34;col-result\&#34;&gt;Passed&lt;/td&gt;&#34;, &#34;&lt;td class=\&#34;col-testId\&#34;&gt;tests/test_home_page.py::TestHomePage::test_home_026&lt;/td&gt;&#34;, &#34;&lt;td class=\&#34;col-duration\&#34;&gt;00:00:11&lt;/td&gt;&#34;, &#34;&lt;td class=\&#34;col-links\&#34;&gt;&lt;/td&gt;&#34;], &#34;log&#34;: &#34;----------------------------- Captured stdout call -----------------------------\n\u2705 test_home_026 \uc131\uacf5\n\n------------------------------ Captured log call -------------------------------\nINFO     src.utils.log_util:log_util.py:41 \u2705 test_home_026 \uc131\uacf5\n\n&#34;}], &#34;tests/test_home_page.py::TestHomePage::test_home_027&#34;: [{&#34;extras&#34;: [], &#34;result&#34;: &#34;Passed&#34;, &#34;testId&#34;: &#34;tests/test_home_page.py::TestHomePage::test_home_027&#34;, &#34;duration&#34;: &#34;00:00:09&#34;, &#34;resultsTableRow&#34;: [&#34;&lt;td class=\&#34;col-result\&#34;&gt;Passed&lt;/td&gt;&#34;, &#34;&lt;td class=\&#34;col-testId\&#34;&gt;tests/test_home_page.py::TestHomePage::test_home_027&lt;/td&gt;&#34;, &#34;&lt;td class=\&#34;col-duration\&#34;&gt;00:00:09&lt;/td&gt;&#34;, &#34;&lt;td class=\&#34;col-links\&#34;&gt;&lt;/td&gt;&#34;], &#34;log&#34;: &#34;----------------------------- Captured stdout call -----------------------------\n\u2705 test_home_027 \uc131\uacf5\n\n------------------------------ Captured log call -------------------------------\nINFO     src.utils.log_util:log_util.py:41 \u2705 test_home_027 \uc131\uacf5\n\n&#34;}], &#34;tests/test_home_page.py::TestHomePage::test_home_028&#34;: [{&#34;extras&#34;: [], &#34;result&#34;: &#34;Passed&#34;, &#34;testId&#34;: &#34;tests/test_home_page.py::TestHomePage::test_home_028&#34;, &#34;duration&#34;: &#34;00:00:14&#34;, &#34;resultsTableRow&#34;: [&#34;&lt;td class=\&#34;col-result\&#34;&gt;Passed&lt;/td&gt;&#34;, &#34;&lt;td class=\&#34;col-testId\&#34;&gt;tests/test_home_page.py::TestHomePage::test_home_028&lt;/td&gt;&#34;, &#34;&lt;td class=\&#34;col-duration\&#34;&gt;00:00:14&lt;/td&gt;&#34;, &#34;&lt;td class=\&#34;col-links\&#34;&gt;&lt;/td&gt;&#34;], &#34;log&#34;: &#34;----------------------------- Captured stdout call -----------------------------\n\u2705 test_home_028 \uc131\uacf5\n\n------------------------------ Captured log call -------------------------------\nINFO     src.utils.log_util:log_util.py:41 \u2705 test_home_028 \uc131\uacf5\n\n&#34;}], &#34;tests/test_home_page.py::TestHomePage::test_home_029&#34;: [{&#34;extras&#34;: [], &#34;result&#34;: &#34;Failed&#34;, &#34;testId&#34;: &#34;tests/test_home_page.py::TestHomePage::test_home_029&#34;, &#34;duration&#34;: &#34;00:00:08&#34;, &#34;resultsTableRow&#34;: [&#34;&lt;td class=\&#34;col-result\&#34;&gt;Failed&lt;/td&gt;&#34;, &#34;&lt;td class=\&#34;col-testId\&#34;&gt;tests/test_home_page.py::TestHomePage::test_home_029&lt;/td&gt;&#34;, &#34;&lt;td class=\&#34;col-duration\&#34;&gt;00:00:08&lt;/td&gt;&#34;, &#34;&lt;td class=\&#34;col-links\&#34;&gt;&lt;/td&gt;&#34;], &#34;log&#34;: &#34;self = &amp;lt;tests.test_home_page.TestHomePage object at 0x000001EAE7CB59A0&amp;gt;\ndriver = &amp;lt;selenium.webdriver.chrome.webdriver.WebDriver (session=&amp;quot;bceddda993ed42127affa0909028b117&amp;quot;)&amp;gt;\n\n    def test_home_029(self, driver: WebDriver):\n        try:\n            util = WebUtils(driver)\n            home = HomePage(driver)\n            select_option = SelectOptionPage(driver)\n            menu_rcm = RecommendationPage(driver)\n    \n            util.open_url()\n            util.login(login_data[&amp;quot;no_review_email&amp;quot;], login_data[&amp;quot;password&amp;quot;])\n            ws(driver, 5).until(\n                EC.presence_of_element_located((By.CSS_SELECTOR, home.eat_team_btn_css_selector))\n            )\n    \n            home.open_eat_team()\n            ws(driver, 5).until(\n                EC.presence_of_element_located((By.CSS_SELECTOR, select_option.dropdown_css_selector))\n            )\n    \n            select_option.click_category_dropdown()\n            select_option.click_category_dropdown_option_randomly()\n            select_option.click_done_button()\n            ws(driver, 5).until(\n                EC.presence_of_element_located((By.CSS_SELECTOR, self.food_image_css_selector))\n            )\n    \n            previous_menu = driver.find_element(By.CSS_SELECTOR, self.menu_text_css_selector).text.strip()\n            util.scroll_to_element(By.XPATH, menu_rcm.refresh_recommendation_btn_xpath)\n            util.click_element(By.XPATH, menu_rcm.refresh_recommendation_btn_xpath)\n            ws(driver, 5).until(\n                EC.presence_of_element_located((By.CSS_SELECTOR, self.food_image_css_selector))\n            )\n    \n            driver.execute_script(&amp;quot;window.scrollTo(0, 0);&amp;quot;)\n            new_menu = driver.find_element(By.CSS_SELECTOR, self.menu_text_css_selector).text.strip()\n    \n&amp;gt;           assert previous_menu != new_menu\nE           AssertionError: assert &amp;#x27;\ud0c0\ub9d0&amp;#x27; != &amp;#x27;\ud0c0\ub9d0&amp;#x27;\n\ntests\\test_home_page.py:1405: AssertionError\n\n----------------------------- Captured stdout call -----------------------------\n\u274c test_home_029 - assert &amp;#x27;\ud0c0\ub9d0&amp;#x27; != &amp;#x27;\ud0c0\ub9d0&amp;#x27;\n\ud83d\udcf8 \uc2a4\ud06c\ub9b0\uc0f7 \uc800\uc7a5: C:\\Users\\GB\\Desktop\\KHY\\REPOS\\eliceproject_qa04\\reports\\screenshots\\test_home_029_20250402_155710.png\n\n------------------------------ Captured log call -------------------------------\nERROR    src.utils.log_util:log_util.py:50 \u274c test_home_029 - assert &amp;#x27;\ud0c0\ub9d0&amp;#x27; != &amp;#x27;\ud0c0\ub9d0&amp;#x27;\n\n&#34;}], &#34;tests/test_home_page.py::TestHomePage::test_home_030&#34;: [{&#34;extras&#34;: [], &#34;result&#34;: &#34;Passed&#34;, &#34;testId&#34;: &#34;tests/test_home_page.py::TestHomePage::test_home_030&#34;, &#34;duration&#34;: &#34;00:00:08&#34;, &#34;resultsTableRow&#34;: [&#34;&lt;td class=\&#34;col-result\&#34;&gt;Passed&lt;/td&gt;&#34;, &#34;&lt;td class=\&#34;col-testId\&#34;&gt;tests/test_home_page.py::TestHomePage::test_home_030&lt;/td&gt;&#34;, &#34;&lt;td class=\&#34;col-duration\&#34;&gt;00:00:08&lt;/td&gt;&#34;, &#34;&lt;td class=\&#34;col-links\&#34;&gt;&lt;/td&gt;&#34;], &#34;log&#34;: &#34;----------------------------- Captured stdout call -----------------------------\n\u2705 test_home_030 \uc131\uacf5\n\n------------------------------ Captured log call -------------------------------\nINFO     src.utils.log_util:log_util.py:41 \u2705 test_home_030 \uc131\uacf5\n\n&#34;}], &#34;tests/test_home_page.py::TestHomePage::test_home_031&#34;: [{&#34;extras&#34;: [], &#34;result&#34;: &#34;Passed&#34;, &#34;testId&#34;: &#34;tests/test_home_page.py::TestHomePage::test_home_031&#34;, &#34;duration&#34;: &#34;00:00:14&#34;, &#34;resultsTableRow&#34;: [&#34;&lt;td class=\&#34;col-result\&#34;&gt;Passed&lt;/td&gt;&#34;, &#34;&lt;td class=\&#34;col-testId\&#34;&gt;tests/test_home_page.py::TestHomePage::test_home_031&lt;/td&gt;&#34;, &#34;&lt;td class=\&#34;col-duration\&#34;&gt;00:00:14&lt;/td&gt;&#34;, &#34;&lt;td class=\&#34;col-links\&#34;&gt;&lt;/td&gt;&#34;], &#34;log&#34;: &#34;----------------------------- Captured stdout call -----------------------------\n\u2705 test_home_031 \uc131\uacf5\n\n------------------------------ Captured log call -------------------------------\nINFO     src.utils.log_util:log_util.py:41 \u2705 test_home_031 \uc131\uacf5\n\n&#34;}], &#34;tests/test_login_page.py::TestLoginPage::test_login_001&#34;: [{&#34;extras&#34;: [], &#34;result&#34;: &#34;Passed&#34;, &#34;testId&#34;: &#34;tests/test_login_page.py::TestLoginPage::test_login_001&#34;, &#34;duration&#34;: &#34;00:00:05&#34;, &#34;resultsTableRow&#34;: [&#34;&lt;td class=\&#34;col-result\&#34;&gt;Passed&lt;/td&gt;&#34;, &#34;&lt;td class=\&#34;col-testId\&#34;&gt;tests/test_login_page.py::TestLoginPage::test_login_001&lt;/td&gt;&#34;, &#34;&lt;td class=\&#34;col-duration\&#34;&gt;00:00:05&lt;/td&gt;&#34;, &#34;&lt;td class=\&#34;col-links\&#34;&gt;&lt;/td&gt;&#34;], &#34;log&#34;: &#34;----------------------------- Captured stdout call -----------------------------\n\u2705 test_login_001 \uc131\uacf5\n\n------------------------------ Captured log call -------------------------------\nINFO     src.utils.log_util:log_util.py:41 \u2705 test_login_001 \uc131\uacf5\n\n&#34;}], &#34;tests/test_login_page.py::TestLoginPage::test_login_002&#34;: [{&#34;extras&#34;: [], &#34;result&#34;: &#34;Passed&#34;, &#34;testId&#34;: &#34;tests/test_login_page.py::TestLoginPage::test_login_002&#34;, &#34;duration&#34;: &#34;00:00:30&#34;, &#34;resultsTableRow&#34;: [&#34;&lt;td class=\&#34;col-result\&#34;&gt;Passed&lt;/td&gt;&#34;, &#34;&lt;td class=\&#34;col-testId\&#34;&gt;tests/test_login_page.py::TestLoginPage::test_login_002&lt;/td&gt;&#34;, &#34;&lt;td class=\&#34;col-duration\&#34;&gt;00:00:30&lt;/td&gt;&#34;, &#34;&lt;td class=\&#34;col-links\&#34;&gt;&lt;/td&gt;&#34;], &#34;log&#34;: &#34;----------------------------- Captured stdout call -----------------------------\n\u2705 test_login_002 \uc131\uacf5\n\n------------------------------ Captured log call -------------------------------\nINFO     src.utils.log_util:log_util.py:41 \u2705 test_login_002 \uc131\uacf5\n\n&#34;}], &#34;tests/test_login_page.py::TestLoginPage::test_login_003&#34;: [{&#34;extras&#34;: [], &#34;result&#34;: &#34;Passed&#34;, &#34;testId&#34;: &#34;tests/test_login_page.py::TestLoginPage::test_login_003&#34;, &#34;duration&#34;: &#34;00:00:06&#34;, &#34;resultsTableRow&#34;: [&#34;&lt;td class=\&#34;col-result\&#34;&gt;Passed&lt;/td&gt;&#34;, &#34;&lt;td class=\&#34;col-testId\&#34;&gt;tests/test_login_page.py::TestLoginPage::test_login_003&lt;/td&gt;&#34;, &#34;&lt;td class=\&#34;col-duration\&#34;&gt;00:00:06&lt;/td&gt;&#34;, &#34;&lt;td class=\&#34;col-links\&#34;&gt;&lt;/td&gt;&#34;], &#34;log&#34;: &#34;----------------------------- Captured stdout call -----------------------------\n\u2705 test_login_003 \uc131\uacf5\n\n------------------------------ Captured log call -------------------------------\nINFO     src.utils.log_util:log_util.py:41 \u2705 test_login_003 \uc131\uacf5\n\n&#34;}], &#34;tests/test_login_page.py::TestLoginPage::test_login_004&#34;: [{&#34;extras&#34;: [], &#34;result&#34;: &#34;Passed&#34;, &#34;testId&#34;: &#34;tests/test_login_page.py::TestLoginPage::test_login_004&#34;, &#34;duration&#34;: &#34;00:00:10&#34;, &#34;resultsTableRow&#34;: [&#34;&lt;td class=\&#34;col-result\&#34;&gt;Passed&lt;/td&gt;&#34;, &#34;&lt;td class=\&#34;col-testId\&#34;&gt;tests/test_login_page.py::TestLoginPage::test_login_004&lt;/td&gt;&#34;, &#34;&lt;td class=\&#34;col-duration\&#34;&gt;00:00:10&lt;/td&gt;&#34;, &#34;&lt;td class=\&#34;col-links\&#34;&gt;&lt;/td&gt;&#34;], &#34;log&#34;: &#34;----------------------------- Captured stdout call -----------------------------\n\u2705 test_login_004 \uc131\uacf5\n\n------------------------------ Captured log call -------------------------------\nINFO     src.utils.log_util:log_util.py:41 \u2705 test_login_004 \uc131\uacf5\n\n&#34;}], &#34;tests/test_login_page.py::TestLoginPage::test_login_006&#34;: [{&#34;extras&#34;: [], &#34;result&#34;: &#34;Passed&#34;, &#34;testId&#34;: &#34;tests/test_login_page.py::TestLoginPage::test_login_006&#34;, &#34;duration&#34;: &#34;00:00:05&#34;, &#34;resultsTableRow&#34;: [&#34;&lt;td class=\&#34;col-result\&#34;&gt;Passed&lt;/td&gt;&#34;, &#34;&lt;td class=\&#34;col-testId\&#34;&gt;tests/test_login_page.py::TestLoginPage::test_login_006&lt;/td&gt;&#34;, &#34;&lt;td class=\&#34;col-duration\&#34;&gt;00:00:05&lt;/td&gt;&#34;, &#34;&lt;td class=\&#34;col-links\&#34;&gt;&lt;/td&gt;&#34;], &#34;log&#34;: &#34;----------------------------- Captured stdout call -----------------------------\n\u2705 test_login_006 \uc131\uacf5\n\n------------------------------ Captured log call -------------------------------\nINFO     src.utils.log_util:log_util.py:41 \u2705 test_login_006 \uc131\uacf5\n\n&#34;}], &#34;tests/test_login_page.py::TestLoginPage::test_login_007&#34;: [{&#34;extras&#34;: [], &#34;result&#34;: &#34;Passed&#34;, &#34;testId&#34;: &#34;tests/test_login_page.py::TestLoginPage::test_login_007&#34;, &#34;duration&#34;: &#34;00:00:10&#34;, &#34;resultsTableRow&#34;: [&#34;&lt;td class=\&#34;col-result\&#34;&gt;Passed&lt;/td&gt;&#34;, &#34;&lt;td class=\&#34;col-testId\&#34;&gt;tests/test_login_page.py::TestLoginPage::test_login_007&lt;/td&gt;&#34;, &#34;&lt;td class=\&#34;col-duration\&#34;&gt;00:00:10&lt;/td&gt;&#34;, &#34;&lt;td class=\&#34;col-links\&#34;&gt;&lt;/td&gt;&#34;], &#34;log&#34;: &#34;----------------------------- Captured stdout call -----------------------------\n\u2705 test_login_007 \uc131\uacf5\n\n------------------------------ Captured log call -------------------------------\nINFO     src.utils.log_util:log_util.py:41 \u2705 test_login_007 \uc131\uacf5\n\n&#34;}], &#34;tests/test_login_page.py::TestLoginPage::test_login_008&#34;: [{&#34;extras&#34;: [], &#34;result&#34;: &#34;Passed&#34;, &#34;testId&#34;: &#34;tests/test_login_page.py::TestLoginPage::test_login_008&#34;, &#34;duration&#34;: &#34;00:00:08&#34;, &#34;resultsTableRow&#34;: [&#34;&lt;td class=\&#34;col-result\&#34;&gt;Passed&lt;/td&gt;&#34;, &#34;&lt;td class=\&#34;col-testId\&#34;&gt;tests/test_login_page.py::TestLoginPage::test_login_008&lt;/td&gt;&#34;, &#34;&lt;td class=\&#34;col-duration\&#34;&gt;00:00:08&lt;/td&gt;&#34;, &#34;&lt;td class=\&#34;col-links\&#34;&gt;&lt;/td&gt;&#34;], &#34;log&#34;: &#34;----------------------------- Captured stdout call -----------------------------\n\u2705 test_login_008 \uc131\uacf5\n\n------------------------------ Captured log call -------------------------------\nINFO     src.utils.log_util:log_util.py:41 \u2705 test_login_008 \uc131\uacf5\n\n&#34;}], &#34;tests/test_login_page.py::TestLoginPage::test_login_009&#34;: [{&#34;extras&#34;: [], &#34;result&#34;: &#34;Passed&#34;, &#34;testId&#34;: &#34;tests/test_login_page.py::TestLoginPage::test_login_009&#34;, &#34;duration&#34;: &#34;00:00:15&#34;, &#34;resultsTableRow&#34;: [&#34;&lt;td class=\&#34;col-result\&#34;&gt;Passed&lt;/td&gt;&#34;, &#34;&lt;td class=\&#34;col-testId\&#34;&gt;tests/test_login_page.py::TestLoginPage::test_login_009&lt;/td&gt;&#34;, &#34;&lt;td class=\&#34;col-duration\&#34;&gt;00:00:15&lt;/td&gt;&#34;, &#34;&lt;td class=\&#34;col-links\&#34;&gt;&lt;/td&gt;&#34;], &#34;log&#34;: &#34;----------------------------- Captured stdout call -----------------------------\n\u2705 test_login_009 \uc131\uacf5\n\n------------------------------ Captured log call -------------------------------\nINFO     src.utils.log_util:log_util.py:41 \u2705 test_login_009 \uc131\uacf5\n\n&#34;}], &#34;tests/test_login_page.py::TestLoginPage::test_login_010&#34;: [{&#34;extras&#34;: [], &#34;result&#34;: &#34;Passed&#34;, &#34;testId&#34;: &#34;tests/test_login_page.py::TestLoginPage::test_login_010&#34;, &#34;duration&#34;: &#34;00:00:06&#34;, &#34;resultsTableRow&#34;: [&#34;&lt;td class=\&#34;col-result\&#34;&gt;Passed&lt;/td&gt;&#34;, &#34;&lt;td class=\&#34;col-testId\&#34;&gt;tests/test_login_page.py::TestLoginPage::test_login_010&lt;/td&gt;&#34;, &#34;&lt;td class=\&#34;col-duration\&#34;&gt;00:00:06&lt;/td&gt;&#34;, &#34;&lt;td class=\&#34;col-links\&#34;&gt;&lt;/td&gt;&#34;], &#34;log&#34;: &#34;----------------------------- Captured stdout call -----------------------------\n\u2705 test_login_010 \uc131\uacf5\n\n------------------------------ Captured log call -------------------------------\nINFO     src.utils.log_util:log_util.py:41 \u2705 test_login_010 \uc131\uacf5\n\n&#34;}], &#34;tests/test_login_page.py::TestLoginPage::test_login_011&#34;: [{&#34;extras&#34;: [], &#34;result&#34;: &#34;Passed&#34;, &#34;testId&#34;: &#34;tests/test_login_page.py::TestLoginPage::test_login_011&#34;, &#34;duration&#34;: &#34;00:00:11&#34;, &#34;resultsTableRow&#34;: [&#34;&lt;td class=\&#34;col-result\&#34;&gt;Passed&lt;/td&gt;&#34;, &#34;&lt;td class=\&#34;col-testId\&#34;&gt;tests/test_login_page.py::TestLoginPage::test_login_011&lt;/td&gt;&#34;, &#34;&lt;td class=\&#34;col-duration\&#34;&gt;00:00:11&lt;/td&gt;&#34;, &#34;&lt;td class=\&#34;col-links\&#34;&gt;&lt;/td&gt;&#34;], &#34;log&#34;: &#34;----------------------------- Captured stdout call -----------------------------\n\u2705 test_login_011 \uc131\uacf5\n\n------------------------------ Captured log call -------------------------------\nINFO     src.utils.log_util:log_util.py:41 \u2705 test_login_011 \uc131\uacf5\n\n&#34;}], &#34;tests/test_login_page.py::TestLoginPage::test_login_014&#34;: [{&#34;extras&#34;: [], &#34;result&#34;: &#34;Passed&#34;, &#34;testId&#34;: &#34;tests/test_login_page.py::TestLoginPage::test_login_014&#34;, &#34;duration&#34;: &#34;00:00:08&#34;, &#34;resultsTableRow&#34;: [&#34;&lt;td class=\&#34;col-result\&#34;&gt;Passed&lt;/td&gt;&#34;, &#34;&lt;td class=\&#34;col-testId\&#34;&gt;tests/test_login_page.py::TestLoginPage::test_login_014&lt;/td&gt;&#34;, &#34;&lt;td class=\&#34;col-duration\&#34;&gt;00:00:08&lt;/td&gt;&#34;, &#34;&lt;td class=\&#34;col-links\&#34;&gt;&lt;/td&gt;&#34;], &#34;log&#34;: &#34;----------------------------- Captured stdout call -----------------------------\n\u2705 test_login_014 \uc131\uacf5\n\n------------------------------ Captured log call -------------------------------\nINFO     src.utils.log_util:log_util.py:41 \u2705 test_login_014 \uc131\uacf5\n\n&#34;}], &#34;tests/test_login_page.py::TestLoginPage::test_login_015&#34;: [{&#34;extras&#34;: [], &#34;result&#34;: &#34;Passed&#34;, &#34;testId&#34;: &#34;tests/test_login_page.py::TestLoginPage::test_login_015&#34;, &#34;duration&#34;: &#34;00:00:06&#34;, &#34;resultsTableRow&#34;: [&#34;&lt;td class=\&#34;col-result\&#34;&gt;Passed&lt;/td&gt;&#34;, &#34;&lt;td class=\&#34;col-testId\&#34;&gt;tests/test_login_page.py::TestLoginPage::test_login_015&lt;/td&gt;&#34;, &#34;&lt;td class=\&#34;col-duration\&#34;&gt;00:00:06&lt;/td&gt;&#34;, &#34;&lt;td class=\&#34;col-links\&#34;&gt;&lt;/td&gt;&#34;], &#34;log&#34;: &#34;----------------------------- Captured stdout call -----------------------------\n\u2705 test_login_015 \uc131\uacf5\n\n------------------------------ Captured log call -------------------------------\nINFO     src.utils.log_util:log_util.py:41 \u2705 test_login_015 \uc131\uacf5\n\n&#34;}], &#34;tests/test_login_page.py::TestLoginPage::test_login_016&#34;: [{&#34;extras&#34;: [], &#34;result&#34;: &#34;Passed&#34;, &#34;testId&#34;: &#34;tests/test_login_page.py::TestLoginPage::test_login_016&#34;, &#34;duration&#34;: &#34;00:00:10&#34;, &#34;resultsTableRow&#34;: [&#34;&lt;td class=\&#34;col-result\&#34;&gt;Passed&lt;/td&gt;&#34;, &#34;&lt;td class=\&#34;col-testId\&#34;&gt;tests/test_login_page.py::TestLoginPage::test_login_016&lt;/td&gt;&#34;, &#34;&lt;td class=\&#34;col-duration\&#34;&gt;00:00:10&lt;/td&gt;&#34;, &#34;&lt;td class=\&#34;col-links\&#34;&gt;&lt;/td&gt;&#34;], &#34;log&#34;: &#34;----------------------------- Captured stdout call -----------------------------\n\u2705 test_login_016 \uc131\uacf5\n\n------------------------------ Captured log call -------------------------------\nINFO     src.utils.log_util:log_util.py:41 \u2705 test_login_016 \uc131\uacf5\n\n&#34;}], &#34;tests/test_login_page.py::TestLoginPage::test_login_017&#34;: [{&#34;extras&#34;: [], &#34;result&#34;: &#34;Failed&#34;, &#34;testId&#34;: &#34;tests/test_login_page.py::TestLoginPage::test_login_017&#34;, &#34;duration&#34;: &#34;00:00:07&#34;, &#34;resultsTableRow&#34;: [&#34;&lt;td class=\&#34;col-result\&#34;&gt;Failed&lt;/td&gt;&#34;, &#34;&lt;td class=\&#34;col-testId\&#34;&gt;tests/test_login_page.py::TestLoginPage::test_login_017&lt;/td&gt;&#34;, &#34;&lt;td class=\&#34;col-duration\&#34;&gt;00:00:07&lt;/td&gt;&#34;, &#34;&lt;td class=\&#34;col-links\&#34;&gt;&lt;/td&gt;&#34;], &#34;log&#34;: &#34;self = &amp;lt;tests.test_login_page.TestLoginPage object at 0x000001EAE7CB7080&amp;gt;\ndriver = &amp;lt;selenium.webdriver.chrome.webdriver.WebDriver (session=&amp;quot;2c2a82489d7af4dbb13730302fd47118&amp;quot;)&amp;gt;\n\n    def test_login_017(self, driver):\n        try:\n            web_utils = WebUtils(driver)\n            login_page = LoginPage(driver)\n            verify_helpers = VerifyHelpers(driver)\n    \n            subtitle_key = [&amp;quot;pwd_reset_pg_subtitle&amp;quot;]\n    \n            web_utils.open_url()\n            web_utils.click_element(*LOCATORS.get(&amp;quot;login_pg_login_btn&amp;quot;))\n            web_utils.click_element(*LOCATORS.get(&amp;quot;login_input_pg_link_reset_pwd&amp;quot;))\n    \n            login_page.input_email(*LOCATORS.get(&amp;quot;pwd_reset_pg_input_email&amp;quot;), login_data[&amp;quot;valid_email&amp;quot;])\n            web_utils.click_element(*LOCATORS.get(&amp;quot;pwd_reset_pg_btn_continue&amp;quot;))    # &amp;quot;\uacc4\uc18d \ubc84\ud2bc&amp;quot; \ud074\ub9ad\n    \n            web_utils.click_element(*LOCATORS.get(&amp;quot;send_mail_pg_btn_resend&amp;quot;))   # \uc774\uba54\uc77c \uc7ac \uc804\uc1a1\n    \n            input_boxes_keys_value = driver.find_element(*LOCATORS.get(&amp;quot;pwd_reset_pg_input_email&amp;quot;)).get_attribute(&amp;quot;value&amp;quot;)\n    \n            subtitle_elem = verify_helpers.check_existence(subtitle_key)\n            subtitle = verify_helpers.get_elems_texts(subtitle_elem)\n    \n            expected_subtitle = verify_helpers.get_expected_texts(subtitle_key)\n    \n&amp;gt;           assert input_boxes_keys_value == &amp;quot;&amp;quot;\nE           AssertionError: assert &amp;#x27;hyeyoung.k111@gmail.com&amp;#x27; == &amp;#x27;&amp;#x27;\nE             \nE             + hyeyoung.k111@gmail.com\n\ntests\\test_login_page.py:486: AssertionError\n\n----------------------------- Captured stdout call -----------------------------\n\u274c test_login_017 - assert &amp;#x27;hyeyoung.k111@gmail.com&amp;#x27; == &amp;#x27;&amp;#x27;\n  \n  + hyeyoung.k111@gmail.com\n\ud83d\udcf8 \uc2a4\ud06c\ub9b0\uc0f7 \uc800\uc7a5: C:\\Users\\GB\\Desktop\\KHY\\REPOS\\eliceproject_qa04\\reports\\screenshots\\test_login_017_20250402_155949.png\n\n------------------------------ Captured log call -------------------------------\nERROR    src.utils.log_util:log_util.py:50 \u274c test_login_017 - assert &amp;#x27;hyeyoung.k111@gmail.com&amp;#x27; == &amp;#x27;&amp;#x27;\n  \n  + hyeyoung.k111@gmail.com\n\n&#34;}], &#34;tests/test_login_page.py::TestLoginPage::test_login_020&#34;: [{&#34;extras&#34;: [], &#34;result&#34;: &#34;Failed&#34;, &#34;testId&#34;: &#34;tests/test_login_page.py::TestLoginPage::test_login_020&#34;, &#34;duration&#34;: &#34;00:00:06&#34;, &#34;resultsTableRow&#34;: [&#34;&lt;td class=\&#34;col-result\&#34;&gt;Failed&lt;/td&gt;&#34;, &#34;&lt;td class=\&#34;col-testId\&#34;&gt;tests/test_login_page.py::TestLoginPage::test_login_020&lt;/td&gt;&#34;, &#34;&lt;td class=\&#34;col-duration\&#34;&gt;00:00:06&lt;/td&gt;&#34;, &#34;&lt;td class=\&#34;col-links\&#34;&gt;&lt;/td&gt;&#34;], &#34;log&#34;: &#34;self = &amp;lt;tests.test_login_page.TestLoginPage object at 0x000001EAE7CB7260&amp;gt;\ndriver = &amp;lt;selenium.webdriver.chrome.webdriver.WebDriver (session=&amp;quot;c8becc5295084922e70a60222270f959&amp;quot;)&amp;gt;\n\n    def test_login_020(self, driver):\n        try:\n            web_utils = WebUtils(driver)\n            verify_helpers = VerifyHelpers(driver)\n    \n            subtitle_key = [&amp;quot;login_input_pg_subtitle&amp;quot;]\n    \n            web_utils.open_url()\n            web_utils.click_element(*LOCATORS.get(&amp;quot;login_pg_login_btn&amp;quot;))\n            web_utils.click_element(*LOCATORS.get(&amp;quot;login_input_pg_link_reset_pwd&amp;quot;))\n    \n            web_utils.click_element(*LOCATORS.get(&amp;quot;pwd_reset_pg_link_login&amp;quot;))   #  &amp;#x27;\ub85c\uadf8\uc778 \ud654\uba74\uc73c\ub85c \ub3cc\uc544\uac00\uae30 \ub9c1\ud06c&amp;#x27; \ud074\ub9ad\n    \n            subtitle_elem = verify_helpers.check_existence(subtitle_key)\n            subtitle = verify_helpers.get_elems_texts(subtitle_elem)\n    \n            expected_subtitle = verify_helpers.get_expected_texts(subtitle_key)\n    \n&amp;gt;           assert &amp;quot;login?&amp;quot; in driver.current_url\nE           assert &amp;#x27;login?&amp;#x27; in &amp;#x27;https://dev-aqq0w41zxvftci4m.jp.auth0.com/u/reset-password/request/Username-Password-Authentication?state=hKFo2SBJLU1...c2V0LXBhc3N3b3Jko3RpZNkgVC0xX29mYXVKWXZ6OWMteXVXTFBtNWRJbjVaSWJ1VG6jY2lk2SBIdlI0MGU5MWE1SkhhNHR6Mjh2RTBxQkdVVmFkNVBFZQ&amp;#x27;\nE            +  where &amp;#x27;https://dev-aqq0w41zxvftci4m.jp.auth0.com/u/reset-password/request/Username-Password-Authentication?state=hKFo2SBJLU1...c2V0LXBhc3N3b3Jko3RpZNkgVC0xX29mYXVKWXZ6OWMteXVXTFBtNWRJbjVaSWJ1VG6jY2lk2SBIdlI0MGU5MWE1SkhhNHR6Mjh2RTBxQkdVVmFkNVBFZQ&amp;#x27; = &amp;lt;selenium.webdriver.chrome.webdriver.WebDriver (session=&amp;quot;c8becc5295084922e70a60222270f959&amp;quot;)&amp;gt;.current_url\n\ntests\\test_login_page.py:516: AssertionError\n\n----------------------------- Captured stdout call -----------------------------\n\u274c test_login_020 - assert &amp;#x27;login?&amp;#x27; in &amp;#x27;https://dev-aqq0w41zxvftci4m.jp.auth0.com/u/reset-password/request/Username-Password-Authentication?state=hKFo2SBJLU1...c2V0LXBhc3N3b3Jko3RpZNkgVC0xX29mYXVKWXZ6OWMteXVXTFBtNWRJbjVaSWJ1VG6jY2lk2SBIdlI0MGU5MWE1SkhhNHR6Mjh2RTBxQkdVVmFkNVBFZQ&amp;#x27;\n +  where &amp;#x27;https://dev-aqq0w41zxvftci4m.jp.auth0.com/u/reset-password/request/Username-Password-Authentication?state=hKFo2SBJLU1...c2V0LXBhc3N3b3Jko3RpZNkgVC0xX29mYXVKWXZ6OWMteXVXTFBtNWRJbjVaSWJ1VG6jY2lk2SBIdlI0MGU5MWE1SkhhNHR6Mjh2RTBxQkdVVmFkNVBFZQ&amp;#x27; = &amp;lt;selenium.webdriver.chrome.webdriver.WebDriver (session=&amp;quot;c8becc5295084922e70a60222270f959&amp;quot;)&amp;gt;.current_url\n\ud83d\udcf8 \uc2a4\ud06c\ub9b0\uc0f7 \uc800\uc7a5: C:\\Users\\GB\\Desktop\\KHY\\REPOS\\eliceproject_qa04\\reports\\screenshots\\test_login_020_20250402_155955.png\n\n------------------------------ Captured log call -------------------------------\nERROR    src.utils.log_util:log_util.py:50 \u274c test_login_020 - assert &amp;#x27;login?&amp;#x27; in &amp;#x27;https://dev-aqq0w41zxvftci4m.jp.auth0.com/u/reset-password/request/Username-Password-Authentication?state=hKFo2SBJLU1...c2V0LXBhc3N3b3Jko3RpZNkgVC0xX29mYXVKWXZ6OWMteXVXTFBtNWRJbjVaSWJ1VG6jY2lk2SBIdlI0MGU5MWE1SkhhNHR6Mjh2RTBxQkdVVmFkNVBFZQ&amp;#x27;\n +  where &amp;#x27;https://dev-aqq0w41zxvftci4m.jp.auth0.com/u/reset-password/request/Username-Password-Authentication?state=hKFo2SBJLU1...c2V0LXBhc3N3b3Jko3RpZNkgVC0xX29mYXVKWXZ6OWMteXVXTFBtNWRJbjVaSWJ1VG6jY2lk2SBIdlI0MGU5MWE1SkhhNHR6Mjh2RTBxQkdVVmFkNVBFZQ&amp;#x27; = &amp;lt;selenium.webdriver.chrome.webdriver.WebDriver (session=&amp;quot;c8becc5295084922e70a60222270f959&amp;quot;)&amp;gt;.current_url\n\n&#34;}], &#34;tests/test_login_page.py::TestLoginPage::test_login_021&#34;: [{&#34;extras&#34;: [], &#34;result&#34;: &#34;Passed&#34;, &#34;testId&#34;: &#34;tests/test_login_page.py::TestLoginPage::test_login_021&#34;, &#34;duration&#34;: &#34;00:00:06&#34;, &#34;resultsTableRow&#34;: [&#34;&lt;td class=\&#34;col-result\&#34;&gt;Passed&lt;/td&gt;&#34;, &#34;&lt;td class=\&#34;col-testId\&#34;&gt;tests/test_login_page.py::TestLoginPage::test_login_021&lt;/td&gt;&#34;, &#34;&lt;td class=\&#34;col-duration\&#34;&gt;00:00:06&lt;/td&gt;&#34;, &#34;&lt;td class=\&#34;col-links\&#34;&gt;&lt;/td&gt;&#34;], &#34;log&#34;: &#34;----------------------------- Captured stdout call -----------------------------\n\u2705 test_login_021 \uc131\uacf5\n\n------------------------------ Captured log call -------------------------------\nINFO     src.utils.log_util:log_util.py:41 \u2705 test_login_021 \uc131\uacf5\n\n&#34;}], &#34;tests/test_login_page.py::TestLoginPage::test_login_022&#34;: [{&#34;extras&#34;: [], &#34;result&#34;: &#34;Passed&#34;, &#34;testId&#34;: &#34;tests/test_login_page.py::TestLoginPage::test_login_022&#34;, &#34;duration&#34;: &#34;00:00:10&#34;, &#34;resultsTableRow&#34;: [&#34;&lt;td class=\&#34;col-result\&#34;&gt;Passed&lt;/td&gt;&#34;, &#34;&lt;td class=\&#34;col-testId\&#34;&gt;tests/test_login_page.py::TestLoginPage::test_login_022&lt;/td&gt;&#34;, &#34;&lt;td class=\&#34;col-duration\&#34;&gt;00:00:10&lt;/td&gt;&#34;, &#34;&lt;td class=\&#34;col-links\&#34;&gt;&lt;/td&gt;&#34;], &#34;log&#34;: &#34;----------------------------- Captured stdout call -----------------------------\n\u2705 test_login_022 \uc131\uacf5\n\n------------------------------ Captured log call -------------------------------\nINFO     src.utils.log_util:log_util.py:41 \u2705 test_login_022 \uc131\uacf5\n\n&#34;}], &#34;tests/test_login_page.py::TestLoginPage::test_login_025&#34;: [{&#34;extras&#34;: [], &#34;result&#34;: &#34;Passed&#34;, &#34;testId&#34;: &#34;tests/test_login_page.py::TestLoginPage::test_login_025&#34;, &#34;duration&#34;: &#34;00:00:06&#34;, &#34;resultsTableRow&#34;: [&#34;&lt;td class=\&#34;col-result\&#34;&gt;Passed&lt;/td&gt;&#34;, &#34;&lt;td class=\&#34;col-testId\&#34;&gt;tests/test_login_page.py::TestLoginPage::test_login_025&lt;/td&gt;&#34;, &#34;&lt;td class=\&#34;col-duration\&#34;&gt;00:00:06&lt;/td&gt;&#34;, &#34;&lt;td class=\&#34;col-links\&#34;&gt;&lt;/td&gt;&#34;], &#34;log&#34;: &#34;----------------------------- Captured stdout call -----------------------------\n\u2705 test_login_025 \uc131\uacf5\n\n------------------------------ Captured log call -------------------------------\nINFO     src.utils.log_util:log_util.py:41 \u2705 test_login_025 \uc131\uacf5\n\n&#34;}], &#34;tests/test_login_page.py::TestLoginPage::test_login_026&#34;: [{&#34;extras&#34;: [], &#34;result&#34;: &#34;Passed&#34;, &#34;testId&#34;: &#34;tests/test_login_page.py::TestLoginPage::test_login_026&#34;, &#34;duration&#34;: &#34;00:00:11&#34;, &#34;resultsTableRow&#34;: [&#34;&lt;td class=\&#34;col-result\&#34;&gt;Passed&lt;/td&gt;&#34;, &#34;&lt;td class=\&#34;col-testId\&#34;&gt;tests/test_login_page.py::TestLoginPage::test_login_026&lt;/td&gt;&#34;, &#34;&lt;td class=\&#34;col-duration\&#34;&gt;00:00:11&lt;/td&gt;&#34;, &#34;&lt;td class=\&#34;col-links\&#34;&gt;&lt;/td&gt;&#34;], &#34;log&#34;: &#34;----------------------------- Captured stdout call -----------------------------\n\u2705 test_login_026 \uc131\uacf5\n\n------------------------------ Captured log call -------------------------------\nINFO     src.utils.log_util:log_util.py:41 \u2705 test_login_026 \uc131\uacf5\n\n&#34;}], &#34;tests/test_login_page.py::TestLoginPage::test_login_027&#34;: [{&#34;extras&#34;: [], &#34;result&#34;: &#34;Passed&#34;, &#34;testId&#34;: &#34;tests/test_login_page.py::TestLoginPage::test_login_027&#34;, &#34;duration&#34;: &#34;00:00:09&#34;, &#34;resultsTableRow&#34;: [&#34;&lt;td class=\&#34;col-result\&#34;&gt;Passed&lt;/td&gt;&#34;, &#34;&lt;td class=\&#34;col-testId\&#34;&gt;tests/test_login_page.py::TestLoginPage::test_login_027&lt;/td&gt;&#34;, &#34;&lt;td class=\&#34;col-duration\&#34;&gt;00:00:09&lt;/td&gt;&#34;, &#34;&lt;td class=\&#34;col-links\&#34;&gt;&lt;/td&gt;&#34;], &#34;log&#34;: &#34;----------------------------- Captured stdout call -----------------------------\n\u2705 test_login_027 \uc131\uacf5\n\n------------------------------ Captured log call -------------------------------\nINFO     src.utils.log_util:log_util.py:41 \u2705 test_login_027 \uc131\uacf5\n\n&#34;}], &#34;tests/test_login_page.py::TestLoginPage::test_login_028&#34;: [{&#34;extras&#34;: [], &#34;result&#34;: &#34;Passed&#34;, &#34;testId&#34;: &#34;tests/test_login_page.py::TestLoginPage::test_login_028&#34;, &#34;duration&#34;: &#34;00:00:14&#34;, &#34;resultsTableRow&#34;: [&#34;&lt;td class=\&#34;col-result\&#34;&gt;Passed&lt;/td&gt;&#34;, &#34;&lt;td class=\&#34;col-testId\&#34;&gt;tests/test_login_page.py::TestLoginPage::test_login_028&lt;/td&gt;&#34;, &#34;&lt;td class=\&#34;col-duration\&#34;&gt;00:00:14&lt;/td&gt;&#34;, &#34;&lt;td class=\&#34;col-links\&#34;&gt;&lt;/td&gt;&#34;], &#34;log&#34;: &#34;----------------------------- Captured stdout call -----------------------------\n\u2705 test_login_028 \uc131\uacf5\n\n------------------------------ Captured log call -------------------------------\nINFO     src.utils.log_util:log_util.py:41 \u2705 test_login_028 \uc131\uacf5\n\n&#34;}], &#34;tests/test_login_page.py::TestLoginPage::test_login_029&#34;: [{&#34;extras&#34;: [], &#34;result&#34;: &#34;Passed&#34;, &#34;testId&#34;: &#34;tests/test_login_page.py::TestLoginPage::test_login_029&#34;, &#34;duration&#34;: &#34;00:00:08&#34;, &#34;resultsTableRow&#34;: [&#34;&lt;td class=\&#34;col-result\&#34;&gt;Passed&lt;/td&gt;&#34;, &#34;&lt;td class=\&#34;col-testId\&#34;&gt;tests/test_login_page.py::TestLoginPage::test_login_029&lt;/td&gt;&#34;, &#34;&lt;td class=\&#34;col-duration\&#34;&gt;00:00:08&lt;/td&gt;&#34;, &#34;&lt;td class=\&#34;col-links\&#34;&gt;&lt;/td&gt;&#34;], &#34;log&#34;: &#34;----------------------------- Captured stdout call -----------------------------\n\u2705 test_login_029 \uc131\uacf5\n\n------------------------------ Captured log call -------------------------------\nINFO     src.utils.log_util:log_util.py:41 \u2705 test_login_029 \uc131\uacf5\n\n&#34;}], &#34;tests/test_login_page.py::TestLoginPage::test_login_030&#34;: [{&#34;extras&#34;: [], &#34;result&#34;: &#34;Passed&#34;, &#34;testId&#34;: &#34;tests/test_login_page.py::TestLoginPage::test_login_030&#34;, &#34;duration&#34;: &#34;00:00:58&#34;, &#34;resultsTableRow&#34;: [&#34;&lt;td class=\&#34;col-result\&#34;&gt;Passed&lt;/td&gt;&#34;, &#34;&lt;td class=\&#34;col-testId\&#34;&gt;tests/test_login_page.py::TestLoginPage::test_login_030&lt;/td&gt;&#34;, &#34;&lt;td class=\&#34;col-duration\&#34;&gt;00:00:58&lt;/td&gt;&#34;, &#34;&lt;td class=\&#34;col-links\&#34;&gt;&lt;/td&gt;&#34;], &#34;log&#34;: &#34;----------------------------- Captured stdout call -----------------------------\n\u2705 test_login_030 \uc131\uacf5\n\n------------------------------ Captured log call -------------------------------\nINFO     src.utils.log_util:log_util.py:41 \u2705 test_login_030 \uc131\uacf5\n\n&#34;}], &#34;tests/test_login_page.py::TestLoginPage::test_login_031&#34;: [{&#34;extras&#34;: [], &#34;result&#34;: &#34;Passed&#34;, &#34;testId&#34;: &#34;tests/test_login_page.py::TestLoginPage::test_login_031&#34;, &#34;duration&#34;: &#34;00:00:12&#34;, &#34;resultsTableRow&#34;: [&#34;&lt;td class=\&#34;col-result\&#34;&gt;Passed&lt;/td&gt;&#34;, &#34;&lt;td class=\&#34;col-testId\&#34;&gt;tests/test_login_page.py::TestLoginPage::test_login_031&lt;/td&gt;&#34;, &#34;&lt;td class=\&#34;col-duration\&#34;&gt;00:00:12&lt;/td&gt;&#34;, &#34;&lt;td class=\&#34;col-links\&#34;&gt;&lt;/td&gt;&#34;], &#34;log&#34;: &#34;----------------------------- Captured stdout call -----------------------------\n\u2705 test_login_031 \uc131\uacf5\n\n------------------------------ Captured log call -------------------------------\nINFO     src.utils.log_util:log_util.py:41 \u2705 test_login_031 \uc131\uacf5\n\n&#34;}], &#34;tests/test_login_page.py::TestLoginPage::test_login_032&#34;: [{&#34;extras&#34;: [], &#34;result&#34;: &#34;Passed&#34;, &#34;testId&#34;: &#34;tests/test_login_page.py::TestLoginPage::test_login_032&#34;, &#34;duration&#34;: &#34;00:00:17&#34;, &#34;resultsTableRow&#34;: [&#34;&lt;td class=\&#34;col-result\&#34;&gt;Passed&lt;/td&gt;&#34;, &#34;&lt;td class=\&#34;col-testId\&#34;&gt;tests/test_login_page.py::TestLoginPage::test_login_032&lt;/td&gt;&#34;, &#34;&lt;td class=\&#34;col-duration\&#34;&gt;00:00:17&lt;/td&gt;&#34;, &#34;&lt;td class=\&#34;col-links\&#34;&gt;&lt;/td&gt;&#34;], &#34;log&#34;: &#34;----------------------------- Captured stdout call -----------------------------\n\u2705 test_login_032 \uc131\uacf5\n\n------------------------------ Captured log call -------------------------------\nINFO     src.utils.log_util:log_util.py:41 \u2705 test_login_032 \uc131\uacf5\n\n&#34;}], &#34;tests/test_login_page.py::TestLoginPage::test_login_033&#34;: [{&#34;extras&#34;: [], &#34;result&#34;: &#34;Passed&#34;, &#34;testId&#34;: &#34;tests/test_login_page.py::TestLoginPage::test_login_033&#34;, &#34;duration&#34;: &#34;00:00:14&#34;, &#34;resultsTableRow&#34;: [&#34;&lt;td class=\&#34;col-result\&#34;&gt;Passed&lt;/td&gt;&#34;, &#34;&lt;td class=\&#34;col-testId\&#34;&gt;tests/test_login_page.py::TestLoginPage::test_login_033&lt;/td&gt;&#34;, &#34;&lt;td class=\&#34;col-duration\&#34;&gt;00:00:14&lt;/td&gt;&#34;, &#34;&lt;td class=\&#34;col-links\&#34;&gt;&lt;/td&gt;&#34;], &#34;log&#34;: &#34;----------------------------- Captured stdout call -----------------------------\n\u2705 test_login_033 \uc131\uacf5\n\n------------------------------ Captured log call -------------------------------\nINFO     src.utils.log_util:log_util.py:41 \u2705 test_login_033 \uc131\uacf5\n\n&#34;}], &#34;tests/test_my_page.py::TestMyPage::test_my_page_001&#34;: [{&#34;extras&#34;: [], &#34;result&#34;: &#34;Skipped&#34;, &#34;testId&#34;: &#34;tests/test_my_page.py::TestMyPage::test_my_page_001::setup&#34;, &#34;duration&#34;: &#34;0 ms&#34;, &#34;resultsTableRow&#34;: [&#34;&lt;td class=\&#34;col-result\&#34;&gt;Skipped&lt;/td&gt;&#34;, &#34;&lt;td class=\&#34;col-testId\&#34;&gt;tests/test_my_page.py::TestMyPage::test_my_page_001::setup&lt;/td&gt;&#34;, &#34;&lt;td class=\&#34;col-duration\&#34;&gt;0 ms&lt;/td&gt;&#34;, &#34;&lt;td class=\&#34;col-links\&#34;&gt;&lt;/td&gt;&#34;], &#34;log&#34;: &#34;(&amp;#x27;C:\\\\Users\\\\GB\\\\Desktop\\\\KHY\\\\REPOS\\\\eliceproject_qa04\\\\tests\\\\test_my_page.py&amp;#x27;, 14, &amp;#x27;Skipped: unconditional skip&amp;#x27;)\n&#34;}], &#34;tests/test_my_page.py::TestMyPage::test_my_page_002&#34;: [{&#34;extras&#34;: [], &#34;result&#34;: &#34;Skipped&#34;, &#34;testId&#34;: &#34;tests/test_my_page.py::TestMyPage::test_my_page_002::setup&#34;, &#34;duration&#34;: &#34;0 ms&#34;, &#34;resultsTableRow&#34;: [&#34;&lt;td class=\&#34;col-result\&#34;&gt;Skipped&lt;/td&gt;&#34;, &#34;&lt;td class=\&#34;col-testId\&#34;&gt;tests/test_my_page.py::TestMyPage::test_my_page_002::setup&lt;/td&gt;&#34;, &#34;&lt;td class=\&#34;col-duration\&#34;&gt;0 ms&lt;/td&gt;&#34;, &#34;&lt;td class=\&#34;col-links\&#34;&gt;&lt;/td&gt;&#34;], &#34;log&#34;: &#34;(&amp;#x27;C:\\\\Users\\\\GB\\\\Desktop\\\\KHY\\\\REPOS\\\\eliceproject_qa04\\\\tests\\\\test_my_page.py&amp;#x27;, 89, &amp;#x27;Skipped: unconditional skip&amp;#x27;)\n&#34;}], &#34;tests/test_my_page.py::TestMyPage::test_my_page_003&#34;: [{&#34;extras&#34;: [], &#34;result&#34;: &#34;Skipped&#34;, &#34;testId&#34;: &#34;tests/test_my_page.py::TestMyPage::test_my_page_003::setup&#34;, &#34;duration&#34;: &#34;0 ms&#34;, &#34;resultsTableRow&#34;: [&#34;&lt;td class=\&#34;col-result\&#34;&gt;Skipped&lt;/td&gt;&#34;, &#34;&lt;td class=\&#34;col-testId\&#34;&gt;tests/test_my_page.py::TestMyPage::test_my_page_003::setup&lt;/td&gt;&#34;, &#34;&lt;td class=\&#34;col-duration\&#34;&gt;0 ms&lt;/td&gt;&#34;, &#34;&lt;td class=\&#34;col-links\&#34;&gt;&lt;/td&gt;&#34;], &#34;log&#34;: &#34;(&amp;#x27;C:\\\\Users\\\\GB\\\\Desktop\\\\KHY\\\\REPOS\\\\eliceproject_qa04\\\\tests\\\\test_my_page.py&amp;#x27;, 155, &amp;#x27;Skipped: unconditional skip&amp;#x27;)\n&#34;}], &#34;tests/test_my_page.py::TestMyPage::test_my_page_004&#34;: [{&#34;extras&#34;: [], &#34;result&#34;: &#34;Skipped&#34;, &#34;testId&#34;: &#34;tests/test_my_page.py::TestMyPage::test_my_page_004::setup&#34;, &#34;duration&#34;: &#34;0 ms&#34;, &#34;resultsTableRow&#34;: [&#34;&lt;td class=\&#34;col-result\&#34;&gt;Skipped&lt;/td&gt;&#34;, &#34;&lt;td class=\&#34;col-testId\&#34;&gt;tests/test_my_page.py::TestMyPage::test_my_page_004::setup&lt;/td&gt;&#34;, &#34;&lt;td class=\&#34;col-duration\&#34;&gt;0 ms&lt;/td&gt;&#34;, &#34;&lt;td class=\&#34;col-links\&#34;&gt;&lt;/td&gt;&#34;], &#34;log&#34;: &#34;(&amp;#x27;C:\\\\Users\\\\GB\\\\Desktop\\\\KHY\\\\REPOS\\\\eliceproject_qa04\\\\tests\\\\test_my_page.py&amp;#x27;, 219, &amp;#x27;Skipped: not comleted slider&amp;#x27;)\n&#34;}], &#34;tests/test_my_page.py::TestMyPage::test_my_page_005&#34;: [{&#34;extras&#34;: [], &#34;result&#34;: &#34;Failed&#34;, &#34;testId&#34;: &#34;tests/test_my_page.py::TestMyPage::test_my_page_005&#34;, &#34;duration&#34;: &#34;00:00:18&#34;, &#34;resultsTableRow&#34;: [&#34;&lt;td class=\&#34;col-result\&#34;&gt;Failed&lt;/td&gt;&#34;, &#34;&lt;td class=\&#34;col-testId\&#34;&gt;tests/test_my_page.py::TestMyPage::test_my_page_005&lt;/td&gt;&#34;, &#34;&lt;td class=\&#34;col-duration\&#34;&gt;00:00:18&lt;/td&gt;&#34;, &#34;&lt;td class=\&#34;col-links\&#34;&gt;&lt;/td&gt;&#34;], &#34;log&#34;: &#34;self = &amp;lt;tests.test_my_page.TestMyPage object at 0x000001EAE7CDD0D0&amp;gt;\ndriver = &amp;lt;selenium.webdriver.chrome.webdriver.WebDriver (session=&amp;quot;8c9e3839341822fa5de66ad53b6ecba6&amp;quot;)&amp;gt;\n\n    @pytest.mark.order\n    # \ud63c\ubc25 \ud6c4\uae30 \uc791\uc131\n    def test_my_page_005(self, driver):\n        # \ud6c4\uae30 \uc785\ub825 \uc815\ubcf4\n        food_name_input = &amp;quot;\uba54\ub274\uba85\uc744 \uc785\ub825\ud558\uc790&amp;quot;\n        food_review_input = &amp;quot;\ud6c4\uae30\ub97c \uc785\ub825\ud558\uc790&amp;quot;\n        image_file_name_input = &amp;quot;review_photo.jpg&amp;quot;\n    \n        # \ub85c\uadf8\uc778 \uc9c4\ud589\n        web_utils = WebUtils(driver)\n        web_utils.open_url()\n        web_utils.login(&amp;quot;qa04@ruu.kr&amp;quot;, &amp;quot;1234Qwer!&amp;quot;)\n        # \uac1c\uc778 \ud53c\ub4dc \uc9c0\uc785\n        web_utils.click_tab_personal()\n    \n        # \ud6c4\uae30 \ucd94\uac00\ud558\uae30 \ubc84\ud2bc \ud074\ub9ad \ubc0f \ud6c4\uae30 \uc791\uc131 \ud398\uc774\uc9c0 \uc9c4\uc785\n        my_page = MyPage(driver)\n        my_page.scroll_to_element(By.XPATH, &amp;#x27;//*[@id=&amp;quot;root&amp;quot;]/div[1]/main/section/section/div[2]/div[1]/button&amp;#x27;)\n        time.sleep(1)\n    \n        # \uba54\ub274\uba85 \uc785\ub825\n        my_page.menu_name_input(food_name_input)\n    \n        # \uc774\ubbf8\uc9c0 \uc5c5\ub85c\ub4dc\n        web_utils.review_image_upload()\n        time.sleep(1)\n    \n        # \uce74\ud14c\uace0\ub9ac \ub79c\ub364 \uc120\ud0dd\n        web_utils.review_category()\n        my_page.food_combobox_random()\n        time.sleep(1)\n    \n        # \ud6c4\uae30\uc758 \ud0dc\uadf8 \uc785\ub825 \uc815\ubcf4\n        category_value = driver.find_element(By.CSS_SELECTOR, &amp;quot;button[role=&amp;#x27;combobox&amp;#x27;] span&amp;quot;).text\n        tag_input = [&amp;quot;\ud63c\ubc25&amp;quot;, category_value]\n    \n        time.sleep(2)\n        my_page.review_input(food_review_input)\n    \n        # \ubcc4\uc810 \uc120\ud0dd\n        selected_star = my_page.review_star_random()\n    \n        # \uc791\uc131 \uc644\ub8cc \ud6c4 \uac1c\uc778 \ud53c\ub4dc \ub85c\ub529 \ub300\uae30\n        web_utils.review_completed()\n        time.sleep(2)\n    \n        # \ub9ac\ubdf0 \uc601\uc5ed \ub178\ucd9c \uc2dc \uae4c\uc9c0 \ub300\uae30\n        web_utils.wait_for_element_presence(By.CSS_SELECTOR,&amp;quot;.flex.w-full.gap-6.p-4.shadow-md.rounded-2xl&amp;quot;)\n    \n    \n        # \uba54\ub274 \uc815\ubcf4 \ud655\uc778\n        recent_review = my_page.recent_review_info()\n        expected_review = {&amp;quot;image_filename&amp;quot;: image_file_name_input,\n            &amp;quot;tags&amp;quot;: tag_input,\n            &amp;quot;menu_name&amp;quot;: food_name_input,\n            &amp;quot;star_rating&amp;quot;: selected_star,\n            &amp;quot;review_text&amp;quot;: food_review_input\n        }\n        for key in expected_review:\n&amp;gt;           assert recent_review[key] == expected_review[key], f&amp;quot;{key}\uac12: \uc608\uc0c1&amp;#x27;{expected_review[key]}&amp;#x27;,\uc2e4\uc81c&amp;#x27;{recent_review[key]}&amp;#x27;&amp;quot;\nE           AssertionError: image_filename\uac12: \uc608\uc0c1&amp;#x27;review_photo.jpg&amp;#x27;,\uc2e4\uc81c&amp;#x27;451e830b-634c-456e-ac3a-68a2c4415264_review_photo.jpg&amp;#x27;\nE           assert &amp;#x27;451e830b-634...iew_photo.jpg&amp;#x27; == &amp;#x27;review_photo.jpg&amp;#x27;\nE             \nE             - review_photo.jpg\nE             + 451e830b-634c-456e-ac3a-68a2c4415264_review_photo.jpg\n\ntests\\test_my_page.py:316: AssertionError\n&#34;}], &#34;tests/test_my_page.py::TestMyPage::test_my_page_006&#34;: [{&#34;extras&#34;: [], &#34;result&#34;: &#34;Skipped&#34;, &#34;testId&#34;: &#34;tests/test_my_page.py::TestMyPage::test_my_page_006::setup&#34;, &#34;duration&#34;: &#34;0 ms&#34;, &#34;resultsTableRow&#34;: [&#34;&lt;td class=\&#34;col-result\&#34;&gt;Skipped&lt;/td&gt;&#34;, &#34;&lt;td class=\&#34;col-testId\&#34;&gt;tests/test_my_page.py::TestMyPage::test_my_page_006::setup&lt;/td&gt;&#34;, &#34;&lt;td class=\&#34;col-duration\&#34;&gt;0 ms&lt;/td&gt;&#34;, &#34;&lt;td class=\&#34;col-links\&#34;&gt;&lt;/td&gt;&#34;], &#34;log&#34;: &#34;(&amp;#x27;C:\\\\Users\\\\GB\\\\Desktop\\\\KHY\\\\REPOS\\\\eliceproject_qa04\\\\tests\\\\test_my_page.py&amp;#x27;, 319, &amp;#x27;Skipped: pass, but not yet info check&amp;#x27;)\n&#34;}], &#34;tests/test_my_page.py::TestMyPage::test_my_page_007&#34;: [{&#34;extras&#34;: [], &#34;result&#34;: &#34;Skipped&#34;, &#34;testId&#34;: &#34;tests/test_my_page.py::TestMyPage::test_my_page_007::setup&#34;, &#34;duration&#34;: &#34;0 ms&#34;, &#34;resultsTableRow&#34;: [&#34;&lt;td class=\&#34;col-result\&#34;&gt;Skipped&lt;/td&gt;&#34;, &#34;&lt;td class=\&#34;col-testId\&#34;&gt;tests/test_my_page.py::TestMyPage::test_my_page_007::setup&lt;/td&gt;&#34;, &#34;&lt;td class=\&#34;col-duration\&#34;&gt;0 ms&lt;/td&gt;&#34;, &#34;&lt;td class=\&#34;col-links\&#34;&gt;&lt;/td&gt;&#34;], &#34;log&#34;: &#34;(&amp;#x27;C:\\\\Users\\\\GB\\\\Desktop\\\\KHY\\\\REPOS\\\\eliceproject_qa04\\\\tests\\\\test_my_page.py&amp;#x27;, 392, &amp;#x27;Skipped: same&amp;#x27;)\n&#34;}], &#34;tests/test_my_page.py::TestMyPage::test_my_page_008&#34;: [{&#34;extras&#34;: [], &#34;result&#34;: &#34;Skipped&#34;, &#34;testId&#34;: &#34;tests/test_my_page.py::TestMyPage::test_my_page_008::setup&#34;, &#34;duration&#34;: &#34;0 ms&#34;, &#34;resultsTableRow&#34;: [&#34;&lt;td class=\&#34;col-result\&#34;&gt;Skipped&lt;/td&gt;&#34;, &#34;&lt;td class=\&#34;col-testId\&#34;&gt;tests/test_my_page.py::TestMyPage::test_my_page_008::setup&lt;/td&gt;&#34;, &#34;&lt;td class=\&#34;col-duration\&#34;&gt;0 ms&lt;/td&gt;&#34;, &#34;&lt;td class=\&#34;col-links\&#34;&gt;&lt;/td&gt;&#34;], &#34;log&#34;: &#34;(&amp;#x27;C:\\\\Users\\\\GB\\\\Desktop\\\\KHY\\\\REPOS\\\\eliceproject_qa04\\\\tests\\\\test_my_page.py&amp;#x27;, 456, &amp;#x27;Skipped: unconditional skip&amp;#x27;)\n&#34;}], &#34;tests/test_my_page.py::TestMyPage::test_my_page_009&#34;: [{&#34;extras&#34;: [], &#34;result&#34;: &#34;Skipped&#34;, &#34;testId&#34;: &#34;tests/test_my_page.py::TestMyPage::test_my_page_009::setup&#34;, &#34;duration&#34;: &#34;0 ms&#34;, &#34;resultsTableRow&#34;: [&#34;&lt;td class=\&#34;col-result\&#34;&gt;Skipped&lt;/td&gt;&#34;, &#34;&lt;td class=\&#34;col-testId\&#34;&gt;tests/test_my_page.py::TestMyPage::test_my_page_009::setup&lt;/td&gt;&#34;, &#34;&lt;td class=\&#34;col-duration\&#34;&gt;0 ms&lt;/td&gt;&#34;, &#34;&lt;td class=\&#34;col-links\&#34;&gt;&lt;/td&gt;&#34;], &#34;log&#34;: &#34;(&amp;#x27;C:\\\\Users\\\\GB\\\\Desktop\\\\KHY\\\\REPOS\\\\eliceproject_qa04\\\\tests\\\\test_my_page.py&amp;#x27;, 483, &amp;#x27;Skipped: unconditional skip&amp;#x27;)\n&#34;}], &#34;tests/test_my_page.py::TestMyPage::test_my_page_010&#34;: [{&#34;extras&#34;: [], &#34;result&#34;: &#34;Skipped&#34;, &#34;testId&#34;: &#34;tests/test_my_page.py::TestMyPage::test_my_page_010::setup&#34;, &#34;duration&#34;: &#34;0 ms&#34;, &#34;resultsTableRow&#34;: [&#34;&lt;td class=\&#34;col-result\&#34;&gt;Skipped&lt;/td&gt;&#34;, &#34;&lt;td class=\&#34;col-testId\&#34;&gt;tests/test_my_page.py::TestMyPage::test_my_page_010::setup&lt;/td&gt;&#34;, &#34;&lt;td class=\&#34;col-duration\&#34;&gt;0 ms&lt;/td&gt;&#34;, &#34;&lt;td class=\&#34;col-links\&#34;&gt;&lt;/td&gt;&#34;], &#34;log&#34;: &#34;(&amp;#x27;C:\\\\Users\\\\GB\\\\Desktop\\\\KHY\\\\REPOS\\\\eliceproject_qa04\\\\tests\\\\test_my_page.py&amp;#x27;, 521, &amp;#x27;Skipped: unconditional skip&amp;#x27;)\n&#34;}], &#34;tests/test_team_feed_page.py::TestTeamFeedPage::test_team_001&#34;: [{&#34;extras&#34;: [], &#34;result&#34;: &#34;Passed&#34;, &#34;testId&#34;: &#34;tests/test_team_feed_page.py::TestTeamFeedPage::test_team_001&#34;, &#34;duration&#34;: &#34;00:00:10&#34;, &#34;resultsTableRow&#34;: [&#34;&lt;td class=\&#34;col-result\&#34;&gt;Passed&lt;/td&gt;&#34;, &#34;&lt;td class=\&#34;col-testId\&#34;&gt;tests/test_team_feed_page.py::TestTeamFeedPage::test_team_001&lt;/td&gt;&#34;, &#34;&lt;td class=\&#34;col-duration\&#34;&gt;00:00:10&lt;/td&gt;&#34;, &#34;&lt;td class=\&#34;col-links\&#34;&gt;&lt;/td&gt;&#34;], &#34;log&#34;: &#34;----------------------------- Captured stdout call -----------------------------\n\u2705 \ud398\uc774\uc9c0 \ud0c0\uc774\ud2c0\uc774 \uc62c\ubc14\ub974\uac8c \uc81c\uacf5\ub418\uc5c8\uc2b5\ub2c8\ub2e4.\n\u2705 \ud604\uc7ac \ud300 \uba85\uc774 \ub0b4 \ud300\uba85\uacfc \uc77c\uce58\ud569\ub2c8\ub2e4.\n\u2705 test_team_001 \uc131\uacf5\n\n------------------------------ Captured log call -------------------------------\nINFO     src.utils.log_util:log_util.py:41 \u2705 test_team_001 \uc131\uacf5\n\n&#34;}], &#34;tests/test_team_feed_page.py::TestTeamFeedPage::test_team_002&#34;: [{&#34;extras&#34;: [], &#34;result&#34;: &#34;Passed&#34;, &#34;testId&#34;: &#34;tests/test_team_feed_page.py::TestTeamFeedPage::test_team_002&#34;, &#34;duration&#34;: &#34;00:00:11&#34;, &#34;resultsTableRow&#34;: [&#34;&lt;td class=\&#34;col-result\&#34;&gt;Passed&lt;/td&gt;&#34;, &#34;&lt;td class=\&#34;col-testId\&#34;&gt;tests/test_team_feed_page.py::TestTeamFeedPage::test_team_002&lt;/td&gt;&#34;, &#34;&lt;td class=\&#34;col-duration\&#34;&gt;00:00:11&lt;/td&gt;&#34;, &#34;&lt;td class=\&#34;col-links\&#34;&gt;&lt;/td&gt;&#34;], &#34;log&#34;: &#34;----------------------------- Captured stdout call -----------------------------\n\u2705 \ub4a4\ub85c\uac00\uae30 \uc2dc \uba54\uc778 \ud398\uc774\uc9c0\ub85c \uc815\uc0c1 \uc774\ub3d9\ub418\uc5c8\uc2b5\ub2c8\ub2e4.\n\u2705 test_team_002 \uc131\uacf5\n\n------------------------------ Captured log call -------------------------------\nINFO     src.utils.log_util:log_util.py:41 \u2705 test_team_002 \uc131\uacf5\n\n&#34;}], &#34;tests/test_team_feed_page.py::TestTeamFeedPage::test_team_003&#34;: [{&#34;extras&#34;: [], &#34;result&#34;: &#34;Failed&#34;, &#34;testId&#34;: &#34;tests/test_team_feed_page.py::TestTeamFeedPage::test_team_003&#34;, &#34;duration&#34;: &#34;00:00:12&#34;, &#34;resultsTableRow&#34;: [&#34;&lt;td class=\&#34;col-result\&#34;&gt;Failed&lt;/td&gt;&#34;, &#34;&lt;td class=\&#34;col-testId\&#34;&gt;tests/test_team_feed_page.py::TestTeamFeedPage::test_team_003&lt;/td&gt;&#34;, &#34;&lt;td class=\&#34;col-duration\&#34;&gt;00:00:12&lt;/td&gt;&#34;, &#34;&lt;td class=\&#34;col-links\&#34;&gt;&lt;/td&gt;&#34;], &#34;log&#34;: &#34;self = &amp;lt;tests.test_team_feed_page.TestTeamFeedPage object at 0x000001EAE7CDDBB0&amp;gt;\ndriver = &amp;lt;selenium.webdriver.chrome.webdriver.WebDriver (session=&amp;quot;8388bbc16ab9cba39fd11f13fd0a27ba&amp;quot;)&amp;gt;\n\n    def test_team_003(self, driver:WebDriver):      # \ud300 \ud53c\ub4dc \uc9c4\uc785 \ud6c4 \ud300 \ubcc0\uacbd &amp;gt; \ub4a4\ub85c \uac00\uae30 \uc2dc \ub0b4 \ud300 \uc815\ubcf4 \uc81c\uacf5\ub418\ub294\uc9c0 \ud655\uc778\n        try:\n            # Settings - \ud14c\uc2a4\ud2b8\ub97c \uc704\ud55c \uc138\ud305\n            webutils = WebUtils(driver)\n            team_feed = TeamFeed(driver)\n    \n            # Preconditions - \ud300 \ud53c\ub4dc \uc9c4\uc785 \ud6c4 \ub0b4 \ud300 \uc678 \ub2e4\ub978 \ud300 \uc9c4\uc785 (\uac1c\ubc1c 1\ud300)\n            team_feed.into_team_feed()\n            ori_profile_team_name = driver.find_element(By.CSS_SELECTOR, &amp;quot;.px-2.py-1.rounded-lg.bg-sub-2&amp;quot;).find_element(By.CLASS_NAME, &amp;quot;text-white&amp;quot;).text\n            ori_combo_team_name = driver.find_element(By.CSS_SELECTOR, &amp;quot;[style=&amp;#x27;pointer-events: none;&amp;#x27;]&amp;quot;).text\n            team_feed.open_team_combobox()\n            team_feed.select_team_combobox(0)\n            ws(driver, 5).until(EC.visibility_of_element_located((By.CSS_SELECTOR, &amp;quot;.flex.flex-col.w-full.gap-3&amp;quot;)))\n    \n            # Steps - \ub4a4\ub85c\uac00\uae30 \uc2e4\ud589\n            webutils.click_back()\n    \n            # Expected Result - \ud504\ub85c\ud544 / \ucf64\ubcf4\ubc15\uc2a4\uc758 \ud300 \uc774\ub984\uc774 \uc6d0\ub798\ub300\ub85c \ubcc0\uacbd\ub418\uc5c8\ub294\uc9c0 \uac80\uc99d\n            cur_profile_team_name = driver.find_element(By.CSS_SELECTOR, &amp;quot;.px-2.py-1.rounded-lg.bg-sub-2&amp;quot;).find_element(By.CLASS_NAME, &amp;quot;text-white&amp;quot;).text\n            cur_combo_team_name = driver.find_element(By.CSS_SELECTOR, &amp;quot;[style=&amp;#x27;pointer-events: none;&amp;#x27;]&amp;quot;).text\n    \n            assert ori_profile_team_name == cur_profile_team_name, &amp;quot;\u274c \ud504\ub85c\ud544 \uc601\uc5ed\uc758 \ud300 \uc774\ub984\uc774 \uc6d0\ub798\ub300\ub85c \ubcc0\uacbd\ub418\uc9c0 \uc54a\uc558\uc2b5\ub2c8\ub2e4.&amp;quot;\n            print(&amp;quot;\u2705 \ud504\ub85c\ud544 \uc601\uc5ed\uc758 \ud300 \uc774\ub984\uc774 \uc6d0\ub798\ub300\ub85c \ubcc0\uacbd\ub418\uc5c8\uc2b5\ub2c8\ub2e4.&amp;quot;)\n    \n&amp;gt;           assert ori_combo_team_name == cur_combo_team_name, &amp;quot;\u274c \ucf64\ubcf4\ubc15\uc2a4\uc758 \ud300 \uc774\ub984\uc774 \ubcc0\uacbd\ub418\uc9c0 \uc54a\uc558\uc2b5\ub2c8\ub2e4.&amp;quot;\nE           AssertionError: \u274c \ucf64\ubcf4\ubc15\uc2a4\uc758 \ud300 \uc774\ub984\uc774 \ubcc0\uacbd\ub418\uc9c0 \uc54a\uc558\uc2b5\ub2c8\ub2e4.\nE           assert &amp;#x27;\ub514\uc790\uc778 1\ud300&amp;#x27; == &amp;#x27;\uac1c\ubc1c 1\ud300&amp;#x27;\nE             \nE             - \uac1c\ubc1c 1\ud300\nE             + \ub514\uc790\uc778 1\ud300\n\ntests\\test_team_feed_page.py:80: AssertionError\n\n----------------------------- Captured stdout call -----------------------------\n\u2705 \ud504\ub85c\ud544 \uc601\uc5ed\uc758 \ud300 \uc774\ub984\uc774 \uc6d0\ub798\ub300\ub85c \ubcc0\uacbd\ub418\uc5c8\uc2b5\ub2c8\ub2e4.\n\u274c test_team_003 - \u274c \ucf64\ubcf4\ubc15\uc2a4\uc758 \ud300 \uc774\ub984\uc774 \ubcc0\uacbd\ub418\uc9c0 \uc54a\uc558\uc2b5\ub2c8\ub2e4.\nassert &amp;#x27;\ub514\uc790\uc778 1\ud300&amp;#x27; == &amp;#x27;\uac1c\ubc1c 1\ud300&amp;#x27;\n  \n  - \uac1c\ubc1c 1\ud300\n  + \ub514\uc790\uc778 1\ud300\n\ud83d\udcf8 \uc2a4\ud06c\ub9b0\uc0f7 \uc800\uc7a5: C:\\Users\\GB\\Desktop\\KHY\\REPOS\\eliceproject_qa04\\reports\\screenshots\\test_team_003_20250402_160333.png\n\n------------------------------ Captured log call -------------------------------\nERROR    src.utils.log_util:log_util.py:50 \u274c test_team_003 - \u274c \ucf64\ubcf4\ubc15\uc2a4\uc758 \ud300 \uc774\ub984\uc774 \ubcc0\uacbd\ub418\uc9c0 \uc54a\uc558\uc2b5\ub2c8\ub2e4.\nassert &amp;#x27;\ub514\uc790\uc778 1\ud300&amp;#x27; == &amp;#x27;\uac1c\ubc1c 1\ud300&amp;#x27;\n  \n  - \uac1c\ubc1c 1\ud300\n  + \ub514\uc790\uc778 1\ud300\n\n&#34;}], &#34;tests/test_team_feed_page.py::TestTeamFeedPage::test_team_005&#34;: [{&#34;extras&#34;: [], &#34;result&#34;: &#34;Passed&#34;, &#34;testId&#34;: &#34;tests/test_team_feed_page.py::TestTeamFeedPage::test_team_005&#34;, &#34;duration&#34;: &#34;00:00:17&#34;, &#34;resultsTableRow&#34;: [&#34;&lt;td class=\&#34;col-result\&#34;&gt;Passed&lt;/td&gt;&#34;, &#34;&lt;td class=\&#34;col-testId\&#34;&gt;tests/test_team_feed_page.py::TestTeamFeedPage::test_team_005&lt;/td&gt;&#34;, &#34;&lt;td class=\&#34;col-duration\&#34;&gt;00:00:17&lt;/td&gt;&#34;, &#34;&lt;td class=\&#34;col-links\&#34;&gt;&lt;/td&gt;&#34;], &#34;log&#34;: &#34;----------------------------- Captured stdout call -----------------------------\n\u2705 \ud504\ub85c\ud544 \ud3b8\uc9d1 \ubc84\ud2bc\uc774 \uc874\uc7ac\ud558\uc9c0 \uc54a\uc2b5\ub2c8\ub2e4.\n\u2705 test_team_005 \uc131\uacf5\n\n------------------------------ Captured log call -------------------------------\nINFO     src.utils.log_util:log_util.py:41 \u2705 test_team_005 \uc131\uacf5\n\n&#34;}], &#34;tests/test_team_feed_page.py::TestTeamFeedPage::test_team_006&#34;: [{&#34;extras&#34;: [], &#34;result&#34;: &#34;Passed&#34;, &#34;testId&#34;: &#34;tests/test_team_feed_page.py::TestTeamFeedPage::test_team_006&#34;, &#34;duration&#34;: &#34;00:00:14&#34;, &#34;resultsTableRow&#34;: [&#34;&lt;td class=\&#34;col-result\&#34;&gt;Passed&lt;/td&gt;&#34;, &#34;&lt;td class=\&#34;col-testId\&#34;&gt;tests/test_team_feed_page.py::TestTeamFeedPage::test_team_006&lt;/td&gt;&#34;, &#34;&lt;td class=\&#34;col-duration\&#34;&gt;00:00:14&lt;/td&gt;&#34;, &#34;&lt;td class=\&#34;col-links\&#34;&gt;&lt;/td&gt;&#34;], &#34;log&#34;: &#34;----------------------------- Captured stdout call -----------------------------\n\u2705 \ud504\ub85c\ud544 \ud3b8\uc9d1 \ubc84\ud2bc\uc774 \uc815\uc0c1 \uc81c\uacf5 \ub418\uc5c8\uc2b5\ub2c8\ub2e4.\n\u2705 \ud504\ub85c\ud544 \uc815\ubcf4 \uc218\uc815 \ubaa8\ub2ec\uc774 \uc815\uc0c1 \uc81c\uacf5\ub418\uc5c8\uc2b5\ub2c8\ub2e4.\n\u2705 test_team_006 \uc131\uacf5\n\n------------------------------ Captured log call -------------------------------\nINFO     src.utils.log_util:log_util.py:41 \u2705 test_team_006 \uc131\uacf5\n\n&#34;}], &#34;tests/test_team_feed_page.py::TestTeamFeedPage::test_team_007&#34;: [{&#34;extras&#34;: [], &#34;result&#34;: &#34;Passed&#34;, &#34;testId&#34;: &#34;tests/test_team_feed_page.py::TestTeamFeedPage::test_team_007&#34;, &#34;duration&#34;: &#34;00:00:15&#34;, &#34;resultsTableRow&#34;: [&#34;&lt;td class=\&#34;col-result\&#34;&gt;Passed&lt;/td&gt;&#34;, &#34;&lt;td class=\&#34;col-testId\&#34;&gt;tests/test_team_feed_page.py::TestTeamFeedPage::test_team_007&lt;/td&gt;&#34;, &#34;&lt;td class=\&#34;col-duration\&#34;&gt;00:00:15&lt;/td&gt;&#34;, &#34;&lt;td class=\&#34;col-links\&#34;&gt;&lt;/td&gt;&#34;], &#34;log&#34;: &#34;----------------------------- Captured stdout call -----------------------------\n\u2705 \ud300\uc774 \uba39\uc740 \uba54\ub274 \ucd94\uac00 \ubc84\ud2bc\uc774 \uc81c\uacf5\ub418\uc9c0 \uc54a\uc558\uc2b5\ub2c8\ub2e4.\n\u2705 test_team_007 \uc131\uacf5\n\n------------------------------ Captured log call -------------------------------\nINFO     src.utils.log_util:log_util.py:41 \u2705 test_team_007 \uc131\uacf5\n\n&#34;}], &#34;tests/test_team_feed_page.py::TestTeamFeedPage::test_team_008&#34;: [{&#34;extras&#34;: [], &#34;result&#34;: &#34;Passed&#34;, &#34;testId&#34;: &#34;tests/test_team_feed_page.py::TestTeamFeedPage::test_team_008&#34;, &#34;duration&#34;: &#34;00:00:14&#34;, &#34;resultsTableRow&#34;: [&#34;&lt;td class=\&#34;col-result\&#34;&gt;Passed&lt;/td&gt;&#34;, &#34;&lt;td class=\&#34;col-testId\&#34;&gt;tests/test_team_feed_page.py::TestTeamFeedPage::test_team_008&lt;/td&gt;&#34;, &#34;&lt;td class=\&#34;col-duration\&#34;&gt;00:00:14&lt;/td&gt;&#34;, &#34;&lt;td class=\&#34;col-links\&#34;&gt;&lt;/td&gt;&#34;], &#34;log&#34;: &#34;----------------------------- Captured stdout call -----------------------------\n\u2705 test_team_008 \uc131\uacf5\n\n------------------------------ Captured log call -------------------------------\nINFO     src.utils.log_util:log_util.py:41 \u2705 test_team_008 \uc131\uacf5\n\n&#34;}], &#34;tests/test_team_feed_page.py::TestTeamFeedPage::test_team_010&#34;: [{&#34;extras&#34;: [], &#34;result&#34;: &#34;Passed&#34;, &#34;testId&#34;: &#34;tests/test_team_feed_page.py::TestTeamFeedPage::test_team_010&#34;, &#34;duration&#34;: &#34;00:00:11&#34;, &#34;resultsTableRow&#34;: [&#34;&lt;td class=\&#34;col-result\&#34;&gt;Passed&lt;/td&gt;&#34;, &#34;&lt;td class=\&#34;col-testId\&#34;&gt;tests/test_team_feed_page.py::TestTeamFeedPage::test_team_010&lt;/td&gt;&#34;, &#34;&lt;td class=\&#34;col-duration\&#34;&gt;00:00:11&lt;/td&gt;&#34;, &#34;&lt;td class=\&#34;col-links\&#34;&gt;&lt;/td&gt;&#34;], &#34;log&#34;: &#34;----------------------------- Captured stdout call -----------------------------\n\u2705 \ub9ac\ubdf0 \ud14d\uc2a4\ud2b8\uac00 \uc811\ud798 \uc0c1\ud0dc\uc5d0\uc11c 32\uc790 \uc774\ud558\ub85c \ubcf4\uc5ec\uc9c0\uace0 \uc788\uc2b5\ub2c8\ub2e4.\n\u2705 \ub9ac\ubdf0 \uc804\uccb4 \ub0b4\uc6a9\uacfc \ud3bc\uce58\uae30 \uc0c1\ud0dc\uc5d0\uc11c \ubcf4\uc5ec\uc9c0\ub294 \ub0b4\uc6a9\uc774 \ub3d9\uc77c\ud569\ub2c8\ub2e4.\n\u2705 test_team_010 \uc131\uacf5\n\n------------------------------ Captured log call -------------------------------\nINFO     src.utils.log_util:log_util.py:41 \u2705 test_team_010 \uc131\uacf5\n\n&#34;}], &#34;tests/test_team_feed_page.py::TestTeamFeedPage::test_team_018&#34;: [{&#34;extras&#34;: [], &#34;result&#34;: &#34;Passed&#34;, &#34;testId&#34;: &#34;tests/test_team_feed_page.py::TestTeamFeedPage::test_team_018&#34;, &#34;duration&#34;: &#34;00:00:16&#34;, &#34;resultsTableRow&#34;: [&#34;&lt;td class=\&#34;col-result\&#34;&gt;Passed&lt;/td&gt;&#34;, &#34;&lt;td class=\&#34;col-testId\&#34;&gt;tests/test_team_feed_page.py::TestTeamFeedPage::test_team_018&lt;/td&gt;&#34;, &#34;&lt;td class=\&#34;col-duration\&#34;&gt;00:00:16&lt;/td&gt;&#34;, &#34;&lt;td class=\&#34;col-links\&#34;&gt;&lt;/td&gt;&#34;], &#34;log&#34;: &#34;----------------------------- Captured stdout call -----------------------------\n\u2705 \ub2e8 \ub9db \ubcc0\uacbd \ub0b4\uc6a9\uc774 \uc815\uc0c1 \ubc18\uc601\ub418\uc5c8\uc2b5\ub2c8\ub2e4.\n\u2705 \uc9e0 \ub9db \ubcc0\uacbd \ub0b4\uc6a9\uc774 \uc815\uc0c1 \ubc18\uc601\ub418\uc5c8\uc2b5\ub2c8\ub2e4.\n\u2705 \ub9e4\uc6b4 \ub9db \ubcc0\uacbd \ub0b4\uc6a9\uc774 \uc815\uc0c1 \ubc18\uc601\ub418\uc5c8\uc2b5\ub2c8\ub2e4.\n\u2705 &amp;#x27;\uc774\ub7f0 \uc74c\uc2dd\uc740 \uc88b\uc544\uc694&amp;#x27; \ud14d\uc2a4\ud2b8 \ubcc0\uacbd \ub0b4\uc6a9\uc774 \uc815\uc0c1 \ubc18\uc601\ub418\uc5c8\uc2b5\ub2c8\ub2e4.\n\u2705 &amp;#x27;\uc774\ub7f0 \uc74c\uc2dd\uc740 \uc2eb\uc5b4\uc694&amp;#x27; \ud14d\uc2a4\ud2b8 \ubcc0\uacbd \ub0b4\uc6a9\uc774 \uc815\uc0c1 \ubc18\uc601\ub418\uc5c8\uc2b5\ub2c8\ub2e4.\n\u2705 test_team_018 \uc131\uacf5\n\n------------------------------ Captured log call -------------------------------\nINFO     src.utils.log_util:log_util.py:41 \u2705 test_team_018 \uc131\uacf5\n\n&#34;}], &#34;tests/test_team_feed_page.py::TestTeamFeedPage::test_team_020&#34;: [{&#34;extras&#34;: [], &#34;result&#34;: &#34;Failed&#34;, &#34;testId&#34;: &#34;tests/test_team_feed_page.py::TestTeamFeedPage::test_team_020&#34;, &#34;duration&#34;: &#34;00:00:12&#34;, &#34;resultsTableRow&#34;: [&#34;&lt;td class=\&#34;col-result\&#34;&gt;Failed&lt;/td&gt;&#34;, &#34;&lt;td class=\&#34;col-testId\&#34;&gt;tests/test_team_feed_page.py::TestTeamFeedPage::test_team_020&lt;/td&gt;&#34;, &#34;&lt;td class=\&#34;col-duration\&#34;&gt;00:00:12&lt;/td&gt;&#34;, &#34;&lt;td class=\&#34;col-links\&#34;&gt;&lt;/td&gt;&#34;], &#34;log&#34;: &#34;self = &amp;lt;tests.test_team_feed_page.TestTeamFeedPage object at 0x000001EAE7CDE810&amp;gt;\ndriver = &amp;lt;selenium.webdriver.chrome.webdriver.WebDriver (session=&amp;quot;b41ca59e07ec394b278d14151b1f1494&amp;quot;)&amp;gt;\n\n    def test_team_020(self, driver:WebDriver):    # \uc120\ud638 \ud14d\uc2a4\ud2b8 10\uc790 \ubbf8\ub9cc\uc77c \ub54c \uc800\uc7a5 \uc2dc\ub3c4 \uc2dc Error Alert Text \uc81c\uacf5\ud558\ub294\uc9c0 \ud655\uc778\n        try:\n            # Settings - \ud14c\uc2a4\ud2b8\ub97c \uc704\ud55c \uc138\ud305\n            team_feed = TeamFeed(driver)\n            webutils = WebUtils(driver)\n    \n            # Precondition - \ud300 \ud53c\ub4dc \uc9c4\uc785\ud558\uc5ec \ud300 \ud504\ub85c\ud544 \uc218\uc815 \ubaa8\ub2ec \uc9c4\uc785\n            team_feed.into_team_feed()\n            team_feed.click_modify_team_profile_icon()\n    \n            # \ubaa8\ub2ec \ub0b4 \uc815\ubcf4 \uc218\uc815 \ud3fc \ub098\ud0c0\ub0a0 \ub54c\uae4c\uc9c0 \ub300\uae30\n            webutils.wait_for_element_presence(By.TAG_NAME, &amp;quot;form&amp;quot;)\n    \n            # Steps\n            # \uc120\ud638 \ud14d\uc2a4\ud2b8 \uc785\ub825\n            in_modal_favor_text = &amp;quot;\uba74\uc774\ub098 \ub5a1&amp;quot;\n            team_feed.modify_team_favorite_text(in_modal_favor_text)\n    \n            # \ud504\ub85c\ud544 \uc218\uc815 \uc644\ub8cc \ubc84\ud2bc \ud074\ub9ad\n&amp;gt;           team_feed.click_team_profile_modify_done()\n\ntests\\test_team_feed_page.py:342: \n_ _ _ _ _ _ _ _ _ _ _ _ _ _ _ _ _ _ _ _ _ _ _ _ _ _ _ _ _ _ _ _ _ _ _ _ _ _ _ _ _ _ _ _ _ _ _ _ _ _ _ _ _ _ _ _ _ _ _ _ _ _ _ _ _ _ _ _ _ _ _\nsrc\\pages\\team_feed_page.py:32: in click_team_profile_modify_done\n    team_modify_done_btn.click()\nC:\\Users\\GB\\AppData\\Local\\Programs\\Python\\Python312\\Lib\\site-packages\\selenium\\webdriver\\remote\\webelement.py:119: in click\n    self._execute(Command.CLICK_ELEMENT)\nC:\\Users\\GB\\AppData\\Local\\Programs\\Python\\Python312\\Lib\\site-packages\\selenium\\webdriver\\remote\\webelement.py:570: in _execute\n    return self._parent.execute(command, params)\nC:\\Users\\GB\\AppData\\Local\\Programs\\Python\\Python312\\Lib\\site-packages\\selenium\\webdriver\\remote\\webdriver.py:429: in execute\n    self.error_handler.check_response(response)\n_ _ _ _ _ _ _ _ _ _ _ _ _ _ _ _ _ _ _ _ _ _ _ _ _ _ _ _ _ _ _ _ _ _ _ _ _ _ _ _ _ _ _ _ _ _ _ _ _ _ _ _ _ _ _ _ _ _ _ _ _ _ _ _ _ _ _ _ _ _ _\n\nself = &amp;lt;selenium.webdriver.remote.errorhandler.ErrorHandler object at 0x000001EAE7D03C20&amp;gt;\nresponse = {&amp;#x27;status&amp;#x27;: 400, &amp;#x27;value&amp;#x27;: &amp;#x27;{&amp;quot;value&amp;quot;:{&amp;quot;error&amp;quot;:&amp;quot;element click intercepted&amp;quot;,&amp;quot;message&amp;quot;:&amp;quot;element click intercepted: Element ...07FF7C3DBEAA9]\\\\n\\\\tBaseThreadInitThunk [0x00007FF81542E8D7+23]\\\\n\\\\tRtlUserThreadStart [0x00007FF816A1BF6C+44]\\\\n&amp;quot;}}&amp;#x27;}\n\n    def check_response(self, response: Dict[str, Any]) -&amp;gt; None:\n        &amp;quot;&amp;quot;&amp;quot;Checks that a JSON response from the WebDriver does not have an\n        error.\n    \n        :Args:\n         - response - The JSON response from the WebDriver server as a dictionary\n           object.\n    \n        :Raises: If the response contains an error message.\n        &amp;quot;&amp;quot;&amp;quot;\n        status = response.get(&amp;quot;status&amp;quot;, None)\n        if not status or status == ErrorCode.SUCCESS:\n            return\n        value = None\n        message = response.get(&amp;quot;message&amp;quot;, &amp;quot;&amp;quot;)\n        screen: str = response.get(&amp;quot;screen&amp;quot;, &amp;quot;&amp;quot;)\n        stacktrace = None\n        if isinstance(status, int):\n            value_json = response.get(&amp;quot;value&amp;quot;, None)\n            if value_json and isinstance(value_json, str):\n                import json\n    \n                try:\n                    value = json.loads(value_json)\n                    if len(value) == 1:\n                        value = value[&amp;quot;value&amp;quot;]\n                    status = value.get(&amp;quot;error&amp;quot;, None)\n                    if not status:\n                        status = value.get(&amp;quot;status&amp;quot;, ErrorCode.UNKNOWN_ERROR)\n                        message = value.get(&amp;quot;value&amp;quot;) or value.get(&amp;quot;message&amp;quot;)\n                        if not isinstance(message, str):\n                            value = message\n                            message = message.get(&amp;quot;message&amp;quot;)\n                    else:\n                        message = value.get(&amp;quot;message&amp;quot;, None)\n                except ValueError:\n                    pass\n    \n        exception_class: Type[WebDriverException]\n        e = ErrorCode()\n        error_codes = [item for item in dir(e) if not item.startswith(&amp;quot;__&amp;quot;)]\n        for error_code in error_codes:\n            error_info = getattr(ErrorCode, error_code)\n            if isinstance(error_info, list) and status in error_info:\n                exception_class = getattr(ExceptionMapping, error_code, WebDriverException)\n                break\n        else:\n            exception_class = WebDriverException\n    \n        if not value:\n            value = response[&amp;quot;value&amp;quot;]\n        if isinstance(value, str):\n            raise exception_class(value)\n        if message == &amp;quot;&amp;quot; and &amp;quot;message&amp;quot; in value:\n            message = value[&amp;quot;message&amp;quot;]\n    \n        screen = None  # type: ignore[assignment]\n        if &amp;quot;screen&amp;quot; in value:\n            screen = value[&amp;quot;screen&amp;quot;]\n    \n        stacktrace = None\n        st_value = value.get(&amp;quot;stackTrace&amp;quot;) or value.get(&amp;quot;stacktrace&amp;quot;)\n        if st_value:\n            if isinstance(st_value, str):\n                stacktrace = st_value.split(&amp;quot;\\n&amp;quot;)\n            else:\n                stacktrace = []\n                try:\n                    for frame in st_value:\n                        line = frame.get(&amp;quot;lineNumber&amp;quot;, &amp;quot;&amp;quot;)\n                        file = frame.get(&amp;quot;fileName&amp;quot;, &amp;quot;&amp;lt;anonymous&amp;gt;&amp;quot;)\n                        if line:\n                            file = f&amp;quot;{file}:{line}&amp;quot;\n                        meth = frame.get(&amp;quot;methodName&amp;quot;, &amp;quot;&amp;lt;anonymous&amp;gt;&amp;quot;)\n                        if &amp;quot;className&amp;quot; in frame:\n                            meth = f&amp;quot;{frame[&amp;#x27;className&amp;#x27;]}.{meth}&amp;quot;\n                        msg = &amp;quot;    at %s (%s)&amp;quot;\n                        msg = msg % (meth, file)\n                        stacktrace.append(msg)\n                except TypeError:\n                    pass\n        if exception_class == UnexpectedAlertPresentException:\n            alert_text = None\n            if &amp;quot;data&amp;quot; in value:\n                alert_text = value[&amp;quot;data&amp;quot;].get(&amp;quot;text&amp;quot;)\n            elif &amp;quot;alert&amp;quot; in value:\n                alert_text = value[&amp;quot;alert&amp;quot;].get(&amp;quot;text&amp;quot;)\n            raise exception_class(message, screen, stacktrace, alert_text)  # type: ignore[call-arg]  # mypy is not smart enough here\n&amp;gt;       raise exception_class(message, screen, stacktrace)\nE       selenium.common.exceptions.ElementClickInterceptedException: Message: element click intercepted: Element &amp;lt;button class=&amp;quot;cursor-pointer inline-flex items-center justify-center gap-2 whitespace-nowrap rounded-md font-medium ring-offset-background transition-colors focus-visible:outline-none focus-visible:ring-2 focus-visible:ring-ring focus-visible:ring-offset-2 disabled:pointer-events-none disabled:opacity-50 [&amp;amp;amp;_svg]:pointer-events-none [&amp;amp;amp;_svg]:size-4 [&amp;amp;amp;_svg]:shrink-0 bg-main text-white hover:bg-main/90 h-10 px-4 py-2&amp;quot; type=&amp;quot;submit&amp;quot;&amp;gt;...&amp;lt;/button&amp;gt; is not clickable at point (769, 556). Other element would receive the click: &amp;lt;div class=&amp;quot;flex-1 overflow-auto&amp;quot;&amp;gt;...&amp;lt;/div&amp;gt;\nE         (Session info: chrome=134.0.6998.178)\nE       Stacktrace:\nE       \tGetHandleVerifier [0x00007FF7C4164C25+3179557]\nE       \t(No symbol) [0x00007FF7C3DC88A0]\nE       \t(No symbol) [0x00007FF7C3C591CA]\nE       \t(No symbol) [0x00007FF7C3CB7929]\nE       \t(No symbol) [0x00007FF7C3CB52E2]\nE       \t(No symbol) [0x00007FF7C3CB2381]\nE       \t(No symbol) [0x00007FF7C3CB1281]\nE       \t(No symbol) [0x00007FF7C3CA2DD6]\nE       \t(No symbol) [0x00007FF7C3CD7C2A]\nE       \t(No symbol) [0x00007FF7C3CA22D6]\nE       \t(No symbol) [0x00007FF7C3CD7E40]\nE       \t(No symbol) [0x00007FF7C3D002F3]\nE       \t(No symbol) [0x00007FF7C3CD7A03]\nE       \t(No symbol) [0x00007FF7C3CA06D0]\nE       \t(No symbol) [0x00007FF7C3CA1983]\nE       \tGetHandleVerifier [0x00007FF7C41C67CD+3579853]\nE       \tGetHandleVerifier [0x00007FF7C41DD1D2+3672530]\nE       \tGetHandleVerifier [0x00007FF7C41D2153+3627347]\nE       \tGetHandleVerifier [0x00007FF7C3F3092A+868650]\nE       \t(No symbol) [0x00007FF7C3DD2FFF]\nE       \t(No symbol) [0x00007FF7C3DCF4A4]\nE       \t(No symbol) [0x00007FF7C3DCF646]\nE       \t(No symbol) [0x00007FF7C3DBEAA9]\nE       \tBaseThreadInitThunk [0x00007FF81542E8D7+23]\nE       \tRtlUserThreadStart [0x00007FF816A1BF6C+44]\n\nC:\\Users\\GB\\AppData\\Local\\Programs\\Python\\Python312\\Lib\\site-packages\\selenium\\webdriver\\remote\\errorhandler.py:232: ElementClickInterceptedException\n\n----------------------------- Captured stdout call -----------------------------\n\u274c test_team_020 - Message: element click intercepted: Element &amp;lt;button class=&amp;quot;cursor-pointer inline-flex items-center justify-center gap-2 whitespace-nowrap rounded-md font-medium ring-offset-background transition-colors focus-visible:outline-none focus-visible:ring-2 focus-visible:ring-ring focus-visible:ring-offset-2 disabled:pointer-events-none disabled:opacity-50 [&amp;amp;amp;_svg]:pointer-events-none [&amp;amp;amp;_svg]:size-4 [&amp;amp;amp;_svg]:shrink-0 bg-main text-white hover:bg-main/90 h-10 px-4 py-2&amp;quot; type=&amp;quot;submit&amp;quot;&amp;gt;...&amp;lt;/button&amp;gt; is not clickable at point (769, 556). Other element would receive the click: &amp;lt;div class=&amp;quot;flex-1 overflow-auto&amp;quot;&amp;gt;...&amp;lt;/div&amp;gt;\n  (Session info: chrome=134.0.6998.178)\nStacktrace:\n\tGetHandleVerifier [0x00007FF7C4164C25+3179557]\n\t(No symbol) [0x00007FF7C3DC88A0]\n\t(No symbol) [0x00007FF7C3C591CA]\n\t(No symbol) [0x00007FF7C3CB7929]\n\t(No symbol) [0x00007FF7C3CB52E2]\n\t(No symbol) [0x00007FF7C3CB2381]\n\t(No symbol) [0x00007FF7C3CB1281]\n\t(No symbol) [0x00007FF7C3CA2DD6]\n\t(No symbol) [0x00007FF7C3CD7C2A]\n\t(No symbol) [0x00007FF7C3CA22D6]\n\t(No symbol) [0x00007FF7C3CD7E40]\n\t(No symbol) [0x00007FF7C3D002F3]\n\t(No symbol) [0x00007FF7C3CD7A03]\n\t(No symbol) [0x00007FF7C3CA06D0]\n\t(No symbol) [0x00007FF7C3CA1983]\n\tGetHandleVerifier [0x00007FF7C41C67CD+3579853]\n\tGetHandleVerifier [0x00007FF7C41DD1D2+3672530]\n\tGetHandleVerifier [0x00007FF7C41D2153+3627347]\n\tGetHandleVerifier [0x00007FF7C3F3092A+868650]\n\t(No symbol) [0x00007FF7C3DD2FFF]\n\t(No symbol) [0x00007FF7C3DCF4A4]\n\t(No symbol) [0x00007FF7C3DCF646]\n\t(No symbol) [0x00007FF7C3DBEAA9]\n\tBaseThreadInitThunk [0x00007FF81542E8D7+23]\n\tRtlUserThreadStart [0x00007FF816A1BF6C+44]\n\n\ud83d\udcf8 \uc2a4\ud06c\ub9b0\uc0f7 \uc800\uc7a5: C:\\Users\\GB\\Desktop\\KHY\\REPOS\\eliceproject_qa04\\reports\\screenshots\\test_team_020_20250402_160512.png\n\n------------------------------ Captured log call -------------------------------\nERROR    src.utils.log_util:log_util.py:50 \u274c test_team_020 - Message: element click intercepted: Element &amp;lt;button class=&amp;quot;cursor-pointer inline-flex items-center justify-center gap-2 whitespace-nowrap rounded-md font-medium ring-offset-background transition-colors focus-visible:outline-none focus-visible:ring-2 focus-visible:ring-ring focus-visible:ring-offset-2 disabled:pointer-events-none disabled:opacity-50 [&amp;amp;amp;_svg]:pointer-events-none [&amp;amp;amp;_svg]:size-4 [&amp;amp;amp;_svg]:shrink-0 bg-main text-white hover:bg-main/90 h-10 px-4 py-2&amp;quot; type=&amp;quot;submit&amp;quot;&amp;gt;...&amp;lt;/button&amp;gt; is not clickable at point (769, 556). Other element would receive the click: &amp;lt;div class=&amp;quot;flex-1 overflow-auto&amp;quot;&amp;gt;...&amp;lt;/div&amp;gt;\n  (Session info: chrome=134.0.6998.178)\nStacktrace:\n\tGetHandleVerifier [0x00007FF7C4164C25+3179557]\n\t(No symbol) [0x00007FF7C3DC88A0]\n\t(No symbol) [0x00007FF7C3C591CA]\n\t(No symbol) [0x00007FF7C3CB7929]\n\t(No symbol) [0x00007FF7C3CB52E2]\n\t(No symbol) [0x00007FF7C3CB2381]\n\t(No symbol) [0x00007FF7C3CB1281]\n\t(No symbol) [0x00007FF7C3CA2DD6]\n\t(No symbol) [0x00007FF7C3CD7C2A]\n\t(No symbol) [0x00007FF7C3CA22D6]\n\t(No symbol) [0x00007FF7C3CD7E40]\n\t(No symbol) [0x00007FF7C3D002F3]\n\t(No symbol) [0x00007FF7C3CD7A03]\n\t(No symbol) [0x00007FF7C3CA06D0]\n\t(No symbol) [0x00007FF7C3CA1983]\n\tGetHandleVerifier [0x00007FF7C41C67CD+3579853]\n\tGetHandleVerifier [0x00007FF7C41DD1D2+3672530]\n\tGetHandleVerifier [0x00007FF7C41D2153+3627347]\n\tGetHandleVerifier [0x00007FF7C3F3092A+868650]\n\t(No symbol) [0x00007FF7C3DD2FFF]\n\t(No symbol) [0x00007FF7C3DCF4A4]\n\t(No symbol) [0x00007FF7C3DCF646]\n\t(No symbol) [0x00007FF7C3DBEAA9]\n\tBaseThreadInitThunk [0x00007FF81542E8D7+23]\n\tRtlUserThreadStart [0x00007FF816A1BF6C+44]\n\n&#34;}], &#34;tests/test_team_feed_page.py::TestTeamFeedPage::test_team_021&#34;: [{&#34;extras&#34;: [], &#34;result&#34;: &#34;Passed&#34;, &#34;testId&#34;: &#34;tests/test_team_feed_page.py::TestTeamFeedPage::test_team_021&#34;, &#34;duration&#34;: &#34;00:00:11&#34;, &#34;resultsTableRow&#34;: [&#34;&lt;td class=\&#34;col-result\&#34;&gt;Passed&lt;/td&gt;&#34;, &#34;&lt;td class=\&#34;col-testId\&#34;&gt;tests/test_team_feed_page.py::TestTeamFeedPage::test_team_021&lt;/td&gt;&#34;, &#34;&lt;td class=\&#34;col-duration\&#34;&gt;00:00:11&lt;/td&gt;&#34;, &#34;&lt;td class=\&#34;col-links\&#34;&gt;&lt;/td&gt;&#34;], &#34;log&#34;: &#34;----------------------------- Captured stdout call -----------------------------\n\u2705 \ube44\uc120\ud638 \ud14d\uc2a4\ud2b8 - Error Alert Text\uac00 \uc815\uc0c1 \uc81c\uacf5\ub418\uc5c8\uc2b5\ub2c8\ub2e4.\n\u2705 \ube44\uc120\ud638 \ud14d\uc2a4\ud2b8 - Error Alert Text \ubb38\uad6c\uac00 \uc2a4\ud399\uacfc \uc77c\uce58\ud569\ub2c8\ub2e4.\n\u2705 test_team_021 \uc131\uacf5\n\n------------------------------ Captured log call -------------------------------\nINFO     src.utils.log_util:log_util.py:41 \u2705 test_team_021 \uc131\uacf5\n\n&#34;}], &#34;tests/test_team_feed_page.py::TestTeamFeedPage::test_team_022&#34;: [{&#34;extras&#34;: [], &#34;result&#34;: &#34;Passed&#34;, &#34;testId&#34;: &#34;tests/test_team_feed_page.py::TestTeamFeedPage::test_team_022&#34;, &#34;duration&#34;: &#34;00:00:15&#34;, &#34;resultsTableRow&#34;: [&#34;&lt;td class=\&#34;col-result\&#34;&gt;Passed&lt;/td&gt;&#34;, &#34;&lt;td class=\&#34;col-testId\&#34;&gt;tests/test_team_feed_page.py::TestTeamFeedPage::test_team_022&lt;/td&gt;&#34;, &#34;&lt;td class=\&#34;col-duration\&#34;&gt;00:00:15&lt;/td&gt;&#34;, &#34;&lt;td class=\&#34;col-links\&#34;&gt;&lt;/td&gt;&#34;], &#34;log&#34;: &#34;----------------------------- Captured stdout call -----------------------------\n\u2705 \uc120\ud638 \ud14d\uc2a4\ud2b8 - Error Alert Text\uac00 \uc815\uc0c1 \uc81c\uacf5\ub418\uc5c8\uc2b5\ub2c8\ub2e4.\n\u2705 \uc120\ud638 \ud14d\uc2a4\ud2b8 - Error Alert Text \ubb38\uad6c\uac00 \uc2a4\ud399\uacfc \uc77c\uce58\ud569\ub2c8\ub2e4.\n\u2705 \ube44\uc120\ud638 \ud14d\uc2a4\ud2b8 - Error Alert Text\uac00 \uc815\uc0c1 \uc81c\uacf5\ub418\uc5c8\uc2b5\ub2c8\ub2e4.\n\u2705 \ube44\uc120\ud638 \ud14d\uc2a4\ud2b8 - Error Alert Text \ubb38\uad6c\uac00 \uc2a4\ud399\uacfc \uc77c\uce58\ud569\ub2c8\ub2e4.\n\u2705 test_team_022 \uc131\uacf5\n\n------------------------------ Captured log call -------------------------------\nINFO     src.utils.log_util:log_util.py:41 \u2705 test_team_022 \uc131\uacf5\n\n&#34;}], &#34;tests/test_team_feed_page.py::TestTeamFeedPage::test_team_028&#34;: [{&#34;extras&#34;: [], &#34;result&#34;: &#34;Passed&#34;, &#34;testId&#34;: &#34;tests/test_team_feed_page.py::TestTeamFeedPage::test_team_028&#34;, &#34;duration&#34;: &#34;00:00:12&#34;, &#34;resultsTableRow&#34;: [&#34;&lt;td class=\&#34;col-result\&#34;&gt;Passed&lt;/td&gt;&#34;, &#34;&lt;td class=\&#34;col-testId\&#34;&gt;tests/test_team_feed_page.py::TestTeamFeedPage::test_team_028&lt;/td&gt;&#34;, &#34;&lt;td class=\&#34;col-duration\&#34;&gt;00:00:12&lt;/td&gt;&#34;, &#34;&lt;td class=\&#34;col-links\&#34;&gt;&lt;/td&gt;&#34;], &#34;log&#34;: &#34;----------------------------- Captured stdout call -----------------------------\n\u2705 \uc120\ud0dd\ud55c \ud56d\ubaa9\uacfc \uc2dd\uc0ac \uc720\ud615\uc774 \uc77c\uce58\ud569\ub2c8\ub2e4.\n\u2705 \uc120\ud0dd\ud55c \ud56d\ubaa9\uacfc \uba54\ub274\uba85\uc774 \uc77c\uce58\ud569\ub2c8\ub2e4.\n&#34;}]}, &#34;renderCollapsed&#34;: [&#34;passed&#34;], &#34;initialSort&#34;: &#34;result&#34;, &#34;title&#34;: &#34;pytest_250402.html&#34;}"></div>
    <script>
      (function(){function r(e,n,t){function o(i,f){if(!n[i]){if(!e[i]){var c="function"==typeof require&&require;if(!f&&c)return c(i,!0);if(u)return u(i,!0);var a=new Error("Cannot find module '"+i+"'");throw a.code="MODULE_NOT_FOUND",a}var p=n[i]={exports:{}};e[i][0].call(p.exports,function(r){var n=e[i][1][r];return o(n||r)},p,p.exports,r,e,n,t)}return n[i].exports}for(var u="function"==typeof require&&require,i=0;i<t.length;i++)o(t[i]);return o}return r})()({1:[function(require,module,exports){
const { getCollapsedCategory, setCollapsedIds } = require('./storage.js')

class DataManager {
    setManager(data) {
        const collapsedCategories = [...getCollapsedCategory(data.renderCollapsed)]
        const collapsedIds = []
        const tests = Object.values(data.tests).flat().map((test, index) => {
            const collapsed = collapsedCategories.includes(test.result.toLowerCase())
            const id = `test_${index}`
            if (collapsed) {
                collapsedIds.push(id)
            }
            return {
                ...test,
                id,
                collapsed,
            }
        })
        const dataBlob = { ...data, tests }
        this.data = { ...dataBlob }
        this.renderData = { ...dataBlob }
        setCollapsedIds(collapsedIds)
    }

    get allData() {
        return { ...this.data }
    }

    resetRender() {
        this.renderData = { ...this.data }
    }

    setRender(data) {
        this.renderData.tests = [...data]
    }

    toggleCollapsedItem(id) {
        this.renderData.tests = this.renderData.tests.map((test) =>
            test.id === id ? { ...test, collapsed: !test.collapsed } : test,
        )
    }

    set allCollapsed(collapsed) {
        this.renderData = { ...this.renderData, tests: [...this.renderData.tests.map((test) => (
            { ...test, collapsed }
        ))] }
    }

    get testSubset() {
        return [...this.renderData.tests]
    }

    get environment() {
        return this.renderData.environment
    }

    get initialSort() {
        return this.data.initialSort
    }
}

module.exports = {
    manager: new DataManager(),
}

},{"./storage.js":8}],2:[function(require,module,exports){
const mediaViewer = require('./mediaviewer.js')
const templateEnvRow = document.getElementById('template_environment_row')
const templateResult = document.getElementById('template_results-table__tbody')

function htmlToElements(html) {
    const temp = document.createElement('template')
    temp.innerHTML = html
    return temp.content.childNodes
}

const find = (selector, elem) => {
    if (!elem) {
        elem = document
    }
    return elem.querySelector(selector)
}

const findAll = (selector, elem) => {
    if (!elem) {
        elem = document
    }
    return [...elem.querySelectorAll(selector)]
}

const dom = {
    getStaticRow: (key, value) => {
        const envRow = templateEnvRow.content.cloneNode(true)
        const isObj = typeof value === 'object' && value !== null
        const values = isObj ? Object.keys(value).map((k) => `${k}: ${value[k]}`) : null

        const valuesElement = htmlToElements(
            values ? `<ul>${values.map((val) => `<li>${val}</li>`).join('')}<ul>` : `<div>${value}</div>`)[0]
        const td = findAll('td', envRow)
        td[0].textContent = key
        td[1].appendChild(valuesElement)

        return envRow
    },
    getResultTBody: ({ testId, id, log, extras, resultsTableRow, tableHtml, result, collapsed }) => {
        const resultBody = templateResult.content.cloneNode(true)
        resultBody.querySelector('tbody').classList.add(result.toLowerCase())
        resultBody.querySelector('tbody').id = testId
        resultBody.querySelector('.collapsible').dataset.id = id

        resultsTableRow.forEach((html) => {
            const t = document.createElement('template')
            t.innerHTML = html
            resultBody.querySelector('.collapsible').appendChild(t.content)
        })

        if (log) {
            // Wrap lines starting with "E" with span.error to color those lines red
            const wrappedLog = log.replace(/^E.*$/gm, (match) => `<span class="error">${match}</span>`)
            resultBody.querySelector('.log').innerHTML = wrappedLog
        } else {
            resultBody.querySelector('.log').remove()
        }

        if (collapsed) {
            resultBody.querySelector('.collapsible > td')?.classList.add('collapsed')
            resultBody.querySelector('.extras-row').classList.add('hidden')
        } else {
            resultBody.querySelector('.collapsible > td')?.classList.remove('collapsed')
        }

        const media = []
        extras?.forEach(({ name, format_type, content }) => {
            if (['image', 'video'].includes(format_type)) {
                media.push({ path: content, name, format_type })
            }

            if (format_type === 'html') {
                resultBody.querySelector('.extraHTML').insertAdjacentHTML('beforeend', `<div>${content}</div>`)
            }
        })
        mediaViewer.setup(resultBody, media)

        // Add custom html from the pytest_html_results_table_html hook
        tableHtml?.forEach((item) => {
            resultBody.querySelector('td[class="extra"]').insertAdjacentHTML('beforeend', item)
        })

        return resultBody
    },
}

module.exports = {
    dom,
    htmlToElements,
    find,
    findAll,
}

},{"./mediaviewer.js":6}],3:[function(require,module,exports){
const { manager } = require('./datamanager.js')
const { doSort } = require('./sort.js')
const storageModule = require('./storage.js')

const getFilteredSubSet = (filter) =>
    manager.allData.tests.filter(({ result }) => filter.includes(result.toLowerCase()))

const doInitFilter = () => {
    const currentFilter = storageModule.getVisible()
    const filteredSubset = getFilteredSubSet(currentFilter)
    manager.setRender(filteredSubset)
}

const doFilter = (type, show) => {
    if (show) {
        storageModule.showCategory(type)
    } else {
        storageModule.hideCategory(type)
    }

    const currentFilter = storageModule.getVisible()
    const filteredSubset = getFilteredSubSet(currentFilter)
    manager.setRender(filteredSubset)

    const sortColumn = storageModule.getSort()
    doSort(sortColumn, true)
}

module.exports = {
    doFilter,
    doInitFilter,
}

},{"./datamanager.js":1,"./sort.js":7,"./storage.js":8}],4:[function(require,module,exports){
const { redraw, bindEvents, renderStatic } = require('./main.js')
const { doInitFilter } = require('./filter.js')
const { doInitSort } = require('./sort.js')
const { manager } = require('./datamanager.js')
const data = JSON.parse(document.getElementById('data-container').dataset.jsonblob)

function init() {
    manager.setManager(data)
    doInitFilter()
    doInitSort()
    renderStatic()
    redraw()
    bindEvents()
}

init()

},{"./datamanager.js":1,"./filter.js":3,"./main.js":5,"./sort.js":7}],5:[function(require,module,exports){
const { dom, find, findAll } = require('./dom.js')
const { manager } = require('./datamanager.js')
const { doSort } = require('./sort.js')
const { doFilter } = require('./filter.js')
const {
    getVisible,
    getCollapsedIds,
    setCollapsedIds,
    getSort,
    getSortDirection,
    possibleFilters,
} = require('./storage.js')

const removeChildren = (node) => {
    while (node.firstChild) {
        node.removeChild(node.firstChild)
    }
}

const renderStatic = () => {
    const renderEnvironmentTable = () => {
        const environment = manager.environment
        const rows = Object.keys(environment).map((key) => dom.getStaticRow(key, environment[key]))
        const table = document.getElementById('environment')
        removeChildren(table)
        rows.forEach((row) => table.appendChild(row))
    }
    renderEnvironmentTable()
}

const addItemToggleListener = (elem) => {
    elem.addEventListener('click', ({ target }) => {
        const id = target.parentElement.dataset.id
        manager.toggleCollapsedItem(id)

        const collapsedIds = getCollapsedIds()
        if (collapsedIds.includes(id)) {
            const updated = collapsedIds.filter((item) => item !== id)
            setCollapsedIds(updated)
        } else {
            collapsedIds.push(id)
            setCollapsedIds(collapsedIds)
        }
        redraw()
    })
}

const renderContent = (tests) => {
    const sortAttr = getSort(manager.initialSort)
    const sortAsc = JSON.parse(getSortDirection())
    const rows = tests.map(dom.getResultTBody)
    const table = document.getElementById('results-table')
    const tableHeader = document.getElementById('results-table-head')

    const newTable = document.createElement('table')
    newTable.id = 'results-table'

    // remove all sorting classes and set the relevant
    findAll('.sortable', tableHeader).forEach((elem) => elem.classList.remove('asc', 'desc'))
    tableHeader.querySelector(`.sortable[data-column-type="${sortAttr}"]`)?.classList.add(sortAsc ? 'desc' : 'asc')
    newTable.appendChild(tableHeader)

    if (!rows.length) {
        const emptyTable = document.getElementById('template_results-table__body--empty').content.cloneNode(true)
        newTable.appendChild(emptyTable)
    } else {
        rows.forEach((row) => {
            if (!!row) {
                findAll('.collapsible td:not(.col-links', row).forEach(addItemToggleListener)
                find('.logexpander', row).addEventListener('click',
                    (evt) => evt.target.parentNode.classList.toggle('expanded'),
                )
                newTable.appendChild(row)
            }
        })
    }

    table.replaceWith(newTable)
}

const renderDerived = () => {
    const currentFilter = getVisible()
    possibleFilters.forEach((result) => {
        const input = document.querySelector(`input[data-test-result="${result}"]`)
        input.checked = currentFilter.includes(result)
    })
}

const bindEvents = () => {
    const filterColumn = (evt) => {
        const { target: element } = evt
        const { testResult } = element.dataset

        doFilter(testResult, element.checked)
        const collapsedIds = getCollapsedIds()
        const updated = manager.renderData.tests.map((test) => {
            return {
                ...test,
                collapsed: collapsedIds.includes(test.id),
            }
        })
        manager.setRender(updated)
        redraw()
    }

    const header = document.getElementById('environment-header')
    header.addEventListener('click', () => {
        const table = document.getElementById('environment')
        table.classList.toggle('hidden')
        header.classList.toggle('collapsed')
    })

    findAll('input[name="filter_checkbox"]').forEach((elem) => {
        elem.addEventListener('click', filterColumn)
    })

    findAll('.sortable').forEach((elem) => {
        elem.addEventListener('click', (evt) => {
            const { target: element } = evt
            const { columnType } = element.dataset
            doSort(columnType)
            redraw()
        })
    })

    document.getElementById('show_all_details').addEventListener('click', () => {
        manager.allCollapsed = false
        setCollapsedIds([])
        redraw()
    })
    document.getElementById('hide_all_details').addEventListener('click', () => {
        manager.allCollapsed = true
        const allIds = manager.renderData.tests.map((test) => test.id)
        setCollapsedIds(allIds)
        redraw()
    })
}

const redraw = () => {
    const { testSubset } = manager

    renderContent(testSubset)
    renderDerived()
}

module.exports = {
    redraw,
    bindEvents,
    renderStatic,
}

},{"./datamanager.js":1,"./dom.js":2,"./filter.js":3,"./sort.js":7,"./storage.js":8}],6:[function(require,module,exports){
class MediaViewer {
    constructor(assets) {
        this.assets = assets
        this.index = 0
    }

    nextActive() {
        this.index = this.index === this.assets.length - 1 ? 0 : this.index + 1
        return [this.activeFile, this.index]
    }

    prevActive() {
        this.index = this.index === 0 ? this.assets.length - 1 : this.index -1
        return [this.activeFile, this.index]
    }

    get currentIndex() {
        return this.index
    }

    get activeFile() {
        return this.assets[this.index]
    }
}


const setup = (resultBody, assets) => {
    if (!assets.length) {
        resultBody.querySelector('.media').classList.add('hidden')
        return
    }

    const mediaViewer = new MediaViewer(assets)
    const container = resultBody.querySelector('.media-container')
    const leftArrow = resultBody.querySelector('.media-container__nav--left')
    const rightArrow = resultBody.querySelector('.media-container__nav--right')
    const mediaName = resultBody.querySelector('.media__name')
    const counter = resultBody.querySelector('.media__counter')
    const imageEl = resultBody.querySelector('img')
    const sourceEl = resultBody.querySelector('source')
    const videoEl = resultBody.querySelector('video')

    const setImg = (media, index) => {
        if (media?.format_type === 'image') {
            imageEl.src = media.path

            imageEl.classList.remove('hidden')
            videoEl.classList.add('hidden')
        } else if (media?.format_type === 'video') {
            sourceEl.src = media.path

            videoEl.classList.remove('hidden')
            imageEl.classList.add('hidden')
        }

        mediaName.innerText = media?.name
        counter.innerText = `${index + 1} / ${assets.length}`
    }
    setImg(mediaViewer.activeFile, mediaViewer.currentIndex)

    const moveLeft = () => {
        const [media, index] = mediaViewer.prevActive()
        setImg(media, index)
    }
    const doRight = () => {
        const [media, index] = mediaViewer.nextActive()
        setImg(media, index)
    }
    const openImg = () => {
        window.open(mediaViewer.activeFile.path, '_blank')
    }
    if (assets.length === 1) {
        container.classList.add('media-container--fullscreen')
    } else {
        leftArrow.addEventListener('click', moveLeft)
        rightArrow.addEventListener('click', doRight)
    }
    imageEl.addEventListener('click', openImg)
}

module.exports = {
    setup,
}

},{}],7:[function(require,module,exports){
const { manager } = require('./datamanager.js')
const storageModule = require('./storage.js')

const genericSort = (list, key, ascending, customOrder) => {
    let sorted
    if (customOrder) {
        sorted = list.sort((a, b) => {
            const aValue = a.result.toLowerCase()
            const bValue = b.result.toLowerCase()

            const aIndex = customOrder.findIndex((item) => item.toLowerCase() === aValue)
            const bIndex = customOrder.findIndex((item) => item.toLowerCase() === bValue)

            // Compare the indices to determine the sort order
            return aIndex - bIndex
        })
    } else {
        sorted = list.sort((a, b) => a[key] === b[key] ? 0 : a[key] > b[key] ? 1 : -1)
    }

    if (ascending) {
        sorted.reverse()
    }
    return sorted
}

const durationSort = (list, ascending) => {
    const parseDuration = (duration) => {
        if (duration.includes(':')) {
            // If it's in the format "HH:mm:ss"
            const [hours, minutes, seconds] = duration.split(':').map(Number)
            return (hours * 3600 + minutes * 60 + seconds) * 1000
        } else {
            // If it's in the format "nnn ms"
            return parseInt(duration)
        }
    }
    const sorted = list.sort((a, b) => parseDuration(a['duration']) - parseDuration(b['duration']))
    if (ascending) {
        sorted.reverse()
    }
    return sorted
}

const doInitSort = () => {
    const type = storageModule.getSort(manager.initialSort)
    const ascending = storageModule.getSortDirection()
    const list = manager.testSubset
    const initialOrder = ['Error', 'Failed', 'Rerun', 'XFailed', 'XPassed', 'Skipped', 'Passed']

    storageModule.setSort(type)
    storageModule.setSortDirection(ascending)

    if (type?.toLowerCase() === 'original') {
        manager.setRender(list)
    } else {
        let sortedList
        switch (type) {
        case 'duration':
            sortedList = durationSort(list, ascending)
            break
        case 'result':
            sortedList = genericSort(list, type, ascending, initialOrder)
            break
        default:
            sortedList = genericSort(list, type, ascending)
            break
        }
        manager.setRender(sortedList)
    }
}

const doSort = (type, skipDirection) => {
    const newSortType = storageModule.getSort(manager.initialSort) !== type
    const currentAsc = storageModule.getSortDirection()
    let ascending
    if (skipDirection) {
        ascending = currentAsc
    } else {
        ascending = newSortType ? false : !currentAsc
    }
    storageModule.setSort(type)
    storageModule.setSortDirection(ascending)

    const list = manager.testSubset
    const sortedList = type === 'duration' ? durationSort(list, ascending) : genericSort(list, type, ascending)
    manager.setRender(sortedList)
}

module.exports = {
    doInitSort,
    doSort,
}

},{"./datamanager.js":1,"./storage.js":8}],8:[function(require,module,exports){
const possibleFilters = [
    'passed',
    'skipped',
    'failed',
    'error',
    'xfailed',
    'xpassed',
    'rerun',
]

const getVisible = () => {
    const url = new URL(window.location.href)
    const settings = new URLSearchParams(url.search).get('visible')
    const lower = (item) => {
        const lowerItem = item.toLowerCase()
        if (possibleFilters.includes(lowerItem)) {
            return lowerItem
        }
        return null
    }
    return settings === null ?
        possibleFilters :
        [...new Set(settings?.split(',').map(lower).filter((item) => item))]
}

const hideCategory = (categoryToHide) => {
    const url = new URL(window.location.href)
    const visibleParams = new URLSearchParams(url.search).get('visible')
    const currentVisible = visibleParams ? visibleParams.split(',') : [...possibleFilters]
    const settings = [...new Set(currentVisible)].filter((f) => f !== categoryToHide).join(',')

    url.searchParams.set('visible', settings)
    window.history.pushState({}, null, unescape(url.href))
}

const showCategory = (categoryToShow) => {
    if (typeof window === 'undefined') {
        return
    }
    const url = new URL(window.location.href)
    const currentVisible = new URLSearchParams(url.search).get('visible')?.split(',').filter(Boolean) ||
        [...possibleFilters]
    const settings = [...new Set([categoryToShow, ...currentVisible])]
    const noFilter = possibleFilters.length === settings.length || !settings.length

    noFilter ? url.searchParams.delete('visible') : url.searchParams.set('visible', settings.join(','))
    window.history.pushState({}, null, unescape(url.href))
}

const getSort = (initialSort) => {
    const url = new URL(window.location.href)
    let sort = new URLSearchParams(url.search).get('sort')
    if (!sort) {
        sort = initialSort || 'result'
    }
    return sort
}

const setSort = (type) => {
    const url = new URL(window.location.href)
    url.searchParams.set('sort', type)
    window.history.pushState({}, null, unescape(url.href))
}

const getCollapsedCategory = (renderCollapsed) => {
    let categories
    if (typeof window !== 'undefined') {
        const url = new URL(window.location.href)
        const collapsedItems = new URLSearchParams(url.search).get('collapsed')
        switch (true) {
        case !renderCollapsed && collapsedItems === null:
            categories = ['passed']
            break
        case collapsedItems?.length === 0 || /^["']{2}$/.test(collapsedItems):
            categories = []
            break
        case /^all$/.test(collapsedItems) || collapsedItems === null && /^all$/.test(renderCollapsed):
            categories = [...possibleFilters]
            break
        default:
            categories = collapsedItems?.split(',').map((item) => item.toLowerCase()) || renderCollapsed
            break
        }
    } else {
        categories = []
    }
    return categories
}

const getSortDirection = () => JSON.parse(sessionStorage.getItem('sortAsc')) || false
const setSortDirection = (ascending) => sessionStorage.setItem('sortAsc', ascending)

const getCollapsedIds = () => JSON.parse(sessionStorage.getItem('collapsedIds')) || []
const setCollapsedIds = (list) => sessionStorage.setItem('collapsedIds', JSON.stringify(list))

module.exports = {
    getVisible,
    hideCategory,
    showCategory,
    getCollapsedIds,
    setCollapsedIds,
    getSort,
    setSort,
    getSortDirection,
    setSortDirection,
    getCollapsedCategory,
    possibleFilters,
}

},{}]},{},[4]);
    </script>
  </footer>
</html>